PostgreSQL Hammerdb Time Profile Report @ Sun Jun 08 16:34:28 BST 2025
+-+-+-+-+-+-+-+-+-+-+-+-+-+-+-+-+-+-+-+-+-+-+-+-+-+-+-+-+-+-+-+-+-+-+-+-+-+
>>>>> VIRTUAL USER 2 : ELAPSED TIME : 604100ms
>>>>> PROC: NEWORD
CALLS: 53401	MIN: 0.633ms	AVG: 6.573ms	MAX: 8492.063ms	TOTAL: 351025.620ms
P99: 64.131ms	P95: 9.516ms	P50: 3.035ms	SD: 744597.841	RATIO: 58.107%
>>>>> PROC: PAYMENT
CALLS: 53404	MIN: 0.290ms	AVG: 3.139ms	MAX: 2627.634ms	TOTAL: 167624.901ms
P99: 49.853ms	P95: 4.604ms	P50: 1.199ms	SD: 305327.894	RATIO: 27.748%
>>>>> PROC: DELIVERY
CALLS: 5423	MIN: 1.167ms	AVG: 9.481ms	MAX: 2131.625ms	TOTAL: 51413.159ms
P99: 73.102ms	P95: 19.031ms	P50: 4.939ms	SD: 384012.627	RATIO: 8.511%
>>>>> PROC: SLEV
CALLS: 5316	MIN: 0.560ms	AVG: 4.646ms	MAX: 418.898ms	TOTAL: 24699.614ms
P99: 28.960ms	P95: 20.781ms	P50: 1.814ms	SD: 90115.676	RATIO: 4.089%
>>>>> PROC: OSTAT
CALLS: 5336	MIN: 0.180ms	AVG: 0.697ms	MAX: 106.257ms	TOTAL: 3719.664ms
P99: 1.567ms	P95: 1.167ms	P50: 0.548ms	SD: 22267.510	RATIO: 0.616%
+-+-+-+-+-+-+-+-+-+-+-+-+-+-+-+-+-+-+-+-+-+-+-+-+-+-+-+-+-+-+-+-+-+-+-+-+-+
>>>>> VIRTUAL USER 3 : ELAPSED TIME : 603769ms
>>>>> PROC: NEWORD
CALLS: 51179	MIN: 0.667ms	AVG: 6.553ms	MAX: 8597.469ms	TOTAL: 335380.727ms
P99: 63.851ms	P95: 9.640ms	P50: 3.066ms	SD: 697962.224	RATIO: 55.548%
>>>>> PROC: PAYMENT
CALLS: 51110	MIN: 0.289ms	AVG: 3.205ms	MAX: 2625.675ms	TOTAL: 163807.193ms
P99: 50.991ms	P95: 4.823ms	P50: 1.181ms	SD: 288372.429	RATIO: 27.131%
>>>>> PROC: DELIVERY
CALLS: 5072	MIN: 1.630ms	AVG: 11.042ms	MAX: 8492.208ms	TOTAL: 56006.588ms
P99: 74.938ms	P95: 21.498ms	P50: 5.278ms	SD: 1210881.607	RATIO: 9.276%
>>>>> PROC: SLEV
CALLS: 5256	MIN: 0.802ms	AVG: 7.562ms	MAX: 3824.262ms	TOTAL: 39743.617ms
P99: 34.841ms	P95: 21.734ms	P50: 1.984ms	SD: 895344.012	RATIO: 6.583%
>>>>> PROC: OSTAT
CALLS: 5143	MIN: 0.201ms	AVG: 0.716ms	MAX: 242.573ms	TOTAL: 3684.239ms
P99: 1.584ms	P95: 1.159ms	P50: 0.535ms	SD: 36946.906	RATIO: 0.610%
+-+-+-+-+-+-+-+-+-+-+-+-+-+-+-+-+-+-+-+-+-+-+-+-+-+-+-+-+-+-+-+-+-+-+-+-+-+
>>>>> VIRTUAL USER 4 : ELAPSED TIME : 601231ms
>>>>> PROC: NEWORD
CALLS: 50515	MIN: 0.779ms	AVG: 6.321ms	MAX: 8399.381ms	TOTAL: 319309.127ms
P99: 63.801ms	P95: 9.405ms	P50: 3.044ms	SD: 627663.593	RATIO: 53.109%
>>>>> PROC: PAYMENT
CALLS: 50082	MIN: 0.377ms	AVG: 3.255ms	MAX: 2625.651ms	TOTAL: 162998.242ms
P99: 51.020ms	P95: 4.708ms	P50: 1.149ms	SD: 314762.289	RATIO: 27.111%
>>>>> PROC: DELIVERY
CALLS: 4873	MIN: 1.790ms	AVG: 11.649ms	MAX: 7791.470ms	TOTAL: 56766.586ms
P99: 80.983ms	P95: 23.354ms	P50: 5.428ms	SD: 1148948.754	RATIO: 9.442%
>>>>> PROC: SLEV
CALLS: 5061	MIN: 0.583ms	AVG: 10.593ms	MAX: 9332.931ms	TOTAL: 53609.578ms
P99: 34.234ms	P95: 22.013ms	P50: 1.937ms	SD: 1705642.486	RATIO: 8.917%
>>>>> PROC: OSTAT
CALLS: 5181	MIN: 0.188ms	AVG: 0.657ms	MAX: 220.115ms	TOTAL: 3405.779ms
P99: 1.534ms	P95: 1.107ms	P50: 0.516ms	SD: 30626.350	RATIO: 0.566%
+-+-+-+-+-+-+-+-+-+-+-+-+-+-+-+-+-+-+-+-+-+-+-+-+-+-+-+-+-+-+-+-+-+-+-+-+-+
>>>>> VIRTUAL USER 5 : ELAPSED TIME : 601046ms
>>>>> PROC: NEWORD
CALLS: 52118	MIN: 0.874ms	AVG: 6.441ms	MAX: 8496.464ms	TOTAL: 335711.569ms
P99: 63.026ms	P95: 9.337ms	P50: 3.038ms	SD: 734497.573	RATIO: 55.855%
>>>>> PROC: PAYMENT
CALLS: 51854	MIN: 0.359ms	AVG: 3.313ms	MAX: 3437.698ms	TOTAL: 171802.754ms
P99: 50.988ms	P95: 4.812ms	P50: 1.207ms	SD: 338043.663	RATIO: 28.584%
>>>>> PROC: DELIVERY
CALLS: 5091	MIN: 1.742ms	AVG: 10.586ms	MAX: 2126.109ms	TOTAL: 53894.572ms
P99: 83.061ms	P95: 27.776ms	P50: 5.306ms	SD: 424751.867	RATIO: 8.967%
>>>>> PROC: SLEV
CALLS: 5094	MIN: 0.639ms	AVG: 5.911ms	MAX: 3761.855ms	TOTAL: 30108.149ms
P99: 31.385ms	P95: 20.739ms	P50: 1.976ms	SD: 535343.778	RATIO: 5.009%
>>>>> PROC: OSTAT
CALLS: 5139	MIN: 0.223ms	AVG: 0.785ms	MAX: 497.363ms	TOTAL: 4033.812ms
P99: 1.621ms	P95: 1.142ms	P50: 0.553ms	SD: 71454.096	RATIO: 0.671%
+-+-+-+-+-+-+-+-+-+-+-+-+-+-+-+-+-+-+-+-+-+-+-+-+-+-+-+-+-+-+-+-+-+-+-+-+-+
>>>>> VIRTUAL USER 6 : ELAPSED TIME : 601077ms
>>>>> PROC: NEWORD
CALLS: 50736	MIN: 0.844ms	AVG: 6.689ms	MAX: 8400.201ms	TOTAL: 339351.418ms
P99: 65.228ms	P95: 9.897ms	P50: 3.170ms	SD: 604620.074	RATIO: 56.457%
>>>>> PROC: PAYMENT
CALLS: 50761	MIN: 0.426ms	AVG: 3.215ms	MAX: 4680.868ms	TOTAL: 163214.270ms
P99: 52.066ms	P95: 4.876ms	P50: 1.244ms	SD: 330733.493	RATIO: 27.154%
>>>>> PROC: DELIVERY
CALLS: 5128	MIN: 1.938ms	AVG: 11.731ms	MAX: 7782.926ms	TOTAL: 60154.296ms
P99: 78.030ms	P95: 23.098ms	P50: 5.154ms	SD: 1180873.268	RATIO: 10.008%
>>>>> PROC: SLEV
CALLS: 5060	MIN: 0.604ms	AVG: 5.808ms	MAX: 2491.064ms	TOTAL: 29386.608ms
P99: 31.956ms	P95: 22.763ms	P50: 1.781ms	SD: 365670.771	RATIO: 4.889%
>>>>> PROC: OSTAT
CALLS: 5051	MIN: 0.205ms	AVG: 0.681ms	MAX: 31.163ms	TOTAL: 3440.090ms
P99: 1.564ms	P95: 1.192ms	P50: 0.569ms	SD: 6906.257	RATIO: 0.572%
+-+-+-+-+-+-+-+-+-+-+-+-+-+-+-+-+-+-+-+-+-+-+-+-+-+-+-+-+-+-+-+-+-+-+-+-+-+
>>>>> VIRTUAL USER 7 : ELAPSED TIME : 600596ms
>>>>> PROC: NEWORD
CALLS: 51710	MIN: 0.861ms	AVG: 6.597ms	MAX: 8111.115ms	TOTAL: 341144.937ms
P99: 63.787ms	P95: 9.506ms	P50: 2.968ms	SD: 738050.709	RATIO: 56.801%
>>>>> PROC: PAYMENT
CALLS: 51533	MIN: 0.394ms	AVG: 3.034ms	MAX: 3429.400ms	TOTAL: 156374.451ms
P99: 49.951ms	P95: 4.572ms	P50: 1.121ms	SD: 302572.042	RATIO: 26.037%
>>>>> PROC: DELIVERY
CALLS: 5175	MIN: 2.244ms	AVG: 9.659ms	MAX: 1611.572ms	TOTAL: 49987.703ms
P99: 75.715ms	P95: 22.513ms	P50: 5.151ms	SD: 309870.335	RATIO: 8.323%
>>>>> PROC: SLEV
CALLS: 5089	MIN: 0.844ms	AVG: 8.653ms	MAX: 3723.243ms	TOTAL: 44036.877ms
P99: 29.327ms	P95: 20.656ms	P50: 1.990ms	SD: 1095970.839	RATIO: 7.332%
>>>>> PROC: OSTAT
CALLS: 5277	MIN: 0.228ms	AVG: 0.667ms	MAX: 244.346ms	TOTAL: 3521.899ms
P99: 1.458ms	P95: 1.073ms	P50: 0.496ms	SD: 36160.276	RATIO: 0.586%
+-+-+-+-+-+-+-+-+-+-+-+-+-+-+-+-+-+-+-+-+-+-+-+-+-+-+-+-+-+-+-+-+-+-+-+-+-+
>>>>> VIRTUAL USER 8 : ELAPSED TIME : 600951ms
>>>>> PROC: NEWORD
CALLS: 51662	MIN: 0.979ms	AVG: 6.564ms	MAX: 7757.736ms	TOTAL: 339115.389ms
P99: 63.223ms	P95: 9.943ms	P50: 3.100ms	SD: 619565.947	RATIO: 56.430%
>>>>> PROC: PAYMENT
CALLS: 51583	MIN: 0.390ms	AVG: 3.162ms	MAX: 3429.359ms	TOTAL: 163107.053ms
P99: 51.281ms	P95: 4.701ms	P50: 1.184ms	SD: 298092.492	RATIO: 27.141%
>>>>> PROC: DELIVERY
CALLS: 5214	MIN: 1.644ms	AVG: 11.524ms	MAX: 8499.552ms	TOTAL: 60085.793ms
P99: 78.516ms	P95: 23.673ms	P50: 5.061ms	SD: 1214413.200	RATIO: 9.998%
>>>>> PROC: SLEV
CALLS: 5254	MIN: 0.786ms	AVG: 5.679ms	MAX: 316.678ms	TOTAL: 29835.478ms
P99: 37.280ms	P95: 22.721ms	P50: 2.079ms	SD: 126951.853	RATIO: 4.965%
>>>>> PROC: OSTAT
CALLS: 5071	MIN: 0.224ms	AVG: 0.651ms	MAX: 129.261ms	TOTAL: 3300.566ms
P99: 1.496ms	P95: 1.138ms	P50: 0.516ms	SD: 18576.921	RATIO: 0.549%
+-+-+-+-+-+-+-+-+-+-+-+-+-+-+-+-+-+-+-+-+-+-+-+-+-+-+-+-+-+-+-+-+-+-+-+-+-+
>>>>> VIRTUAL USER 9 : ELAPSED TIME : 599027ms
>>>>> PROC: NEWORD
CALLS: 51613	MIN: 0.843ms	AVG: 6.612ms	MAX: 8396.352ms	TOTAL: 341248.391ms
P99: 63.638ms	P95: 9.399ms	P50: 3.040ms	SD: 750891.990	RATIO: 56.967%
>>>>> PROC: PAYMENT
CALLS: 50852	MIN: 0.384ms	AVG: 3.307ms	MAX: 2627.632ms	TOTAL: 168161.422ms
P99: 51.482ms	P95: 4.907ms	P50: 1.214ms	SD: 290963.292	RATIO: 28.072%
>>>>> PROC: DELIVERY
CALLS: 5105	MIN: 1.712ms	AVG: 9.758ms	MAX: 3443.177ms	TOTAL: 49816.398ms
P99: 71.953ms	P95: 19.714ms	P50: 5.169ms	SD: 516491.828	RATIO: 8.316%
>>>>> PROC: SLEV
CALLS: 5074	MIN: 0.580ms	AVG: 6.026ms	MAX: 3540.429ms	TOTAL: 30576.978ms
P99: 31.987ms	P95: 21.706ms	P50: 1.994ms	SD: 503834.962	RATIO: 5.104%
>>>>> PROC: OSTAT
CALLS: 5116	MIN: 0.244ms	AVG: 0.699ms	MAX: 168.481ms	TOTAL: 3574.778ms
P99: 1.571ms	P95: 1.155ms	P50: 0.563ms	SD: 24431.193	RATIO: 0.597%
+-+-+-+-+-+-+-+-+-+-+-+-+-+-+-+-+-+-+-+-+-+-+-+-+-+-+-+-+-+-+-+-+-+-+-+-+-+
>>>>> VIRTUAL USER 10 : ELAPSED TIME : 598429ms
>>>>> PROC: NEWORD
CALLS: 50519	MIN: 1.052ms	AVG: 6.803ms	MAX: 8554.931ms	TOTAL: 343681.661ms
P99: 65.673ms	P95: 10.028ms	P50: 3.143ms	SD: 666319.983	RATIO: 57.431%
>>>>> PROC: PAYMENT
CALLS: 51272	MIN: 0.420ms	AVG: 3.141ms	MAX: 2514.773ms	TOTAL: 161066.868ms
P99: 50.703ms	P95: 4.859ms	P50: 1.219ms	SD: 254673.125	RATIO: 26.915%
>>>>> PROC: DELIVERY
CALLS: 5178	MIN: 2.036ms	AVG: 11.461ms	MAX: 7735.754ms	TOTAL: 59344.615ms
P99: 80.983ms	P95: 25.338ms	P50: 5.151ms	SD: 1105399.243	RATIO: 9.917%
>>>>> PROC: SLEV
CALLS: 5026	MIN: 0.717ms	AVG: 5.083ms	MAX: 127.606ms	TOTAL: 25545.650ms
P99: 31.430ms	P95: 22.306ms	P50: 1.891ms	SD: 77011.950	RATIO: 4.269%
>>>>> PROC: OSTAT
CALLS: 4997	MIN: 0.221ms	AVG: 0.663ms	MAX: 85.829ms	TOTAL: 3311.908ms
P99: 1.677ms	P95: 1.172ms	P50: 0.542ms	SD: 12456.311	RATIO: 0.553%
+-+-+-+-+-+-+-+-+-+-+-+-+-+-+-+-+-+-+-+-+-+-+-+-+-+-+-+-+-+-+-+-+-+-+-+-+-+
>>>>> VIRTUAL USER 11 : ELAPSED TIME : 599102ms
>>>>> PROC: NEWORD
CALLS: 49335	MIN: 0.869ms	AVG: 6.295ms	MAX: 7515.205ms	TOTAL: 310585.108ms
P99: 64.110ms	P95: 9.899ms	P50: 2.984ms	SD: 513921.839	RATIO: 51.842%
>>>>> PROC: PAYMENT
CALLS: 49407	MIN: 0.412ms	AVG: 3.105ms	MAX: 2233.468ms	TOTAL: 153425.504ms
P99: 50.716ms	P95: 4.592ms	P50: 1.143ms	SD: 265921.697	RATIO: 25.609%
>>>>> PROC: SLEV
CALLS: 5033	MIN: 0.772ms	AVG: 11.984ms	MAX: 9365.255ms	TOTAL: 60314.555ms
P99: 82.141ms	P95: 24.159ms	P50: 2.277ms	SD: 1684178.628	RATIO: 10.067%
>>>>> PROC: DELIVERY
CALLS: 4976	MIN: 2.298ms	AVG: 11.968ms	MAX: 8392.299ms	TOTAL: 59554.896ms
P99: 74.675ms	P95: 34.353ms	P50: 5.203ms	SD: 1262142.290	RATIO: 9.941%
>>>>> PROC: OSTAT
CALLS: 4913	MIN: 0.263ms	AVG: 2.056ms	MAX: 6601.631ms	TOTAL: 10102.892ms
P99: 1.517ms	P95: 1.131ms	P50: 0.516ms	SD: 942636.748	RATIO: 1.686%
+-+-+-+-+-+-+-+-+-+-+-+-+-+-+-+-+-+-+-+-+-+-+-+-+-+-+-+-+-+-+-+-+-+-+-+-+-+
>>>>> VIRTUAL USER 12 : ELAPSED TIME : 597318ms
>>>>> PROC: NEWORD
CALLS: 49726	MIN: 1.094ms	AVG: 6.658ms	MAX: 8233.606ms	TOTAL: 331092.755ms
P99: 64.424ms	P95: 9.989ms	P50: 3.082ms	SD: 669069.386	RATIO: 55.430%
>>>>> PROC: PAYMENT
CALLS: 50008	MIN: 0.440ms	AVG: 3.300ms	MAX: 8539.830ms	TOTAL: 165029.001ms
P99: 49.916ms	P95: 4.804ms	P50: 1.186ms	SD: 479973.284	RATIO: 27.628%
>>>>> PROC: DELIVERY
CALLS: 5066	MIN: 2.140ms	AVG: 9.980ms	MAX: 1799.818ms	TOTAL: 50556.747ms
P99: 75.250ms	P95: 21.844ms	P50: 5.457ms	SD: 380611.788	RATIO: 8.464%
>>>>> PROC: SLEV
CALLS: 5067	MIN: 0.943ms	AVG: 7.733ms	MAX: 3623.265ms	TOTAL: 39185.625ms
P99: 31.416ms	P95: 21.484ms	P50: 2.054ms	SD: 893949.506	RATIO: 6.560%
>>>>> PROC: OSTAT
CALLS: 5077	MIN: 0.252ms	AVG: 1.175ms	MAX: 2390.794ms	TOTAL: 5962.966ms
P99: 1.564ms	P95: 1.107ms	P50: 0.520ms	SD: 336771.416	RATIO: 0.998%
+-+-+-+-+-+-+-+-+-+-+-+-+-+-+-+-+-+-+-+-+-+-+-+-+-+-+-+-+-+-+-+-+-+-+-+-+-+
>>>>> VIRTUAL USER 13 : ELAPSED TIME : 597435ms
>>>>> PROC: NEWORD
CALLS: 52744	MIN: 0.994ms	AVG: 6.597ms	MAX: 8496.432ms	TOTAL: 347944.982ms
P99: 64.197ms	P95: 9.482ms	P50: 3.010ms	SD: 752752.054	RATIO: 58.240%
>>>>> PROC: PAYMENT
CALLS: 52182	MIN: 0.370ms	AVG: 3.043ms	MAX: 2627.825ms	TOTAL: 158797.949ms
P99: 50.319ms	P95: 4.577ms	P50: 1.150ms	SD: 260027.167	RATIO: 26.580%
>>>>> PROC: DELIVERY
CALLS: 5336	MIN: 1.663ms	AVG: 10.396ms	MAX: 2521.812ms	TOTAL: 55472.869ms
P99: 76.403ms	P95: 20.257ms	P50: 5.192ms	SD: 541116.830	RATIO: 9.285%
>>>>> PROC: SLEV
CALLS: 5286	MIN: 0.697ms	AVG: 5.004ms	MAX: 299.993ms	TOTAL: 26453.311ms
P99: 30.090ms	P95: 20.829ms	P50: 2.033ms	SD: 82358.966	RATIO: 4.428%
>>>>> PROC: OSTAT
CALLS: 5284	MIN: 0.236ms	AVG: 0.607ms	MAX: 26.713ms	TOTAL: 3205.609ms
P99: 1.501ms	P95: 1.093ms	P50: 0.494ms	SD: 5462.319	RATIO: 0.537%
+-+-+-+-+-+-+-+-+-+-+-+-+-+-+-+-+-+-+-+-+-+-+-+-+-+-+-+-+-+-+-+-+-+-+-+-+-+
>>>>> SUMMARY OF 12 ACTIVE VIRTUAL USERS : MEDIAN ELAPSED TIME : 600774ms
>>>>> PROC: NEWORD
CALLS: 1230516	MIN: 0.633ms	AVG: 6.559ms	MAX: 8597.473ms	TOTAL: 8071181.389ms
P99: 64.122ms	P95: 9.663ms	P50: 3.056ms	SD: 681564.828	RATIO: 55.978%
>>>>> PROC: PAYMENT
CALLS: 1228096	MIN: 0.289ms	AVG: 3.184ms	MAX: 8539.831ms	TOTAL: 3910818.253ms
P99: 50.739ms	P95: 4.736ms	P50: 1.183ms	SD: 315552.146	RATIO: 27.123%
>>>>> PROC: DELIVERY
CALLS: 123274	MIN: 1.167ms	AVG: 10.757ms	MAX: 8499.555ms	TOTAL: 1326108.132ms
P99: 76.960ms	P95: 22.362ms	P50: 5.204ms	SD: 890088.489	RATIO: 9.197%
>>>>> PROC: SLEV
CALLS: 123232	MIN: 0.560ms	AVG: 7.035ms	MAX: 9365.262ms	TOTAL: 866991.930ms
P99: 33.571ms	P95: 21.819ms	P50: 1.977ms	SD: 873512.014	RATIO: 6.013%
>>>>> PROC: OSTAT
CALLS: 123170	MIN: 0.180ms	AVG: 0.832ms	MAX: 6601.636ms	TOTAL: 102528.395ms
P99: 1.552ms	P95: 1.140ms	P50: 0.531ms	SD: 284791.214	RATIO: 0.711%
+-+-+-+-+-+-+-+-+-+-+-+-+-+-+-+-+-+-+-+-+-+-+-+-+-+-+-+-+-+-+-+-+-+-+-+-+-+
