MySQL Hammerdb Time Profile Report @ Sun Jun 08 17:49:57 BST 2025
+-+-+-+-+-+-+-+-+-+-+-+-+-+-+-+-+-+-+-+-+-+-+-+-+-+-+-+-+-+-+-+-+-+-+-+-+-+
>>>>> VIRTUAL USER 2 : ELAPSED TIME : 610742ms
>>>>> PROC: NEWORD
CALLS: 2756	MIN: 3.813ms	AVG: 88.918ms	MAX: 1303.462ms	TOTAL: 245058.846ms
P99: 391.098ms	P95: 204.474ms	P50: 64.353ms	SD: 750902.328	RATIO: 40.125%
>>>>> PROC: PAYMENT
CALLS: 2606	MIN: 9.193ms	AVG: 81.978ms	MAX: 1234.708ms	TOTAL: 213634.326ms
P99: 401.326ms	P95: 219.052ms	P50: 59.189ms	SD: 861088.959	RATIO: 34.979%
>>>>> PROC: DELIVERY
CALLS: 265	MIN: 28.009ms	AVG: 270.895ms	MAX: 2366.298ms	TOTAL: 71787.237ms
P99: 998.596ms	P95: 713.007ms	P50: 188.309ms	SD: 2802253.854	RATIO: 11.754%
>>>>> PROC: SLEV
CALLS: 262	MIN: 1.027ms	AVG: 249.355ms	MAX: 1226.413ms	TOTAL: 65331.112ms
P99: 777.044ms	P95: 658.231ms	P50: 189.839ms	SD: 2489595.282	RATIO: 10.697%
>>>>> PROC: OSTAT
CALLS: 255	MIN: 3.491ms	AVG: 57.675ms	MAX: 276.465ms	TOTAL: 14707.070ms
P99: 207.736ms	P95: 157.647ms	P50: 41.276ms	SD: 467231.237	RATIO: 2.408%
+-+-+-+-+-+-+-+-+-+-+-+-+-+-+-+-+-+-+-+-+-+-+-+-+-+-+-+-+-+-+-+-+-+-+-+-+-+
>>>>> VIRTUAL USER 3 : ELAPSED TIME : 604680ms
>>>>> PROC: PAYMENT
CALLS: 2694	MIN: 9.301ms	AVG: 93.348ms	MAX: 1220.842ms	TOTAL: 251480.145ms
P99: 441.387ms	P95: 251.158ms	P50: 67.219ms	SD: 932380.984	RATIO: 41.589%
>>>>> PROC: NEWORD
CALLS: 2658	MIN: 17.022ms	AVG: 90.812ms	MAX: 1352.753ms	TOTAL: 241378.669ms
P99: 417.165ms	P95: 227.563ms	P50: 63.636ms	SD: 814766.387	RATIO: 39.918%
>>>>> PROC: SLEV
CALLS: 245	MIN: 1.074ms	AVG: 240.724ms	MAX: 1179.246ms	TOTAL: 58977.412ms
P99: 956.403ms	P95: 628.960ms	P50: 196.596ms	SD: 2362347.463	RATIO: 9.753%
>>>>> PROC: DELIVERY
CALLS: 277	MIN: 28.662ms	AVG: 139.180ms	MAX: 1551.209ms	TOTAL: 38552.766ms
P99: 928.234ms	P95: 363.953ms	P50: 78.837ms	SD: 1729440.458	RATIO: 6.376%
>>>>> PROC: OSTAT
CALLS: 270	MIN: 1.912ms	AVG: 52.093ms	MAX: 383.386ms	TOTAL: 14065.225ms
P99: 204.910ms	P95: 144.555ms	P50: 35.963ms	SD: 469099.007	RATIO: 2.326%
+-+-+-+-+-+-+-+-+-+-+-+-+-+-+-+-+-+-+-+-+-+-+-+-+-+-+-+-+-+-+-+-+-+-+-+-+-+
>>>>> VIRTUAL USER 4 : ELAPSED TIME : 601793ms
>>>>> PROC: NEWORD
CALLS: 2588	MIN: 13.336ms	AVG: 91.957ms	MAX: 1014.065ms	TOTAL: 237984.647ms
P99: 418.150ms	P95: 207.177ms	P50: 68.840ms	SD: 762480.782	RATIO: 39.546%
>>>>> PROC: PAYMENT
CALLS: 2430	MIN: 9.813ms	AVG: 82.978ms	MAX: 1020.713ms	TOTAL: 201637.734ms
P99: 415.466ms	P95: 216.471ms	P50: 58.304ms	SD: 824912.175	RATIO: 33.506%
>>>>> PROC: SLEV
CALLS: 245	MIN: 0.946ms	AVG: 308.995ms	MAX: 1895.354ms	TOTAL: 75703.860ms
P99: 1045.972ms	P95: 715.065ms	P50: 316.519ms	SD: 2828273.555	RATIO: 12.580%
>>>>> PROC: DELIVERY
CALLS: 250	MIN: 37.595ms	AVG: 283.329ms	MAX: 2050.228ms	TOTAL: 70832.324ms
P99: 1582.846ms	P95: 753.274ms	P50: 204.781ms	SD: 2901544.482	RATIO: 11.770%
>>>>> PROC: OSTAT
CALLS: 247	MIN: 1.400ms	AVG: 62.425ms	MAX: 274.138ms	TOTAL: 15418.882ms
P99: 241.578ms	P95: 167.835ms	P50: 48.254ms	SD: 502424.002	RATIO: 2.562%
+-+-+-+-+-+-+-+-+-+-+-+-+-+-+-+-+-+-+-+-+-+-+-+-+-+-+-+-+-+-+-+-+-+-+-+-+-+
>>>>> VIRTUAL USER 5 : ELAPSED TIME : 602775ms
>>>>> PROC: PAYMENT
CALLS: 2757	MIN: 9.915ms	AVG: 95.046ms	MAX: 1582.487ms	TOTAL: 262041.098ms
P99: 471.968ms	P95: 263.576ms	P50: 65.667ms	SD: 1020763.085	RATIO: 43.472%
>>>>> PROC: NEWORD
CALLS: 2651	MIN: 11.718ms	AVG: 88.432ms	MAX: 1379.837ms	TOTAL: 234432.360ms
P99: 385.356ms	P95: 207.375ms	P50: 63.526ms	SD: 767266.593	RATIO: 38.892%
>>>>> PROC: SLEV
CALLS: 305	MIN: 0.956ms	AVG: 186.273ms	MAX: 1967.483ms	TOTAL: 56813.127ms
P99: 792.392ms	P95: 608.469ms	P50: 101.797ms	SD: 2394846.858	RATIO: 9.425%
>>>>> PROC: DELIVERY
CALLS: 270	MIN: 30.820ms	AVG: 133.595ms	MAX: 1346.721ms	TOTAL: 36070.562ms
P99: 598.327ms	P95: 405.115ms	P50: 80.615ms	SD: 1470708.739	RATIO: 5.984%
>>>>> PROC: OSTAT
CALLS: 257	MIN: 0.742ms	AVG: 51.309ms	MAX: 289.786ms	TOTAL: 13186.534ms
P99: 242.768ms	P95: 142.687ms	P50: 32.551ms	SD: 498501.512	RATIO: 2.188%
+-+-+-+-+-+-+-+-+-+-+-+-+-+-+-+-+-+-+-+-+-+-+-+-+-+-+-+-+-+-+-+-+-+-+-+-+-+
>>>>> VIRTUAL USER 6 : ELAPSED TIME : 611141ms
>>>>> PROC: NEWORD
CALLS: 2669	MIN: 7.820ms	AVG: 88.717ms	MAX: 890.213ms	TOTAL: 236785.581ms
P99: 399.143ms	P95: 209.827ms	P50: 65.799ms	SD: 721535.738	RATIO: 38.745%
>>>>> PROC: PAYMENT
CALLS: 2705	MIN: 9.333ms	AVG: 80.939ms	MAX: 1231.130ms	TOTAL: 218939.971ms
P99: 401.315ms	P95: 219.919ms	P50: 56.967ms	SD: 861233.062	RATIO: 35.825%
>>>>> PROC: SLEV
CALLS: 243	MIN: 1.097ms	AVG: 293.413ms	MAX: 1773.337ms	TOTAL: 71299.470ms
P99: 809.530ms	P95: 679.112ms	P50: 262.199ms	SD: 2646844.104	RATIO: 11.667%
>>>>> PROC: DELIVERY
CALLS: 249	MIN: 20.204ms	AVG: 269.609ms	MAX: 1617.454ms	TOTAL: 67132.605ms
P99: 1345.723ms	P95: 666.878ms	P50: 198.506ms	SD: 2492242.123	RATIO: 10.985%
>>>>> PROC: OSTAT
CALLS: 278	MIN: 0.530ms	AVG: 60.295ms	MAX: 427.446ms	TOTAL: 16762.128ms
P99: 287.558ms	P95: 146.144ms	P50: 44.194ms	SD: 538859.652	RATIO: 2.743%
+-+-+-+-+-+-+-+-+-+-+-+-+-+-+-+-+-+-+-+-+-+-+-+-+-+-+-+-+-+-+-+-+-+-+-+-+-+
>>>>> VIRTUAL USER 7 : ELAPSED TIME : 606951ms
>>>>> PROC: NEWORD
CALLS: 2639	MIN: 18.474ms	AVG: 90.126ms	MAX: 1284.125ms	TOTAL: 237843.755ms
P99: 406.289ms	P95: 197.303ms	P50: 67.550ms	SD: 746570.633	RATIO: 39.187%
>>>>> PROC: PAYMENT
CALLS: 2691	MIN: 9.796ms	AVG: 80.530ms	MAX: 1049.557ms	TOTAL: 216707.415ms
P99: 410.073ms	P95: 211.803ms	P50: 56.662ms	SD: 807804.981	RATIO: 35.704%
>>>>> PROC: SLEV
CALLS: 264	MIN: 1.007ms	AVG: 265.130ms	MAX: 1209.405ms	TOTAL: 69994.204ms
P99: 824.251ms	P95: 717.857ms	P50: 168.294ms	SD: 2692339.346	RATIO: 11.532%
>>>>> PROC: DELIVERY
CALLS: 276	MIN: 29.788ms	AVG: 236.906ms	MAX: 2144.785ms	TOTAL: 65386.072ms
P99: 1285.298ms	P95: 655.247ms	P50: 132.770ms	SD: 2764942.236	RATIO: 10.773%
>>>>> PROC: OSTAT
CALLS: 274	MIN: 3.690ms	AVG: 61.276ms	MAX: 410.646ms	TOTAL: 16789.733ms
P99: 273.002ms	P95: 147.146ms	P50: 45.358ms	SD: 533749.406	RATIO: 2.766%
+-+-+-+-+-+-+-+-+-+-+-+-+-+-+-+-+-+-+-+-+-+-+-+-+-+-+-+-+-+-+-+-+-+-+-+-+-+
>>>>> VIRTUAL USER 8 : ELAPSED TIME : 604753ms
>>>>> PROC: NEWORD
CALLS: 2574	MIN: 21.319ms	AVG: 88.393ms	MAX: 1090.411ms	TOTAL: 227522.328ms
P99: 406.352ms	P95: 198.828ms	P50: 66.240ms	SD: 719719.740	RATIO: 37.622%
>>>>> PROC: PAYMENT
CALLS: 2581	MIN: 9.657ms	AVG: 82.125ms	MAX: 1234.730ms	TOTAL: 211964.237ms
P99: 400.779ms	P95: 221.398ms	P50: 57.636ms	SD: 809722.808	RATIO: 35.050%
>>>>> PROC: SLEV
CALLS: 239	MIN: 0.986ms	AVG: 324.335ms	MAX: 2036.064ms	TOTAL: 77516.144ms
P99: 1591.242ms	P95: 799.708ms	P50: 272.327ms	SD: 3499934.216	RATIO: 12.818%
>>>>> PROC: DELIVERY
CALLS: 244	MIN: 38.859ms	AVG: 289.070ms	MAX: 2118.439ms	TOTAL: 70532.964ms
P99: 1562.280ms	P95: 680.840ms	P50: 233.345ms	SD: 2741877.615	RATIO: 11.663%
>>>>> PROC: OSTAT
CALLS: 250	MIN: 0.888ms	AVG: 68.014ms	MAX: 497.385ms	TOTAL: 17003.416ms
P99: 251.355ms	P95: 184.214ms	P50: 50.714ms	SD: 600131.128	RATIO: 2.812%
+-+-+-+-+-+-+-+-+-+-+-+-+-+-+-+-+-+-+-+-+-+-+-+-+-+-+-+-+-+-+-+-+-+-+-+-+-+
>>>>> VIRTUAL USER 9 : ELAPSED TIME : 598994ms
>>>>> PROC: NEWORD
CALLS: 2527	MIN: 17.938ms	AVG: 93.334ms	MAX: 1002.804ms	TOTAL: 235854.833ms
P99: 445.917ms	P95: 204.696ms	P50: 68.143ms	SD: 806272.266	RATIO: 39.375%
>>>>> PROC: PAYMENT
CALLS: 2592	MIN: 10.349ms	AVG: 81.724ms	MAX: 1166.057ms	TOTAL: 211828.925ms
P99: 388.130ms	P95: 214.773ms	P50: 59.213ms	SD: 802497.218	RATIO: 35.364%
>>>>> PROC: DELIVERY
CALLS: 240	MIN: 30.689ms	AVG: 291.436ms	MAX: 2337.985ms	TOTAL: 69944.711ms
P99: 1518.240ms	P95: 734.249ms	P50: 212.755ms	SD: 2915414.633	RATIO: 11.677%
>>>>> PROC: SLEV
CALLS: 272	MIN: 0.975ms	AVG: 243.647ms	MAX: 1988.912ms	TOTAL: 66271.968ms
P99: 973.099ms	P95: 711.303ms	P50: 116.792ms	SD: 2853044.678	RATIO: 11.064%
>>>>> PROC: OSTAT
CALLS: 225	MIN: 5.004ms	AVG: 66.131ms	MAX: 367.337ms	TOTAL: 14879.378ms
P99: 217.933ms	P95: 168.416ms	P50: 50.505ms	SD: 493807.992	RATIO: 2.484%
+-+-+-+-+-+-+-+-+-+-+-+-+-+-+-+-+-+-+-+-+-+-+-+-+-+-+-+-+-+-+-+-+-+-+-+-+-+
>>>>> VIRTUAL USER 10 : ELAPSED TIME : 599471ms
>>>>> PROC: NEWORD
CALLS: 2572	MIN: 21.060ms	AVG: 91.902ms	MAX: 1201.222ms	TOTAL: 236371.022ms
P99: 385.484ms	P95: 202.322ms	P50: 68.951ms	SD: 704077.033	RATIO: 39.430%
>>>>> PROC: PAYMENT
CALLS: 2529	MIN: 11.298ms	AVG: 82.909ms	MAX: 1292.920ms	TOTAL: 209677.548ms
P99: 394.640ms	P95: 222.848ms	P50: 58.527ms	SD: 840344.687	RATIO: 34.977%
>>>>> PROC: DELIVERY
CALLS: 259	MIN: 36.000ms	AVG: 269.603ms	MAX: 1773.191ms	TOTAL: 69827.084ms
P99: 1102.177ms	P95: 635.943ms	P50: 205.824ms	SD: 2448240.960	RATIO: 11.648%
>>>>> PROC: SLEV
CALLS: 231	MIN: 0.914ms	AVG: 294.150ms	MAX: 1655.172ms	TOTAL: 67948.606ms
P99: 1502.023ms	P95: 746.702ms	P50: 225.984ms	SD: 3186393.561	RATIO: 11.335%
>>>>> PROC: OSTAT
CALLS: 233	MIN: 0.762ms	AVG: 66.201ms	MAX: 875.637ms	TOTAL: 15424.731ms
P99: 228.192ms	P95: 162.286ms	P50: 48.857ms	SD: 694193.813	RATIO: 2.573%
+-+-+-+-+-+-+-+-+-+-+-+-+-+-+-+-+-+-+-+-+-+-+-+-+-+-+-+-+-+-+-+-+-+-+-+-+-+
>>>>> VIRTUAL USER 11 : ELAPSED TIME : 597787ms
>>>>> PROC: NEWORD
CALLS: 2580	MIN: 18.889ms	AVG: 93.307ms	MAX: 1187.772ms	TOTAL: 240731.235ms
P99: 413.516ms	P95: 216.492ms	P50: 67.394ms	SD: 816722.636	RATIO: 40.270%
>>>>> PROC: PAYMENT
CALLS: 2527	MIN: 9.995ms	AVG: 82.835ms	MAX: 1459.174ms	TOTAL: 209324.390ms
P99: 414.828ms	P95: 220.739ms	P50: 59.470ms	SD: 875360.731	RATIO: 35.017%
>>>>> PROC: SLEV
CALLS: 279	MIN: 0.970ms	AVG: 240.355ms	MAX: 2124.952ms	TOTAL: 67059.074ms
P99: 1368.465ms	P95: 703.469ms	P50: 97.881ms	SD: 3025207.066	RATIO: 11.218%
>>>>> PROC: DELIVERY
CALLS: 242	MIN: 40.371ms	AVG: 272.734ms	MAX: 899.370ms	TOTAL: 66001.645ms
P99: 791.260ms	P95: 643.901ms	P50: 232.358ms	SD: 1999338.822	RATIO: 11.041%
>>>>> PROC: OSTAT
CALLS: 244	MIN: 6.094ms	AVG: 59.192ms	MAX: 663.864ms	TOTAL: 14442.964ms
P99: 217.337ms	P95: 140.673ms	P50: 43.848ms	SD: 569382.348	RATIO: 2.416%
+-+-+-+-+-+-+-+-+-+-+-+-+-+-+-+-+-+-+-+-+-+-+-+-+-+-+-+-+-+-+-+-+-+-+-+-+-+
>>>>> VIRTUAL USER 12 : ELAPSED TIME : 602196ms
>>>>> PROC: NEWORD
CALLS: 2650	MIN: 14.810ms	AVG: 91.704ms	MAX: 1413.621ms	TOTAL: 243016.638ms
P99: 405.278ms	P95: 205.247ms	P50: 68.373ms	SD: 800020.136	RATIO: 40.355%
>>>>> PROC: PAYMENT
CALLS: 2672	MIN: 9.569ms	AVG: 79.487ms	MAX: 1090.353ms	TOTAL: 212389.845ms
P99: 389.518ms	P95: 209.013ms	P50: 57.654ms	SD: 767754.184	RATIO: 35.269%
>>>>> PROC: DELIVERY
CALLS: 278	MIN: 37.357ms	AVG: 253.348ms	MAX: 1577.414ms	TOTAL: 70430.822ms
P99: 1309.032ms	P95: 644.991ms	P50: 174.179ms	SD: 2427303.871	RATIO: 11.696%
>>>>> PROC: SLEV
CALLS: 267	MIN: 0.972ms	AVG: 215.081ms	MAX: 1867.754ms	TOTAL: 57426.707ms
P99: 809.749ms	P95: 701.261ms	P50: 67.164ms	SD: 2805074.458	RATIO: 9.536%
>>>>> PROC: OSTAT
CALLS: 277	MIN: 0.645ms	AVG: 67.469ms	MAX: 749.126ms	TOTAL: 18688.863ms
P99: 308.799ms	P95: 194.650ms	P50: 45.043ms	SD: 695106.705	RATIO: 3.103%
+-+-+-+-+-+-+-+-+-+-+-+-+-+-+-+-+-+-+-+-+-+-+-+-+-+-+-+-+-+-+-+-+-+-+-+-+-+
>>>>> VIRTUAL USER 13 : ELAPSED TIME : 595808ms
>>>>> PROC: NEWORD
CALLS: 2530	MIN: 20.238ms	AVG: 92.189ms	MAX: 1210.209ms	TOTAL: 233239.344ms
P99: 451.742ms	P95: 213.661ms	P50: 66.605ms	SD: 830698.508	RATIO: 39.147%
>>>>> PROC: PAYMENT
CALLS: 2636	MIN: 9.676ms	AVG: 83.049ms	MAX: 902.838ms	TOTAL: 218915.864ms
P99: 413.452ms	P95: 232.133ms	P50: 56.802ms	SD: 809182.900	RATIO: 36.743%
>>>>> PROC: DELIVERY
CALLS: 267	MIN: 36.307ms	AVG: 242.664ms	MAX: 1404.071ms	TOTAL: 64791.290ms
P99: 747.943ms	P95: 621.335ms	P50: 186.828ms	SD: 1970863.406	RATIO: 10.875%
>>>>> PROC: SLEV
CALLS: 282	MIN: 0.922ms	AVG: 223.229ms	MAX: 1371.668ms	TOTAL: 62950.592ms
P99: 899.242ms	P95: 761.259ms	P50: 92.860ms	SD: 2714348.565	RATIO: 10.566%
>>>>> PROC: OSTAT
CALLS: 253	MIN: 0.821ms	AVG: 61.959ms	MAX: 359.147ms	TOTAL: 15675.588ms
P99: 264.803ms	P95: 177.523ms	P50: 44.051ms	SD: 562952.179	RATIO: 2.631%
+-+-+-+-+-+-+-+-+-+-+-+-+-+-+-+-+-+-+-+-+-+-+-+-+-+-+-+-+-+-+-+-+-+-+-+-+-+
>>>>> SUMMARY OF 12 ACTIVE VIRTUAL USERS : MEDIAN ELAPSED TIME : 602486ms
>>>>> PROC: NEWORD
CALLS: 62788	MIN: 3.813ms	AVG: 90.789ms	MAX: 1413.618ms	TOTAL: 5700438.295ms
P99: 411.303ms	P95: 208.265ms	P50: 66.598ms	SD: 770983.659	RATIO: 39.423%
>>>>> PROC: PAYMENT
CALLS: 62840	MIN: 9.193ms	AVG: 83.976ms	MAX: 1582.486ms	TOTAL: 5277082.782ms
P99: 409.320ms	P95: 226.022ms	P50: 59.189ms	SD: 855805.159	RATIO: 36.495%
>>>>> PROC: SLEV
CALLS: 6268	MIN: 0.914ms	AVG: 254.401ms	MAX: 2124.952ms	TOTAL: 1594584.526ms
P99: 1070.466ms	P95: 704.368ms	P50: 157.752ms	SD: 2820695.887	RATIO: 11.028%
>>>>> PROC: DELIVERY
CALLS: 6234	MIN: 20.204ms	AVG: 244.238ms	MAX: 2366.300ms	TOTAL: 1522580.105ms
P99: 1307.851ms	P95: 649.975ms	P50: 163.568ms	SD: 2475926.911	RATIO: 10.530%
>>>>> PROC: OSTAT
CALLS: 6126	MIN: 0.530ms	AVG: 61.066ms	MAX: 875.636ms	TOTAL: 374089.002ms
P99: 254.241ms	P95: 163.329ms	P50: 43.917ms	SD: 558506.074	RATIO: 2.587%
+-+-+-+-+-+-+-+-+-+-+-+-+-+-+-+-+-+-+-+-+-+-+-+-+-+-+-+-+-+-+-+-+-+-+-+-+-+
MariaDB Hammerdb Time Profile Report @ Sun Jun 08 18:06:31 BST 2025
+-+-+-+-+-+-+-+-+-+-+-+-+-+-+-+-+-+-+-+-+-+-+-+-+-+-+-+-+-+-+-+-+-+-+-+-+-+
>>>>> VIRTUAL USER 2 : ELAPSED TIME : 605325ms
>>>>> PROC: NEWORD
CALLS: 3914	MIN: 5.895ms	AVG: 53.160ms	MAX: 862.645ms	TOTAL: 208068.075ms
P99: 266.816ms	P95: 107.549ms	P50: 42.783ms	SD: 502863.753	RATIO: 34.373%
>>>>> PROC: PAYMENT
CALLS: 4111	MIN: 3.928ms	AVG: 41.604ms	MAX: 672.430ms	TOTAL: 171035.235ms
P99: 192.492ms	P95: 110.725ms	P50: 31.625ms	SD: 399435.878	RATIO: 28.255%
>>>>> PROC: DELIVERY
CALLS: 404	MIN: 12.027ms	AVG: 262.040ms	MAX: 1743.349ms	TOTAL: 105864.225ms
P99: 1134.150ms	P95: 476.035ms	P50: 244.028ms	SD: 1891568.503	RATIO: 17.489%
>>>>> PROC: SLEV
CALLS: 444	MIN: 0.721ms	AVG: 230.026ms	MAX: 1135.447ms	TOTAL: 102131.386ms
P99: 744.995ms	P95: 480.696ms	P50: 206.729ms	SD: 1746167.424	RATIO: 16.872%
>>>>> PROC: OSTAT
CALLS: 407	MIN: 0.454ms	AVG: 43.935ms	MAX: 494.174ms	TOTAL: 17881.613ms
P99: 171.208ms	P95: 107.797ms	P50: 33.541ms	SD: 400576.058	RATIO: 2.954%
+-+-+-+-+-+-+-+-+-+-+-+-+-+-+-+-+-+-+-+-+-+-+-+-+-+-+-+-+-+-+-+-+-+-+-+-+-+
>>>>> VIRTUAL USER 3 : ELAPSED TIME : 607105ms
>>>>> PROC: NEWORD
CALLS: 5133	MIN: 6.750ms	AVG: 47.954ms	MAX: 676.731ms	TOTAL: 246146.369ms
P99: 235.262ms	P95: 103.607ms	P50: 38.220ms	SD: 440875.850	RATIO: 40.544%
>>>>> PROC: PAYMENT
CALLS: 5064	MIN: 3.888ms	AVG: 39.185ms	MAX: 845.377ms	TOTAL: 198431.432ms
P99: 185.676ms	P95: 110.617ms	P50: 26.694ms	SD: 403570.480	RATIO: 32.685%
>>>>> PROC: SLEV
CALLS: 539	MIN: 0.827ms	AVG: 152.285ms	MAX: 754.236ms	TOTAL: 82081.794ms
P99: 486.848ms	P95: 360.390ms	P50: 117.460ms	SD: 1270886.367	RATIO: 13.520%
>>>>> PROC: DELIVERY
CALLS: 507	MIN: 10.342ms	AVG: 117.697ms	MAX: 1573.977ms	TOTAL: 59672.444ms
P99: 523.193ms	P95: 301.722ms	P50: 82.025ms	SD: 1192005.270	RATIO: 9.829%
>>>>> PROC: OSTAT
CALLS: 533	MIN: 0.544ms	AVG: 38.141ms	MAX: 654.105ms	TOTAL: 20329.171ms
P99: 161.638ms	P95: 96.698ms	P50: 27.952ms	SD: 429665.840	RATIO: 3.349%
+-+-+-+-+-+-+-+-+-+-+-+-+-+-+-+-+-+-+-+-+-+-+-+-+-+-+-+-+-+-+-+-+-+-+-+-+-+
>>>>> VIRTUAL USER 4 : ELAPSED TIME : 601412ms
>>>>> PROC: NEWORD
CALLS: 4101	MIN: 7.572ms	AVG: 53.399ms	MAX: 869.213ms	TOTAL: 218989.436ms
P99: 244.426ms	P95: 112.343ms	P50: 43.223ms	SD: 495328.340	RATIO: 36.413%
>>>>> PROC: PAYMENT
CALLS: 3989	MIN: 3.927ms	AVG: 42.025ms	MAX: 623.832ms	TOTAL: 167636.001ms
P99: 199.970ms	P95: 107.490ms	P50: 30.550ms	SD: 425145.688	RATIO: 27.874%
>>>>> PROC: DELIVERY
CALLS: 414	MIN: 19.132ms	AVG: 260.917ms	MAX: 1620.551ms	TOTAL: 108019.773ms
P99: 804.471ms	P95: 481.337ms	P50: 243.803ms	SD: 1809388.624	RATIO: 17.961%
>>>>> PROC: SLEV
CALLS: 369	MIN: 0.755ms	AVG: 245.281ms	MAX: 1041.319ms	TOTAL: 90508.567ms
P99: 739.679ms	P95: 483.426ms	P50: 237.909ms	SD: 1725327.778	RATIO: 15.049%
>>>>> PROC: OSTAT
CALLS: 379	MIN: 1.261ms	AVG: 41.941ms	MAX: 424.999ms	TOTAL: 15895.788ms
P99: 155.504ms	P95: 107.829ms	P50: 32.464ms	SD: 373789.527	RATIO: 2.643%
+-+-+-+-+-+-+-+-+-+-+-+-+-+-+-+-+-+-+-+-+-+-+-+-+-+-+-+-+-+-+-+-+-+-+-+-+-+
>>>>> VIRTUAL USER 5 : ELAPSED TIME : 601915ms
>>>>> PROC: NEWORD
CALLS: 3943	MIN: 9.066ms	AVG: 53.160ms	MAX: 719.108ms	TOTAL: 209611.115ms
P99: 247.745ms	P95: 105.508ms	P50: 43.949ms	SD: 441964.685	RATIO: 34.824%
>>>>> PROC: PAYMENT
CALLS: 3890	MIN: 3.923ms	AVG: 41.620ms	MAX: 641.328ms	TOTAL: 161901.924ms
P99: 213.620ms	P95: 105.092ms	P50: 31.861ms	SD: 409658.248	RATIO: 26.898%
>>>>> PROC: DELIVERY
CALLS: 404	MIN: 20.986ms	AVG: 274.122ms	MAX: 1824.011ms	TOTAL: 110745.285ms
P99: 1129.155ms	P95: 483.646ms	P50: 249.157ms	SD: 1985300.673	RATIO: 18.399%
>>>>> PROC: SLEV
CALLS: 373	MIN: 0.797ms	AVG: 267.434ms	MAX: 1353.789ms	TOTAL: 99752.910ms
P99: 819.455ms	P95: 475.695ms	P50: 274.810ms	SD: 1777657.654	RATIO: 16.573%
>>>>> PROC: OSTAT
CALLS: 446	MIN: 1.585ms	AVG: 43.857ms	MAX: 524.853ms	TOTAL: 19560.338ms
P99: 167.439ms	P95: 105.715ms	P50: 33.023ms	SD: 405942.406	RATIO: 3.250%
+-+-+-+-+-+-+-+-+-+-+-+-+-+-+-+-+-+-+-+-+-+-+-+-+-+-+-+-+-+-+-+-+-+-+-+-+-+
>>>>> VIRTUAL USER 6 : ELAPSED TIME : 607874ms
>>>>> PROC: NEWORD
CALLS: 4020	MIN: 6.756ms	AVG: 54.482ms	MAX: 1053.525ms	TOTAL: 219017.070ms
P99: 284.814ms	P95: 108.610ms	P50: 43.819ms	SD: 555237.722	RATIO: 36.030%
>>>>> PROC: PAYMENT
CALLS: 4021	MIN: 3.947ms	AVG: 41.395ms	MAX: 344.804ms	TOTAL: 166448.555ms
P99: 181.975ms	P95: 109.988ms	P50: 31.265ms	SD: 371415.349	RATIO: 27.382%
>>>>> PROC: DELIVERY
CALLS: 393	MIN: 11.408ms	AVG: 278.952ms	MAX: 2950.980ms	TOTAL: 109627.970ms
P99: 980.345ms	P95: 483.752ms	P50: 267.412ms	SD: 2207074.292	RATIO: 18.035%
>>>>> PROC: SLEV
CALLS: 394	MIN: 0.808ms	AVG: 243.660ms	MAX: 753.344ms	TOTAL: 96001.970ms
P99: 585.934ms	P95: 472.046ms	P50: 247.305ms	SD: 1628557.739	RATIO: 15.793%
>>>>> PROC: OSTAT
CALLS: 388	MIN: 1.893ms	AVG: 42.366ms	MAX: 219.398ms	TOTAL: 16438.026ms
P99: 132.664ms	P95: 100.430ms	P50: 33.968ms	SD: 288780.764	RATIO: 2.704%
+-+-+-+-+-+-+-+-+-+-+-+-+-+-+-+-+-+-+-+-+-+-+-+-+-+-+-+-+-+-+-+-+-+-+-+-+-+
>>>>> VIRTUAL USER 7 : ELAPSED TIME : 599916ms
>>>>> PROC: NEWORD
CALLS: 4003	MIN: 6.738ms	AVG: 53.180ms	MAX: 993.727ms	TOTAL: 212878.094ms
P99: 255.954ms	P95: 106.931ms	P50: 43.583ms	SD: 469095.328	RATIO: 35.485%
>>>>> PROC: PAYMENT
CALLS: 3949	MIN: 3.913ms	AVG: 42.131ms	MAX: 586.946ms	TOTAL: 166375.903ms
P99: 198.880ms	P95: 107.623ms	P50: 32.173ms	SD: 397768.919	RATIO: 27.733%
>>>>> PROC: DELIVERY
CALLS: 385	MIN: 26.259ms	AVG: 269.379ms	MAX: 1496.784ms	TOTAL: 103710.816ms
P99: 970.501ms	P95: 540.182ms	P50: 242.158ms	SD: 1870871.032	RATIO: 17.288%
>>>>> PROC: SLEV
CALLS: 398	MIN: 0.761ms	AVG: 248.046ms	MAX: 1382.506ms	TOTAL: 98722.119ms
P99: 684.593ms	P95: 472.500ms	P50: 239.814ms	SD: 1790716.739	RATIO: 16.456%
>>>>> PROC: OSTAT
CALLS: 417	MIN: 0.552ms	AVG: 42.877ms	MAX: 307.722ms	TOTAL: 17879.639ms
P99: 197.692ms	P95: 110.278ms	P50: 33.324ms	SD: 363884.597	RATIO: 2.980%
+-+-+-+-+-+-+-+-+-+-+-+-+-+-+-+-+-+-+-+-+-+-+-+-+-+-+-+-+-+-+-+-+-+-+-+-+-+
>>>>> VIRTUAL USER 8 : ELAPSED TIME : 615150ms
>>>>> PROC: NEWORD
CALLS: 4231	MIN: 5.059ms	AVG: 52.115ms	MAX: 666.147ms	TOTAL: 220500.638ms
P99: 233.885ms	P95: 104.520ms	P50: 43.396ms	SD: 461581.304	RATIO: 35.845%
>>>>> PROC: PAYMENT
CALLS: 4240	MIN: 3.817ms	AVG: 41.932ms	MAX: 592.509ms	TOTAL: 177793.662ms
P99: 203.175ms	P95: 112.255ms	P50: 31.076ms	SD: 414107.318	RATIO: 28.902%
>>>>> PROC: DELIVERY
CALLS: 401	MIN: 12.272ms	AVG: 258.866ms	MAX: 1910.805ms	TOTAL: 103805.226ms
P99: 1086.431ms	P95: 469.564ms	P50: 235.487ms	SD: 1905322.824	RATIO: 16.875%
>>>>> PROC: SLEV
CALLS: 413	MIN: 0.799ms	AVG: 225.442ms	MAX: 1014.863ms	TOTAL: 93107.409ms
P99: 638.003ms	P95: 457.474ms	P50: 206.145ms	SD: 1699148.531	RATIO: 15.136%
>>>>> PROC: OSTAT
CALLS: 443	MIN: 0.872ms	AVG: 44.181ms	MAX: 385.818ms	TOTAL: 19572.143ms
P99: 166.929ms	P95: 114.519ms	P50: 34.463ms	SD: 370076.387	RATIO: 3.182%
+-+-+-+-+-+-+-+-+-+-+-+-+-+-+-+-+-+-+-+-+-+-+-+-+-+-+-+-+-+-+-+-+-+-+-+-+-+
>>>>> VIRTUAL USER 9 : ELAPSED TIME : 601401ms
>>>>> PROC: NEWORD
CALLS: 5046	MIN: 6.026ms	AVG: 48.722ms	MAX: 1195.024ms	TOTAL: 245850.008ms
P99: 256.871ms	P95: 100.839ms	P50: 38.587ms	SD: 481014.524	RATIO: 40.880%
>>>>> PROC: PAYMENT
CALLS: 5017	MIN: 3.780ms	AVG: 39.408ms	MAX: 784.323ms	TOTAL: 197709.742ms
P99: 177.865ms	P95: 110.947ms	P50: 27.451ms	SD: 388650.083	RATIO: 32.875%
>>>>> PROC: SLEV
CALLS: 478	MIN: 0.733ms	AVG: 165.332ms	MAX: 676.315ms	TOTAL: 79028.920ms
P99: 514.131ms	P95: 372.178ms	P50: 143.984ms	SD: 1227757.376	RATIO: 13.141%
>>>>> PROC: DELIVERY
CALLS: 479	MIN: 3.077ms	AVG: 123.404ms	MAX: 775.038ms	TOTAL: 59110.492ms
P99: 547.756ms	P95: 304.375ms	P50: 93.550ms	SD: 1037485.147	RATIO: 9.829%
>>>>> PROC: OSTAT
CALLS: 500	MIN: 0.634ms	AVG: 38.496ms	MAX: 303.481ms	TOTAL: 19247.899ms
P99: 191.245ms	P95: 101.011ms	P50: 27.919ms	SD: 345892.737	RATIO: 3.201%
+-+-+-+-+-+-+-+-+-+-+-+-+-+-+-+-+-+-+-+-+-+-+-+-+-+-+-+-+-+-+-+-+-+-+-+-+-+
>>>>> VIRTUAL USER 10 : ELAPSED TIME : 617909ms
>>>>> PROC: NEWORD
CALLS: 5400	MIN: 4.512ms	AVG: 47.236ms	MAX: 826.401ms	TOTAL: 255073.141ms
P99: 235.949ms	P95: 98.992ms	P50: 37.933ms	SD: 460268.075	RATIO: 41.280%
>>>>> PROC: PAYMENT
CALLS: 5301	MIN: 3.782ms	AVG: 37.992ms	MAX: 648.642ms	TOTAL: 201397.281ms
P99: 186.019ms	P95: 106.647ms	P50: 25.395ms	SD: 400564.534	RATIO: 32.593%
>>>>> PROC: SLEV
CALLS: 540	MIN: 0.694ms	AVG: 153.261ms	MAX: 1098.174ms	TOTAL: 82761.173ms
P99: 489.077ms	P95: 361.323ms	P50: 131.497ms	SD: 1345005.820	RATIO: 13.394%
>>>>> PROC: DELIVERY
CALLS: 552	MIN: 8.194ms	AVG: 107.386ms	MAX: 1507.406ms	TOTAL: 59277.150ms
P99: 401.997ms	P95: 284.917ms	P50: 72.294ms	SD: 1184150.918	RATIO: 9.593%
>>>>> PROC: OSTAT
CALLS: 495	MIN: 0.411ms	AVG: 38.256ms	MAX: 550.302ms	TOTAL: 18936.549ms
P99: 134.267ms	P95: 95.659ms	P50: 26.840ms	SD: 413677.410	RATIO: 3.065%
+-+-+-+-+-+-+-+-+-+-+-+-+-+-+-+-+-+-+-+-+-+-+-+-+-+-+-+-+-+-+-+-+-+-+-+-+-+
>>>>> VIRTUAL USER 11 : ELAPSED TIME : 597879ms
>>>>> PROC: NEWORD
CALLS: 5062	MIN: 6.251ms	AVG: 48.853ms	MAX: 959.995ms	TOTAL: 247291.736ms
P99: 269.775ms	P95: 102.582ms	P50: 38.700ms	SD: 472157.581	RATIO: 41.362%
>>>>> PROC: PAYMENT
CALLS: 4987	MIN: 3.887ms	AVG: 39.949ms	MAX: 839.155ms	TOTAL: 199226.773ms
P99: 188.634ms	P95: 111.548ms	P50: 27.730ms	SD: 422676.968	RATIO: 33.322%
>>>>> PROC: SLEV
CALLS: 484	MIN: 0.766ms	AVG: 163.089ms	MAX: 1075.519ms	TOTAL: 78935.190ms
P99: 459.957ms	P95: 368.792ms	P50: 139.333ms	SD: 1336107.353	RATIO: 13.203%
>>>>> PROC: DELIVERY
CALLS: 518	MIN: 10.383ms	AVG: 108.051ms	MAX: 1096.506ms	TOTAL: 55970.326ms
P99: 402.867ms	P95: 294.786ms	P50: 70.508ms	SD: 1035866.805	RATIO: 9.361%
>>>>> PROC: OSTAT
CALLS: 469	MIN: 0.523ms	AVG: 34.106ms	MAX: 293.367ms	TOTAL: 15995.943ms
P99: 141.420ms	P95: 79.733ms	P50: 25.616ms	SD: 304209.721	RATIO: 2.675%
+-+-+-+-+-+-+-+-+-+-+-+-+-+-+-+-+-+-+-+-+-+-+-+-+-+-+-+-+-+-+-+-+-+-+-+-+-+
>>>>> VIRTUAL USER 12 : ELAPSED TIME : 602838ms
>>>>> PROC: NEWORD
CALLS: 4057	MIN: 7.420ms	AVG: 53.736ms	MAX: 796.347ms	TOTAL: 218008.892ms
P99: 261.338ms	P95: 107.320ms	P50: 43.934ms	SD: 479368.811	RATIO: 36.164%
>>>>> PROC: PAYMENT
CALLS: 3953	MIN: 3.895ms	AVG: 41.215ms	MAX: 682.920ms	TOTAL: 162924.077ms
P99: 208.180ms	P95: 106.563ms	P50: 30.512ms	SD: 394006.756	RATIO: 27.026%
>>>>> PROC: DELIVERY
CALLS: 442	MIN: 22.555ms	AVG: 255.551ms	MAX: 2190.029ms	TOTAL: 112953.365ms
P99: 952.663ms	P95: 471.514ms	P50: 234.605ms	SD: 1969987.961	RATIO: 18.737%
>>>>> PROC: SLEV
CALLS: 382	MIN: 0.716ms	AVG: 242.847ms	MAX: 1412.412ms	TOTAL: 92767.423ms
P99: 628.662ms	P95: 468.190ms	P50: 230.768ms	SD: 1733892.081	RATIO: 15.388%
>>>>> PROC: OSTAT
CALLS: 382	MIN: 0.823ms	AVG: 41.427ms	MAX: 171.590ms	TOTAL: 15825.046ms
P99: 152.844ms	P95: 102.059ms	P50: 33.953ms	SD: 299490.868	RATIO: 2.625%
+-+-+-+-+-+-+-+-+-+-+-+-+-+-+-+-+-+-+-+-+-+-+-+-+-+-+-+-+-+-+-+-+-+-+-+-+-+
>>>>> VIRTUAL USER 13 : ELAPSED TIME : 603459ms
>>>>> PROC: NEWORD
CALLS: 4046	MIN: 6.958ms	AVG: 54.239ms	MAX: 914.502ms	TOTAL: 219449.301ms
P99: 282.206ms	P95: 108.390ms	P50: 43.439ms	SD: 495344.190	RATIO: 36.365%
>>>>> PROC: PAYMENT
CALLS: 4052	MIN: 3.762ms	AVG: 42.685ms	MAX: 825.318ms	TOTAL: 172958.523ms
P99: 201.637ms	P95: 112.310ms	P50: 31.321ms	SD: 428548.750	RATIO: 28.661%
>>>>> PROC: DELIVERY
CALLS: 376	MIN: 18.743ms	AVG: 280.741ms	MAX: 2124.632ms	TOTAL: 105558.614ms
P99: 772.011ms	P95: 478.992ms	P50: 281.526ms	SD: 1837622.060	RATIO: 17.492%
>>>>> PROC: SLEV
CALLS: 377	MIN: 0.879ms	AVG: 234.761ms	MAX: 889.914ms	TOTAL: 88504.975ms
P99: 653.217ms	P95: 465.403ms	P50: 222.338ms	SD: 1658943.210	RATIO: 14.666%
>>>>> PROC: OSTAT
CALLS: 365	MIN: 0.538ms	AVG: 45.561ms	MAX: 230.611ms	TOTAL: 16629.619ms
P99: 153.500ms	P95: 100.545ms	P50: 36.077ms	SD: 335568.503	RATIO: 2.756%
+-+-+-+-+-+-+-+-+-+-+-+-+-+-+-+-+-+-+-+-+-+-+-+-+-+-+-+-+-+-+-+-+-+-+-+-+-+
>>>>> SUMMARY OF 12 ACTIVE VIRTUAL USERS : MEDIAN ELAPSED TIME : 603148ms
>>>>> PROC: NEWORD
CALLS: 105912	MIN: 4.512ms	AVG: 51.380ms	MAX: 1195.024ms	TOTAL: 5441768.074ms
P99: 256.807ms	P95: 105.022ms	P50: 41.506ms	SD: 479684.279	RATIO: 37.593%
>>>>> PROC: PAYMENT
CALLS: 105148	MIN: 3.762ms	AVG: 40.778ms	MAX: 845.377ms	TOTAL: 4287678.483ms
P99: 193.347ms	P95: 109.500ms	P50: 29.594ms	SD: 405088.677	RATIO: 29.620%
>>>>> PROC: DELIVERY
CALLS: 10550	MIN: 3.077ms	AVG: 207.453ms	MAX: 2950.979ms	TOTAL: 2188631.743ms
P99: 884.177ms	P95: 449.179ms	P50: 167.457ms	SD: 1827480.031	RATIO: 15.119%
>>>>> PROC: SLEV
CALLS: 10382	MIN: 0.694ms	AVG: 208.881ms	MAX: 1412.413ms	TOTAL: 2168607.932ms
P99: 638.004ms	P95: 453.057ms	P50: 187.443ms	SD: 1621662.190	RATIO: 14.981%
>>>>> PROC: OSTAT
CALLS: 10448	MIN: 0.411ms	AVG: 41.001ms	MAX: 654.105ms	TOTAL: 428383.593ms
P99: 160.247ms	P95: 101.883ms	P50: 31.136ms	SD: 367545.846	RATIO: 2.959%
+-+-+-+-+-+-+-+-+-+-+-+-+-+-+-+-+-+-+-+-+-+-+-+-+-+-+-+-+-+-+-+-+-+-+-+-+-+
