Hammerdb Log @ Fri Jun 06 16:26:00 UTC 2025
+-+-+-+-+-+-+-+-+-+-+-+-+-+-+-+-+-+-+-+-+-+-
Timestamp 1 @ Fri Jun 06 16:26:00 UTC 2025
Vuser 1:Initializing xtprof time profiler
Timestamp 1 @ Fri Jun 06 16:26:00 UTC 2025
Vuser 1:Ssl_cipher 
Timestamp 1 @ Fri Jun 06 16:26:00 UTC 2025
Vuser 1:Beginning rampup time of 2 minutes
Timestamp 2 @ Fri Jun 06 16:26:01 UTC 2025
Vuser 2:Initializing xtprof time profiler
Timestamp 2 @ Fri Jun 06 16:26:01 UTC 2025
Vuser 2:Ssl_cipher 
Timestamp 2 @ Fri Jun 06 16:26:01 UTC 2025
Vuser 2:Processing 1000000 transactions with output suppressed...
Timestamp 3 @ Fri Jun 06 16:26:01 UTC 2025
Vuser 3:Initializing xtprof time profiler
Timestamp 3 @ Fri Jun 06 16:26:01 UTC 2025
Vuser 3:Ssl_cipher 
Timestamp 3 @ Fri Jun 06 16:26:01 UTC 2025
Vuser 3:Processing 1000000 transactions with output suppressed...
Timestamp 1 @ Fri Jun 06 16:27:00 UTC 2025
Vuser 1:Rampup 1 minutes complete ...
Timestamp 1 @ Fri Jun 06 16:28:00 UTC 2025
Vuser 1:Rampup 2 minutes complete ...
Timestamp 1 @ Fri Jun 06 16:28:00 UTC 2025
Vuser 1:Rampup complete, Taking start Transaction Count.
Timestamp 1 @ Fri Jun 06 16:28:00 UTC 2025
Vuser 1:Timing test period of 8 in minutes
Timestamp 1 @ Fri Jun 06 16:29:00 UTC 2025
Vuser 1:1 ...,
Timestamp 1 @ Fri Jun 06 16:30:00 UTC 2025
Vuser 1:2 ...,
Timestamp 1 @ Fri Jun 06 16:31:00 UTC 2025
Vuser 1:3 ...,
Timestamp 1 @ Fri Jun 06 16:32:00 UTC 2025
Vuser 1:4 ...,
Timestamp 1 @ Fri Jun 06 16:33:00 UTC 2025
Vuser 1:5 ...,
Timestamp 1 @ Fri Jun 06 16:34:00 UTC 2025
Vuser 1:6 ...,
Timestamp 1 @ Fri Jun 06 16:35:00 UTC 2025
Vuser 1:7 ...,
Timestamp 1 @ Fri Jun 06 16:36:01 UTC 2025
Vuser 1:8 ...,
Timestamp 1 @ Fri Jun 06 16:36:01 UTC 2025
Vuser 1:Test complete, Taking end Transaction Count.
Timestamp 1 @ Fri Jun 06 16:36:01 UTC 2025
Vuser 1:2 Active Virtual Users configured
Timestamp 1 @ Fri Jun 06 16:36:01 UTC 2025
Vuser 1:TEST RESULT : System achieved 51693 NOPM from 120015 MariaDB TPM
Timestamp 1 @ Fri Jun 06 16:36:01 UTC 2025
Vuser 1:Gathering timing data from Active Virtual Users...
Timestamp 1 @ Fri Jun 06 16:36:18 UTC 2025
Vuser 1:Calculating timings...
Timestamp 1 @ Fri Jun 06 16:36:18 UTC 2025
Vuser 1:Writing timing data to /tmp/hdbxtprofile.log
