Hammerdb Log @ Fri Jun 06 16:38:45 UTC 2025
+-+-+-+-+-+-+-+-+-+-+-+-+-+-+-+-+-+-+-+-+-+-
Timestamp 1 @ Fri Jun 06 16:38:45 UTC 2025
Vuser 1:Initializing xtprof time profiler
Timestamp 1 @ Fri Jun 06 16:38:45 UTC 2025
Vuser 1:Ssl_cipher 
Timestamp 1 @ Fri Jun 06 16:38:45 UTC 2025
Vuser 1:Beginning rampup time of 2 minutes
Timestamp 2 @ Fri Jun 06 16:38:45 UTC 2025
Vuser 2:Initializing xtprof time profiler
Timestamp 2 @ Fri Jun 06 16:38:45 UTC 2025
Vuser 2:Ssl_cipher 
Timestamp 2 @ Fri Jun 06 16:38:45 UTC 2025
Vuser 2:Processing 1000000 transactions with output suppressed...
Timestamp 3 @ Fri Jun 06 16:38:46 UTC 2025
Vuser 3:Initializing xtprof time profiler
Timestamp 3 @ Fri Jun 06 16:38:46 UTC 2025
Vuser 3:Ssl_cipher 
Timestamp 3 @ Fri Jun 06 16:38:46 UTC 2025
Vuser 3:Processing 1000000 transactions with output suppressed...
Timestamp 4 @ Fri Jun 06 16:38:46 UTC 2025
Vuser 4:Initializing xtprof time profiler
Timestamp 4 @ Fri Jun 06 16:38:46 UTC 2025
Vuser 4:Ssl_cipher 
Timestamp 4 @ Fri Jun 06 16:38:46 UTC 2025
Vuser 4:Processing 1000000 transactions with output suppressed...
Timestamp 5 @ Fri Jun 06 16:38:47 UTC 2025
Vuser 5:Initializing xtprof time profiler
Timestamp 5 @ Fri Jun 06 16:38:47 UTC 2025
Vuser 5:Ssl_cipher 
Timestamp 5 @ Fri Jun 06 16:38:47 UTC 2025
Vuser 5:Processing 1000000 transactions with output suppressed...
Timestamp 1 @ Fri Jun 06 16:39:45 UTC 2025
Vuser 1:Rampup 1 minutes complete ...
Timestamp 1 @ Fri Jun 06 16:40:45 UTC 2025
Vuser 1:Rampup 2 minutes complete ...
Timestamp 1 @ Fri Jun 06 16:40:45 UTC 2025
Vuser 1:Rampup complete, Taking start Transaction Count.
Timestamp 1 @ Fri Jun 06 16:40:45 UTC 2025
Vuser 1:Timing test period of 8 in minutes
Timestamp 1 @ Fri Jun 06 16:41:45 UTC 2025
Vuser 1:1 ...,
Timestamp 1 @ Fri Jun 06 16:42:45 UTC 2025
Vuser 1:2 ...,
Timestamp 1 @ Fri Jun 06 16:43:45 UTC 2025
Vuser 1:3 ...,
Timestamp 1 @ Fri Jun 06 16:44:45 UTC 2025
Vuser 1:4 ...,
Timestamp 1 @ Fri Jun 06 16:45:45 UTC 2025
Vuser 1:5 ...,
Timestamp 1 @ Fri Jun 06 16:46:45 UTC 2025
Vuser 1:6 ...,
Timestamp 1 @ Fri Jun 06 16:47:45 UTC 2025
Vuser 1:7 ...,
Timestamp 1 @ Fri Jun 06 16:48:45 UTC 2025
Vuser 1:8 ...,
Timestamp 1 @ Fri Jun 06 16:48:45 UTC 2025
Vuser 1:Test complete, Taking end Transaction Count.
Timestamp 1 @ Fri Jun 06 16:48:45 UTC 2025
Vuser 1:4 Active Virtual Users configured
Timestamp 1 @ Fri Jun 06 16:48:45 UTC 2025
Vuser 1:TEST RESULT : System achieved 113358 NOPM from 263197 MariaDB TPM
Timestamp 1 @ Fri Jun 06 16:48:45 UTC 2025
Vuser 1:Gathering timing data from Active Virtual Users...
Timestamp 1 @ Fri Jun 06 16:48:47 UTC 2025
Vuser 1:Calculating timings...
Timestamp 1 @ Fri Jun 06 16:48:47 UTC 2025
Vuser 1:Writing timing data to /tmp/hdbxtprofile.log
