Hammerdb Log @ Fri Jun 06 14:36:38 UTC 2025
+-+-+-+-+-+-+-+-+-+-+-+-+-+-+-+-+-+-+-+-+-+-
Timestamp 1 @ Fri Jun 06 14:36:38 UTC 2025
Vuser 1:Initializing xtprof time profiler
Timestamp 1 @ Fri Jun 06 14:36:38 UTC 2025
Vuser 1:Beginning rampup time of 2 minutes
Timestamp 2 @ Fri Jun 06 14:36:39 UTC 2025
Vuser 2:Initializing xtprof time profiler
Timestamp 2 @ Fri Jun 06 14:36:39 UTC 2025
Vuser 2:Processing 1000000 transactions with output suppressed...
Timestamp 3 @ Fri Jun 06 14:36:39 UTC 2025
Vuser 3:Initializing xtprof time profiler
Timestamp 3 @ Fri Jun 06 14:36:39 UTC 2025
Vuser 3:Processing 1000000 transactions with output suppressed...
Timestamp 1 @ Fri Jun 06 14:37:38 UTC 2025
Vuser 1:Rampup 1 minutes complete ...
Timestamp 1 @ Fri Jun 06 14:38:38 UTC 2025
Vuser 1:Rampup 2 minutes complete ...
Timestamp 1 @ Fri Jun 06 14:38:38 UTC 2025
Vuser 1:Rampup complete, Taking start Transaction Count.
Timestamp 1 @ Fri Jun 06 14:38:38 UTC 2025
Vuser 1:Timing test period of 8 in minutes
Timestamp 1 @ Fri Jun 06 14:39:38 UTC 2025
Vuser 1:1 ...,
Timestamp 1 @ Fri Jun 06 14:40:39 UTC 2025
Vuser 1:2 ...,
Timestamp 1 @ Fri Jun 06 14:41:39 UTC 2025
Vuser 1:3 ...,
Timestamp 1 @ Fri Jun 06 14:42:39 UTC 2025
Vuser 1:4 ...,
Timestamp 1 @ Fri Jun 06 14:43:39 UTC 2025
Vuser 1:5 ...,
Timestamp 1 @ Fri Jun 06 14:44:39 UTC 2025
Vuser 1:6 ...,
Timestamp 1 @ Fri Jun 06 14:45:39 UTC 2025
Vuser 1:7 ...,
Timestamp 1 @ Fri Jun 06 14:46:39 UTC 2025
Vuser 1:8 ...,
Timestamp 1 @ Fri Jun 06 14:46:39 UTC 2025
Vuser 1:Test complete, Taking end Transaction Count.
Timestamp 1 @ Fri Jun 06 14:46:39 UTC 2025
Vuser 1:2 Active Virtual Users configured
Timestamp 1 @ Fri Jun 06 14:46:39 UTC 2025
Vuser 1:TEST RESULT : System achieved 67169 NOPM from 154583 PostgreSQL TPM
Timestamp 1 @ Fri Jun 06 14:46:39 UTC 2025
Vuser 1:Gathering timing data from Active Virtual Users...
Timestamp 1 @ Fri Jun 06 14:46:39 UTC 2025
Vuser 1:Calculating timings...
Timestamp 1 @ Fri Jun 06 14:46:39 UTC 2025
Vuser 1:Writing timing data to /tmp/hdbxtprofile.log
