Hammerdb Log @ Fri Jun 06 17:08:01 UTC 2025
+-+-+-+-+-+-+-+-+-+-+-+-+-+-+-+-+-+-+-+-+-+-
Timestamp 1 @ Fri Jun 06 17:08:01 UTC 2025
Vuser 1:Initializing xtprof time profiler
Timestamp 1 @ Fri Jun 06 17:08:01 UTC 2025
Vuser 1:Ssl_cipher 
Timestamp 1 @ Fri Jun 06 17:08:01 UTC 2025
Vuser 1:Beginning rampup time of 2 minutes
Timestamp 2 @ Fri Jun 06 17:08:02 UTC 2025
Vuser 2:Initializing xtprof time profiler
Timestamp 2 @ Fri Jun 06 17:08:02 UTC 2025
Vuser 2:Ssl_cipher 
Timestamp 2 @ Fri Jun 06 17:08:02 UTC 2025
Vuser 2:Processing 1000000 transactions with output suppressed...
Timestamp 3 @ Fri Jun 06 17:08:02 UTC 2025
Vuser 3:Initializing xtprof time profiler
Timestamp 3 @ Fri Jun 06 17:08:02 UTC 2025
Vuser 3:Ssl_cipher 
Timestamp 3 @ Fri Jun 06 17:08:02 UTC 2025
Vuser 3:Processing 1000000 transactions with output suppressed...
Timestamp 4 @ Fri Jun 06 17:08:03 UTC 2025
Vuser 4:Initializing xtprof time profiler
Timestamp 4 @ Fri Jun 06 17:08:03 UTC 2025
Vuser 4:Ssl_cipher 
Timestamp 4 @ Fri Jun 06 17:08:03 UTC 2025
Vuser 4:Processing 1000000 transactions with output suppressed...
Timestamp 5 @ Fri Jun 06 17:08:03 UTC 2025
Vuser 5:Initializing xtprof time profiler
Timestamp 5 @ Fri Jun 06 17:08:03 UTC 2025
Vuser 5:Ssl_cipher 
Timestamp 5 @ Fri Jun 06 17:08:03 UTC 2025
Vuser 5:Processing 1000000 transactions with output suppressed...
Timestamp 6 @ Fri Jun 06 17:08:04 UTC 2025
Vuser 6:Initializing xtprof time profiler
Timestamp 6 @ Fri Jun 06 17:08:04 UTC 2025
Vuser 6:Ssl_cipher 
Timestamp 6 @ Fri Jun 06 17:08:04 UTC 2025
Vuser 6:Processing 1000000 transactions with output suppressed...
Timestamp 7 @ Fri Jun 06 17:08:04 UTC 2025
Vuser 7:Initializing xtprof time profiler
Timestamp 7 @ Fri Jun 06 17:08:04 UTC 2025
Vuser 7:Ssl_cipher 
Timestamp 7 @ Fri Jun 06 17:08:04 UTC 2025
Vuser 7:Processing 1000000 transactions with output suppressed...
Timestamp 8 @ Fri Jun 06 17:08:05 UTC 2025
Vuser 8:Initializing xtprof time profiler
Timestamp 8 @ Fri Jun 06 17:08:05 UTC 2025
Vuser 8:Ssl_cipher 
Timestamp 8 @ Fri Jun 06 17:08:05 UTC 2025
Vuser 8:Processing 1000000 transactions with output suppressed...
Timestamp 9 @ Fri Jun 06 17:08:05 UTC 2025
Vuser 9:Initializing xtprof time profiler
Timestamp 9 @ Fri Jun 06 17:08:05 UTC 2025
Vuser 9:Ssl_cipher 
Timestamp 9 @ Fri Jun 06 17:08:05 UTC 2025
Vuser 9:Processing 1000000 transactions with output suppressed...
Timestamp 10 @ Fri Jun 06 17:08:06 UTC 2025
Vuser 10:Initializing xtprof time profiler
Timestamp 10 @ Fri Jun 06 17:08:06 UTC 2025
Vuser 10:Ssl_cipher 
Timestamp 10 @ Fri Jun 06 17:08:06 UTC 2025
Vuser 10:Processing 1000000 transactions with output suppressed...
Timestamp 11 @ Fri Jun 06 17:08:06 UTC 2025
Vuser 11:Initializing xtprof time profiler
Timestamp 11 @ Fri Jun 06 17:08:06 UTC 2025
Vuser 11:Ssl_cipher 
Timestamp 11 @ Fri Jun 06 17:08:06 UTC 2025
Vuser 11:Processing 1000000 transactions with output suppressed...
Timestamp 12 @ Fri Jun 06 17:08:07 UTC 2025
Vuser 12:Initializing xtprof time profiler
Timestamp 12 @ Fri Jun 06 17:08:07 UTC 2025
Vuser 12:Ssl_cipher 
Timestamp 12 @ Fri Jun 06 17:08:07 UTC 2025
Vuser 12:Processing 1000000 transactions with output suppressed...
Timestamp 13 @ Fri Jun 06 17:08:07 UTC 2025
Vuser 13:Initializing xtprof time profiler
Timestamp 13 @ Fri Jun 06 17:08:07 UTC 2025
Vuser 13:Ssl_cipher 
Timestamp 13 @ Fri Jun 06 17:08:07 UTC 2025
Vuser 13:Processing 1000000 transactions with output suppressed...
Timestamp 1 @ Fri Jun 06 17:09:01 UTC 2025
Vuser 1:Rampup 1 minutes complete ...
Timestamp 1 @ Fri Jun 06 17:10:01 UTC 2025
Vuser 1:Rampup 2 minutes complete ...
Timestamp 1 @ Fri Jun 06 17:10:01 UTC 2025
Vuser 1:Rampup complete, Taking start Transaction Count.
Timestamp 1 @ Fri Jun 06 17:10:01 UTC 2025
Vuser 1:Timing test period of 8 in minutes
Timestamp 1 @ Fri Jun 06 17:11:01 UTC 2025
Vuser 1:1 ...,
Timestamp 1 @ Fri Jun 06 17:12:01 UTC 2025
Vuser 1:2 ...,
Timestamp 1 @ Fri Jun 06 17:13:01 UTC 2025
Vuser 1:3 ...,
Timestamp 1 @ Fri Jun 06 17:14:01 UTC 2025
Vuser 1:4 ...,
Timestamp 1 @ Fri Jun 06 17:15:01 UTC 2025
Vuser 1:5 ...,
Timestamp 1 @ Fri Jun 06 17:16:01 UTC 2025
Vuser 1:6 ...,
Timestamp 1 @ Fri Jun 06 17:17:01 UTC 2025
Vuser 1:7 ...,
Timestamp 1 @ Fri Jun 06 17:18:01 UTC 2025
Vuser 1:8 ...,
Timestamp 1 @ Fri Jun 06 17:18:01 UTC 2025
Vuser 1:Test complete, Taking end Transaction Count.
Timestamp 1 @ Fri Jun 06 17:18:01 UTC 2025
Vuser 1:12 Active Virtual Users configured
Timestamp 1 @ Fri Jun 06 17:18:01 UTC 2025
Vuser 1:TEST RESULT : System achieved 127913 NOPM from 297075 MariaDB TPM
Timestamp 1 @ Fri Jun 06 17:18:01 UTC 2025
Vuser 1:Gathering timing data from Active Virtual Users...
Timestamp 1 @ Fri Jun 06 17:18:04 UTC 2025
Vuser 1:Calculating timings...
Timestamp 1 @ Fri Jun 06 17:18:04 UTC 2025
Vuser 1:Writing timing data to /tmp/hdbxtprofile.log
