PostgreSQL Hammerdb Time Profile Report @ Fri Jun 06 14:46:39 UTC 2025
+-+-+-+-+-+-+-+-+-+-+-+-+-+-+-+-+-+-+-+-+-+-+-+-+-+-+-+-+-+-+-+-+-+-+-+-+-+
>>>>> VIRTUAL USER 2 : ELAPSED TIME : 333650ms
>>>>> PROC: NEWORD
CALLS: 435590	MIN: 0.071ms	AVG: 0.353ms	MAX: 47.698ms	TOTAL: 153691.217ms
P99: 0.615ms	P95: 0.484ms	P50: 0.341ms	SD: 213.835	RATIO: 46.064%
>>>>> PROC: PAYMENT
CALLS: 434026	MIN: 0.111ms	AVG: 0.197ms	MAX: 125.106ms	TOTAL: 85558.622ms
P99: 0.430ms	P95: 0.300ms	P50: 0.177ms	SD: 320.349	RATIO: 25.643%
>>>>> PROC: DELIVERY
CALLS: 43649	MIN: 0.447ms	AVG: 0.922ms	MAX: 52.839ms	TOTAL: 40224.617ms
P99: 1.820ms	P95: 1.464ms	P50: 0.844ms	SD: 518.901	RATIO: 12.056%
>>>>> PROC: SLEV
CALLS: 43497	MIN: 0.280ms	AVG: 0.670ms	MAX: 144.548ms	TOTAL: 29147.496ms
P99: 5.564ms	P95: 0.866ms	P50: 0.553ms	SD: 964.343	RATIO: 8.736%
>>>>> PROC: OSTAT
CALLS: 43238	MIN: 0.086ms	AVG: 0.198ms	MAX: 60.739ms	TOTAL: 8563.130ms
P99: 0.701ms	P95: 0.238ms	P50: 0.151ms	SD: 867.185	RATIO: 2.567%
+-+-+-+-+-+-+-+-+-+-+-+-+-+-+-+-+-+-+-+-+-+-+-+-+-+-+-+-+-+-+-+-+-+-+-+-+-+
>>>>> VIRTUAL USER 3 : ELAPSED TIME : 332795ms
>>>>> PROC: NEWORD
CALLS: 434654	MIN: 0.212ms	AVG: 0.357ms	MAX: 74.954ms	TOTAL: 155112.374ms
P99: 0.612ms	P95: 0.483ms	P50: 0.346ms	SD: 235.448	RATIO: 46.609%
>>>>> PROC: PAYMENT
CALLS: 434816	MIN: 0.048ms	AVG: 0.200ms	MAX: 115.453ms	TOTAL: 86990.317ms
P99: 0.427ms	P95: 0.298ms	P50: 0.179ms	SD: 270.508	RATIO: 26.139%
>>>>> PROC: DELIVERY
CALLS: 43834	MIN: 0.469ms	AVG: 0.914ms	MAX: 48.639ms	TOTAL: 40070.139ms
P99: 1.787ms	P95: 1.446ms	P50: 0.835ms	SD: 563.102	RATIO: 12.040%
>>>>> PROC: SLEV
CALLS: 43436	MIN: 0.273ms	AVG: 0.594ms	MAX: 15.743ms	TOTAL: 25804.108ms
P99: 1.003ms	P95: 0.830ms	P50: 0.553ms	SD: 273.692	RATIO: 7.754%
>>>>> PROC: OSTAT
CALLS: 43260	MIN: 0.086ms	AVG: 0.197ms	MAX: 90.141ms	TOTAL: 8534.764ms
P99: 0.735ms	P95: 0.242ms	P50: 0.152ms	SD: 989.384	RATIO: 2.565%
+-+-+-+-+-+-+-+-+-+-+-+-+-+-+-+-+-+-+-+-+-+-+-+-+-+-+-+-+-+-+-+-+-+-+-+-+-+
>>>>> SUMMARY OF 2 ACTIVE VIRTUAL USERS : MEDIAN ELAPSED TIME : 333222ms
>>>>> PROC: NEWORD
CALLS: 1740488	MIN: -0.840ms	AVG: 0.354ms	MAX: 74.954ms	TOTAL: 617607.184ms
P99: 0.614ms	P95: 0.484ms	P50: 0.344ms	SD: 224.899	RATIO: 92.672%
>>>>> PROC: PAYMENT
CALLS: 1737684	MIN: -0.955ms	AVG: 0.198ms	MAX: 125.106ms	TOTAL: 345097.880ms
P99: 0.428ms	P95: 0.299ms	P50: 0.178ms	SD: 296.459	RATIO: 51.782%
>>>>> PROC: DELIVERY
CALLS: 174966	MIN: 0.447ms	AVG: 0.917ms	MAX: 52.839ms	TOTAL: 160589.513ms
P99: 1.801ms	P95: 1.455ms	P50: 0.839ms	SD: 541.508	RATIO: 24.096%
>>>>> PROC: SLEV
CALLS: 173866	MIN: 0.273ms	AVG: 0.632ms	MAX: 144.548ms	TOTAL: 109903.206ms
P99: 1.761ms	P95: 0.847ms	P50: 0.553ms	SD: 710.048	RATIO: 16.491%
>>>>> PROC: OSTAT
CALLS: 172996	MIN: 0.086ms	AVG: 0.197ms	MAX: 90.141ms	TOTAL: 34195.787ms
P99: 0.722ms	P95: 0.240ms	P50: 0.151ms	SD: 930.301	RATIO: 5.131%
+-+-+-+-+-+-+-+-+-+-+-+-+-+-+-+-+-+-+-+-+-+-+-+-+-+-+-+-+-+-+-+-+-+-+-+-+-+
PostgreSQL Hammerdb Time Profile Report @ Fri Jun 06 14:59:15 UTC 2025
+-+-+-+-+-+-+-+-+-+-+-+-+-+-+-+-+-+-+-+-+-+-+-+-+-+-+-+-+-+-+-+-+-+-+-+-+-+
>>>>> VIRTUAL USER 2 : ELAPSED TIME : 607529ms
>>>>> PROC: SLEV
CALLS: 32441	MIN: 0.290ms	AVG: 8.217ms	MAX: 6271.218ms	TOTAL: 266582.757ms
P99: 291.332ms	P95: 6.390ms	P50: 0.896ms	SD: 58776.503	RATIO: 43.880%
>>>>> PROC: NEWORD
CALLS: 323644	MIN: 0.119ms	AVG: 0.476ms	MAX: 165.721ms	TOTAL: 154137.188ms
P99: 1.189ms	P95: 0.701ms	P50: 0.405ms	SD: 1049.002	RATIO: 25.371%
>>>>> PROC: PAYMENT
CALLS: 322605	MIN: 0.114ms	AVG: 0.284ms	MAX: 120.545ms	TOTAL: 91604.663ms
P99: 0.787ms	P95: 0.465ms	P50: 0.213ms	SD: 1013.779	RATIO: 15.078%
>>>>> PROC: DELIVERY
CALLS: 32139	MIN: 0.527ms	AVG: 1.789ms	MAX: 148.656ms	TOTAL: 57491.227ms
P99: 19.163ms	P95: 2.700ms	P50: 1.164ms	SD: 4409.783	RATIO: 9.463%
>>>>> PROC: OSTAT
CALLS: 32595	MIN: 0.090ms	AVG: 0.604ms	MAX: 144.684ms	TOTAL: 19696.856ms
P99: 7.002ms	P95: 0.813ms	P50: 0.204ms	SD: 3607.047	RATIO: 3.242%
+-+-+-+-+-+-+-+-+-+-+-+-+-+-+-+-+-+-+-+-+-+-+-+-+-+-+-+-+-+-+-+-+-+-+-+-+-+
>>>>> VIRTUAL USER 3 : ELAPSED TIME : 607196ms
>>>>> PROC: SLEV
CALLS: 32837	MIN: 0.319ms	AVG: 8.201ms	MAX: 6270.897ms	TOTAL: 269301.409ms
P99: 292.139ms	P95: 6.283ms	P50: 0.844ms	SD: 56471.616	RATIO: 44.352%
>>>>> PROC: NEWORD
CALLS: 325401	MIN: 0.005ms	AVG: 0.483ms	MAX: 151.583ms	TOTAL: 157193.093ms
P99: 1.223ms	P95: 0.718ms	P50: 0.405ms	SD: 1075.029	RATIO: 25.888%
>>>>> PROC: PAYMENT
CALLS: 325984	MIN: 0.100ms	AVG: 0.291ms	MAX: 115.989ms	TOTAL: 94748.642ms
P99: 0.830ms	P95: 0.484ms	P50: 0.213ms	SD: 1060.798	RATIO: 15.604%
>>>>> PROC: DELIVERY
CALLS: 32625	MIN: 0.513ms	AVG: 1.476ms	MAX: 132.238ms	TOTAL: 48153.000ms
P99: 12.503ms	P95: 2.199ms	P50: 1.006ms	SD: 3675.442	RATIO: 7.930%
>>>>> PROC: OSTAT
CALLS: 32721	MIN: 0.085ms	AVG: 0.617ms	MAX: 162.165ms	TOTAL: 20200.062ms
P99: 6.533ms	P95: 0.866ms	P50: 0.203ms	SD: 3811.348	RATIO: 3.327%
+-+-+-+-+-+-+-+-+-+-+-+-+-+-+-+-+-+-+-+-+-+-+-+-+-+-+-+-+-+-+-+-+-+-+-+-+-+
>>>>> VIRTUAL USER 4 : ELAPSED TIME : 608333ms
>>>>> PROC: SLEV
CALLS: 33393	MIN: 0.073ms	AVG: 7.930ms	MAX: 6276.366ms	TOTAL: 264792.601ms
P99: 291.934ms	P95: 6.281ms	P50: 0.847ms	SD: 55625.167	RATIO: 43.528%
>>>>> PROC: NEWORD
CALLS: 332592	MIN: 0.097ms	AVG: 0.476ms	MAX: 145.355ms	TOTAL: 158268.507ms
P99: 1.194ms	P95: 0.708ms	P50: 0.404ms	SD: 1038.249	RATIO: 26.017%
>>>>> PROC: PAYMENT
CALLS: 332661	MIN: 0.107ms	AVG: 0.288ms	MAX: 119.336ms	TOTAL: 95713.050ms
P99: 0.813ms	P95: 0.474ms	P50: 0.210ms	SD: 1067.415	RATIO: 15.734%
>>>>> PROC: DELIVERY
CALLS: 33398	MIN: 0.529ms	AVG: 1.589ms	MAX: 235.633ms	TOTAL: 53077.427ms
P99: 17.365ms	P95: 2.334ms	P50: 1.023ms	SD: 4255.591	RATIO: 8.725%
>>>>> PROC: OSTAT
CALLS: 32884	MIN: 0.092ms	AVG: 0.592ms	MAX: 135.136ms	TOTAL: 19466.957ms
P99: 6.438ms	P95: 0.844ms	P50: 0.202ms	SD: 3468.553	RATIO: 3.200%
+-+-+-+-+-+-+-+-+-+-+-+-+-+-+-+-+-+-+-+-+-+-+-+-+-+-+-+-+-+-+-+-+-+-+-+-+-+
>>>>> VIRTUAL USER 5 : ELAPSED TIME : 605672ms
>>>>> PROC: SLEV
CALLS: 33247	MIN: 0.273ms	AVG: 7.765ms	MAX: 6212.811ms	TOTAL: 258171.786ms
P99: 292.195ms	P95: 6.333ms	P50: 0.852ms	SD: 54780.666	RATIO: 42.626%
>>>>> PROC: NEWORD
CALLS: 332730	MIN: 0.200ms	AVG: 0.483ms	MAX: 122.240ms	TOTAL: 160813.082ms
P99: 1.225ms	P95: 0.716ms	P50: 0.406ms	SD: 1103.041	RATIO: 26.551%
>>>>> PROC: PAYMENT
CALLS: 333429	MIN: 0.106ms	AVG: 0.291ms	MAX: 135.159ms	TOTAL: 96906.464ms
P99: 0.820ms	P95: 0.480ms	P50: 0.213ms	SD: 1048.923	RATIO: 16.000%
>>>>> PROC: DELIVERY
CALLS: 33390	MIN: 0.518ms	AVG: 1.582ms	MAX: 126.909ms	TOTAL: 52831.890ms
P99: 15.252ms	P95: 2.376ms	P50: 1.032ms	SD: 3964.272	RATIO: 8.723%
>>>>> PROC: OSTAT
CALLS: 33156	MIN: 0.090ms	AVG: 0.573ms	MAX: 138.933ms	TOTAL: 18992.833ms
P99: 5.395ms	P95: 0.823ms	P50: 0.205ms	SD: 3509.874	RATIO: 3.136%
+-+-+-+-+-+-+-+-+-+-+-+-+-+-+-+-+-+-+-+-+-+-+-+-+-+-+-+-+-+-+-+-+-+-+-+-+-+
>>>>> SUMMARY OF 4 ACTIVE VIRTUAL USERS : MEDIAN ELAPSED TIME : 607362ms
>>>>> PROC: SLEV
CALLS: 263836	MIN: 0.073ms	AVG: 8.026ms	MAX: 6276.364ms	TOTAL: 2117697.396ms
P99: 291.948ms	P95: 6.323ms	P50: 0.858ms	SD: 56417.096	RATIO: 87.168%
>>>>> PROC: NEWORD
CALLS: 2628734	MIN: -0.743ms	AVG: 0.479ms	MAX: 165.721ms	TOTAL: 1260823.909ms
P99: 1.207ms	P95: 0.711ms	P50: 0.405ms	SD: 1066.706	RATIO: 51.897%
>>>>> PROC: PAYMENT
CALLS: 2629358	MIN: -0.751ms	AVG: 0.288ms	MAX: 135.159ms	TOTAL: 757945.735ms
P99: 0.814ms	P95: 0.476ms	P50: 0.212ms	SD: 1048.127	RATIO: 31.198%
>>>>> PROC: DELIVERY
CALLS: 263104	MIN: 0.513ms	AVG: 1.608ms	MAX: 235.633ms	TOTAL: 423107.157ms
P99: 15.802ms	P95: 2.389ms	P50: 1.054ms	SD: 4086.529	RATIO: 17.416%
>>>>> PROC: OSTAT
CALLS: 262712	MIN: 0.085ms	AVG: 0.596ms	MAX: 162.165ms	TOTAL: 156713.438ms
P99: 6.262ms	P95: 0.836ms	P50: 0.204ms	SD: 3601.162	RATIO: 6.451%
+-+-+-+-+-+-+-+-+-+-+-+-+-+-+-+-+-+-+-+-+-+-+-+-+-+-+-+-+-+-+-+-+-+-+-+-+-+
PostgreSQL Hammerdb Time Profile Report @ Fri Jun 06 15:13:12 UTC 2025
+-+-+-+-+-+-+-+-+-+-+-+-+-+-+-+-+-+-+-+-+-+-+-+-+-+-+-+-+-+-+-+-+-+-+-+-+-+
>>>>> VIRTUAL USER 2 : ELAPSED TIME : 601621ms
>>>>> PROC: NEWORD
CALLS: 229076	MIN: 0.210ms	AVG: 0.960ms	MAX: 95.704ms	TOTAL: 220018.486ms
P99: 6.575ms	P95: 2.077ms	P50: 0.569ms	SD: 2077.117	RATIO: 36.571%
>>>>> PROC: PAYMENT
CALLS: 228726	MIN: 0.094ms	AVG: 0.686ms	MAX: 191.016ms	TOTAL: 156875.203ms
P99: 7.534ms	P95: 1.609ms	P50: 0.287ms	SD: 2334.495	RATIO: 26.075%
>>>>> PROC: DELIVERY
CALLS: 22819	MIN: 0.540ms	AVG: 5.319ms	MAX: 181.966ms	TOTAL: 121365.827ms
P99: 50.439ms	P95: 20.516ms	P50: 2.745ms	SD: 9296.785	RATIO: 20.173%
>>>>> PROC: OSTAT
CALLS: 22926	MIN: 0.075ms	AVG: 1.754ms	MAX: 111.201ms	TOTAL: 40203.549ms
P99: 33.489ms	P95: 6.366ms	P50: 0.328ms	SD: 5805.373	RATIO: 6.683%
>>>>> PROC: SLEV
CALLS: 22789	MIN: 0.297ms	AVG: 1.685ms	MAX: 24.579ms	TOTAL: 38393.080ms
P99: 10.220ms	P95: 6.552ms	P50: 1.083ms	SD: 1914.757	RATIO: 6.382%
+-+-+-+-+-+-+-+-+-+-+-+-+-+-+-+-+-+-+-+-+-+-+-+-+-+-+-+-+-+-+-+-+-+-+-+-+-+
>>>>> VIRTUAL USER 3 : ELAPSED TIME : 601675ms
>>>>> PROC: NEWORD
CALLS: 206582	MIN: 0.219ms	AVG: 0.998ms	MAX: 206.609ms	TOTAL: 206241.265ms
P99: 7.429ms	P95: 2.149ms	P50: 0.578ms	SD: 2287.505	RATIO: 34.278%
>>>>> PROC: PAYMENT
CALLS: 206830	MIN: 0.095ms	AVG: 0.700ms	MAX: 95.673ms	TOTAL: 144808.772ms
P99: 7.823ms	P95: 1.641ms	P50: 0.293ms	SD: 2366.684	RATIO: 24.068%
>>>>> PROC: DELIVERY
CALLS: 20852	MIN: 0.626ms	AVG: 5.760ms	MAX: 203.960ms	TOTAL: 120110.327ms
P99: 52.045ms	P95: 23.552ms	P50: 2.894ms	SD: 9718.190	RATIO: 19.963%
>>>>> PROC: SLEV
CALLS: 20461	MIN: 0.327ms	AVG: 3.509ms	MAX: 1928.542ms	TOTAL: 71798.703ms
P99: 12.878ms	P95: 9.315ms	P50: 1.362ms	SD: 18242.975	RATIO: 11.933%
>>>>> PROC: OSTAT
CALLS: 20411	MIN: 0.077ms	AVG: 1.788ms	MAX: 87.643ms	TOTAL: 36501.463ms
P99: 33.506ms	P95: 6.496ms	P50: 0.341ms	SD: 5944.363	RATIO: 6.067%
+-+-+-+-+-+-+-+-+-+-+-+-+-+-+-+-+-+-+-+-+-+-+-+-+-+-+-+-+-+-+-+-+-+-+-+-+-+
>>>>> VIRTUAL USER 4 : ELAPSED TIME : 600662ms
>>>>> PROC: NEWORD
CALLS: 213331	MIN: 0.186ms	AVG: 0.984ms	MAX: 198.896ms	TOTAL: 209859.857ms
P99: 7.089ms	P95: 2.127ms	P50: 0.578ms	SD: 2159.030	RATIO: 34.938%
>>>>> PROC: PAYMENT
CALLS: 212287	MIN: 0.097ms	AVG: 0.694ms	MAX: 127.995ms	TOTAL: 147369.650ms
P99: 7.646ms	P95: 1.650ms	P50: 0.293ms	SD: 2314.238	RATIO: 24.535%
>>>>> PROC: DELIVERY
CALLS: 21303	MIN: 0.576ms	AVG: 5.663ms	MAX: 133.640ms	TOTAL: 120642.524ms
P99: 53.772ms	P95: 23.092ms	P50: 2.842ms	SD: 9745.057	RATIO: 20.085%
>>>>> PROC: SLEV
CALLS: 21362	MIN: 0.343ms	AVG: 2.923ms	MAX: 1832.164ms	TOTAL: 62445.832ms
P99: 12.023ms	P95: 8.494ms	P50: 1.177ms	SD: 17165.320	RATIO: 10.396%
>>>>> PROC: OSTAT
CALLS: 21189	MIN: 0.075ms	AVG: 1.760ms	MAX: 104.020ms	TOTAL: 37286.621ms
P99: 33.532ms	P95: 6.371ms	P50: 0.332ms	SD: 5849.717	RATIO: 6.208%
+-+-+-+-+-+-+-+-+-+-+-+-+-+-+-+-+-+-+-+-+-+-+-+-+-+-+-+-+-+-+-+-+-+-+-+-+-+
>>>>> VIRTUAL USER 5 : ELAPSED TIME : 599641ms
>>>>> PROC: NEWORD
CALLS: 227402	MIN: 0.212ms	AVG: 0.958ms	MAX: 146.959ms	TOTAL: 217765.602ms
P99: 6.588ms	P95: 2.079ms	P50: 0.569ms	SD: 2066.312	RATIO: 36.316%
>>>>> PROC: PAYMENT
CALLS: 228171	MIN: 0.095ms	AVG: 0.675ms	MAX: 125.809ms	TOTAL: 153946.996ms
P99: 6.918ms	P95: 1.622ms	P50: 0.291ms	SD: 2188.523	RATIO: 25.673%
>>>>> PROC: DELIVERY
CALLS: 23031	MIN: 0.579ms	AVG: 5.904ms	MAX: 215.055ms	TOTAL: 135965.238ms
P99: 52.717ms	P95: 24.929ms	P50: 2.982ms	SD: 9936.174	RATIO: 22.674%
>>>>> PROC: OSTAT
CALLS: 22729	MIN: 0.077ms	AVG: 1.722ms	MAX: 204.847ms	TOTAL: 39130.081ms
P99: 32.703ms	P95: 5.908ms	P50: 0.331ms	SD: 5908.455	RATIO: 6.526%
>>>>> PROC: SLEV
CALLS: 22955	MIN: 0.312ms	AVG: 1.231ms	MAX: 36.990ms	TOTAL: 28253.530ms
P99: 3.697ms	P95: 2.168ms	P50: 1.022ms	SD: 831.013	RATIO: 4.712%
+-+-+-+-+-+-+-+-+-+-+-+-+-+-+-+-+-+-+-+-+-+-+-+-+-+-+-+-+-+-+-+-+-+-+-+-+-+
>>>>> VIRTUAL USER 6 : ELAPSED TIME : 599015ms
>>>>> PROC: NEWORD
CALLS: 188902	MIN: 0.216ms	AVG: 0.998ms	MAX: 128.483ms	TOTAL: 188571.331ms
P99: 7.557ms	P95: 2.135ms	P50: 0.581ms	SD: 2224.106	RATIO: 31.480%
>>>>> PROC: PAYMENT
CALLS: 188793	MIN: 0.093ms	AVG: 0.711ms	MAX: 208.198ms	TOTAL: 134310.082ms
P99: 8.211ms	P95: 1.647ms	P50: 0.294ms	SD: 2475.304	RATIO: 22.422%
>>>>> PROC: DELIVERY
CALLS: 18722	MIN: 0.607ms	AVG: 5.989ms	MAX: 194.806ms	TOTAL: 112118.360ms
P99: 57.196ms	P95: 25.050ms	P50: 2.956ms	SD: 10475.778	RATIO: 18.717%
>>>>> PROC: SLEV
CALLS: 18869	MIN: 0.431ms	AVG: 5.689ms	MAX: 1832.810ms	TOTAL: 107339.842ms
P99: 14.546ms	P95: 10.952ms	P50: 6.302ms	SD: 18175.121	RATIO: 17.919%
>>>>> PROC: OSTAT
CALLS: 18890	MIN: 0.078ms	AVG: 1.917ms	MAX: 97.613ms	TOTAL: 36214.260ms
P99: 36.633ms	P95: 7.035ms	P50: 0.341ms	SD: 6406.182	RATIO: 6.046%
+-+-+-+-+-+-+-+-+-+-+-+-+-+-+-+-+-+-+-+-+-+-+-+-+-+-+-+-+-+-+-+-+-+-+-+-+-+
>>>>> VIRTUAL USER 7 : ELAPSED TIME : 599491ms
>>>>> PROC: NEWORD
CALLS: 227970	MIN: 0.218ms	AVG: 0.955ms	MAX: 104.006ms	TOTAL: 217677.391ms
P99: 6.679ms	P95: 2.084ms	P50: 0.568ms	SD: 1986.947	RATIO: 36.310%
>>>>> PROC: PAYMENT
CALLS: 227406	MIN: 0.094ms	AVG: 0.686ms	MAX: 141.049ms	TOTAL: 155888.084ms
P99: 7.392ms	P95: 1.629ms	P50: 0.289ms	SD: 2296.133	RATIO: 26.003%
>>>>> PROC: DELIVERY
CALLS: 22677	MIN: 0.541ms	AVG: 5.458ms	MAX: 202.261ms	TOTAL: 123765.936ms
P99: 50.888ms	P95: 21.096ms	P50: 2.809ms	SD: 9460.477	RATIO: 20.645%
>>>>> PROC: OSTAT
CALLS: 22651	MIN: 0.077ms	AVG: 1.776ms	MAX: 92.354ms	TOTAL: 40233.724ms
P99: 32.360ms	P95: 6.438ms	P50: 0.327ms	SD: 5870.678	RATIO: 6.711%
>>>>> PROC: SLEV
CALLS: 22560	MIN: 0.355ms	AVG: 1.676ms	MAX: 39.233ms	TOTAL: 37808.352ms
P99: 9.844ms	P95: 6.503ms	P50: 1.082ms	SD: 1897.958	RATIO: 6.307%
+-+-+-+-+-+-+-+-+-+-+-+-+-+-+-+-+-+-+-+-+-+-+-+-+-+-+-+-+-+-+-+-+-+-+-+-+-+
>>>>> VIRTUAL USER 8 : ELAPSED TIME : 598046ms
>>>>> PROC: NEWORD
CALLS: 208824	MIN: 0.029ms	AVG: 0.994ms	MAX: 109.839ms	TOTAL: 207586.144ms
P99: 7.612ms	P95: 2.144ms	P50: 0.573ms	SD: 2211.310	RATIO: 34.711%
>>>>> PROC: PAYMENT
CALLS: 210046	MIN: 0.095ms	AVG: 0.684ms	MAX: 107.653ms	TOTAL: 143746.930ms
P99: 7.436ms	P95: 1.634ms	P50: 0.290ms	SD: 2233.867	RATIO: 24.036%
>>>>> PROC: DELIVERY
CALLS: 20819	MIN: 0.532ms	AVG: 5.792ms	MAX: 207.543ms	TOTAL: 120591.673ms
P99: 54.248ms	P95: 23.125ms	P50: 2.922ms	SD: 10110.829	RATIO: 20.164%
>>>>> PROC: SLEV
CALLS: 20849	MIN: 0.060ms	AVG: 3.148ms	MAX: 1620.194ms	TOTAL: 65642.212ms
P99: 12.635ms	P95: 8.957ms	P50: 1.208ms	SD: 16069.844	RATIO: 10.976%
>>>>> PROC: OSTAT
CALLS: 20742	MIN: 0.076ms	AVG: 1.783ms	MAX: 130.879ms	TOTAL: 36989.160ms
P99: 33.449ms	P95: 6.458ms	P50: 0.333ms	SD: 5986.436	RATIO: 6.185%
+-+-+-+-+-+-+-+-+-+-+-+-+-+-+-+-+-+-+-+-+-+-+-+-+-+-+-+-+-+-+-+-+-+-+-+-+-+
>>>>> VIRTUAL USER 9 : ELAPSED TIME : 598405ms
>>>>> PROC: NEWORD
CALLS: 232647	MIN: 0.197ms	AVG: 0.954ms	MAX: 207.112ms	TOTAL: 222039.261ms
P99: 6.583ms	P95: 2.071ms	P50: 0.570ms	SD: 2047.416	RATIO: 37.105%
>>>>> PROC: PAYMENT
CALLS: 232557	MIN: 0.094ms	AVG: 0.690ms	MAX: 119.297ms	TOTAL: 160488.599ms
P99: 7.547ms	P95: 1.642ms	P50: 0.292ms	SD: 2260.001	RATIO: 26.819%
>>>>> PROC: DELIVERY
CALLS: 23112	MIN: 0.572ms	AVG: 5.190ms	MAX: 188.404ms	TOTAL: 119949.339ms
P99: 50.583ms	P95: 19.931ms	P50: 2.656ms	SD: 9148.505	RATIO: 20.045%
>>>>> PROC: OSTAT
CALLS: 23137	MIN: 0.077ms	AVG: 1.821ms	MAX: 121.428ms	TOTAL: 42138.512ms
P99: 35.391ms	P95: 6.425ms	P50: 0.344ms	SD: 6064.180	RATIO: 7.042%
>>>>> PROC: SLEV
CALLS: 23075	MIN: 0.330ms	AVG: 1.235ms	MAX: 30.048ms	TOTAL: 28491.834ms
P99: 3.323ms	P95: 2.181ms	P50: 1.035ms	SD: 755.656	RATIO: 4.761%
+-+-+-+-+-+-+-+-+-+-+-+-+-+-+-+-+-+-+-+-+-+-+-+-+-+-+-+-+-+-+-+-+-+-+-+-+-+
>>>>> SUMMARY OF 8 ACTIVE VIRTUAL USERS : MEDIAN ELAPSED TIME : 599566ms
>>>>> PROC: NEWORD
CALLS: 3469468	MIN: -0.914ms	AVG: 0.974ms	MAX: 207.112ms	TOTAL: 3379518.597ms
P99: 6.975ms	P95: 2.105ms	P50: 0.573ms	SD: 2129.422	RATIO: 70.458%
>>>>> PROC: PAYMENT
CALLS: 3469632	MIN: -1.065ms	AVG: 0.690ms	MAX: 208.198ms	TOTAL: 2394868.588ms
P99: 7.558ms	P95: 1.634ms	P50: 0.291ms	SD: 2306.189	RATIO: 49.929%
>>>>> PROC: DELIVERY
CALLS: 346670	MIN: 0.532ms	AVG: 5.622ms	MAX: 215.055ms	TOTAL: 1949018.417ms
P99: 52.691ms	P95: 22.654ms	P50: 2.846ms	SD: 9726.105	RATIO: 40.634%
>>>>> PROC: SLEV
CALLS: 345840	MIN: -0.191ms	AVG: 2.545ms	MAX: 1928.541ms	TOTAL: 880346.698ms
P99: 11.750ms	P95: 8.326ms	P50: 1.159ms	SD: 12082.242	RATIO: 18.354%
>>>>> PROC: OSTAT
CALLS: 345350	MIN: 0.075ms	AVG: 1.787ms	MAX: 204.847ms	TOTAL: 617394.729ms
P99: 33.975ms	P95: 6.426ms	P50: 0.334ms	SD: 5974.090	RATIO: 12.872%
+-+-+-+-+-+-+-+-+-+-+-+-+-+-+-+-+-+-+-+-+-+-+-+-+-+-+-+-+-+-+-+-+-+-+-+-+-+
PostgreSQL Hammerdb Time Profile Report @ Fri Jun 06 15:28:41 UTC 2025
+-+-+-+-+-+-+-+-+-+-+-+-+-+-+-+-+-+-+-+-+-+-+-+-+-+-+-+-+-+-+-+-+-+-+-+-+-+
>>>>> VIRTUAL USER 2 : ELAPSED TIME : 602064ms
>>>>> PROC: NEWORD
CALLS: 117809	MIN: 0.228ms	AVG: 2.022ms	MAX: 244.302ms	TOTAL: 238176.399ms
P99: 21.192ms	P95: 5.639ms	P50: 1.062ms	SD: 4132.681	RATIO: 39.560%
>>>>> PROC: PAYMENT
CALLS: 118306	MIN: 0.104ms	AVG: 1.398ms	MAX: 115.805ms	TOTAL: 165332.766ms
P99: 19.812ms	P95: 4.429ms	P50: 0.509ms	SD: 3943.436	RATIO: 27.461%
>>>>> PROC: DELIVERY
CALLS: 11779	MIN: 0.632ms	AVG: 9.922ms	MAX: 174.635ms	TOTAL: 116870.164ms
P99: 71.604ms	P95: 39.066ms	P50: 5.178ms	SD: 14060.469	RATIO: 19.412%
>>>>> PROC: OSTAT
CALLS: 11682	MIN: 0.079ms	AVG: 3.009ms	MAX: 95.679ms	TOTAL: 35153.198ms
P99: 43.039ms	P95: 15.072ms	P50: 0.493ms	SD: 8006.172	RATIO: 5.839%
>>>>> PROC: SLEV
CALLS: 11784	MIN: 0.327ms	AVG: 2.599ms	MAX: 161.783ms	TOTAL: 30631.962ms
P99: 15.883ms	P95: 9.814ms	P50: 1.451ms	SD: 3506.577	RATIO: 5.088%
+-+-+-+-+-+-+-+-+-+-+-+-+-+-+-+-+-+-+-+-+-+-+-+-+-+-+-+-+-+-+-+-+-+-+-+-+-+
>>>>> VIRTUAL USER 3 : ELAPSED TIME : 601539ms
>>>>> PROC: NEWORD
CALLS: 119262	MIN: 0.053ms	AVG: 1.999ms	MAX: 250.142ms	TOTAL: 238450.809ms
P99: 21.043ms	P95: 5.546ms	P50: 1.037ms	SD: 4202.239	RATIO: 39.640%
>>>>> PROC: PAYMENT
CALLS: 119076	MIN: 0.102ms	AVG: 1.369ms	MAX: 271.533ms	TOTAL: 163008.112ms
P99: 19.418ms	P95: 4.285ms	P50: 0.491ms	SD: 4025.648	RATIO: 27.099%
>>>>> PROC: DELIVERY
CALLS: 11987	MIN: 0.634ms	AVG: 9.716ms	MAX: 188.261ms	TOTAL: 116468.379ms
P99: 69.680ms	P95: 38.008ms	P50: 5.048ms	SD: 13681.908	RATIO: 19.362%
>>>>> PROC: OSTAT
CALLS: 11965	MIN: 0.079ms	AVG: 3.160ms	MAX: 142.740ms	TOTAL: 37812.917ms
P99: 45.672ms	P95: 15.913ms	P50: 0.486ms	SD: 8352.951	RATIO: 6.286%
>>>>> PROC: SLEV
CALLS: 12142	MIN: 0.355ms	AVG: 2.480ms	MAX: 50.653ms	TOTAL: 30113.098ms
P99: 15.635ms	P95: 9.264ms	P50: 1.448ms	SD: 2998.196	RATIO: 5.006%
+-+-+-+-+-+-+-+-+-+-+-+-+-+-+-+-+-+-+-+-+-+-+-+-+-+-+-+-+-+-+-+-+-+-+-+-+-+
>>>>> VIRTUAL USER 4 : ELAPSED TIME : 601151ms
>>>>> PROC: NEWORD
CALLS: 122959	MIN: 0.228ms	AVG: 1.971ms	MAX: 248.330ms	TOTAL: 242412.903ms
P99: 20.836ms	P95: 5.534ms	P50: 1.019ms	SD: 4131.462	RATIO: 40.325%
>>>>> PROC: PAYMENT
CALLS: 121936	MIN: 0.106ms	AVG: 1.376ms	MAX: 159.216ms	TOTAL: 167725.552ms
P99: 19.759ms	P95: 4.350ms	P50: 0.488ms	SD: 4026.809	RATIO: 27.901%
>>>>> PROC: DELIVERY
CALLS: 12219	MIN: 0.591ms	AVG: 8.453ms	MAX: 197.632ms	TOTAL: 103284.929ms
P99: 62.238ms	P95: 32.540ms	P50: 4.481ms	SD: 12285.242	RATIO: 17.181%
>>>>> PROC: OSTAT
CALLS: 12180	MIN: 0.079ms	AVG: 3.292ms	MAX: 128.566ms	TOTAL: 40096.292ms
P99: 45.226ms	P95: 16.957ms	P50: 0.497ms	SD: 8582.159	RATIO: 6.670%
>>>>> PROC: SLEV
CALLS: 12306	MIN: 0.349ms	AVG: 2.523ms	MAX: 43.778ms	TOTAL: 31046.351ms
P99: 15.446ms	P95: 9.494ms	P50: 1.454ms	SD: 3074.652	RATIO: 5.164%
+-+-+-+-+-+-+-+-+-+-+-+-+-+-+-+-+-+-+-+-+-+-+-+-+-+-+-+-+-+-+-+-+-+-+-+-+-+
>>>>> VIRTUAL USER 5 : ELAPSED TIME : 601809ms
>>>>> PROC: NEWORD
CALLS: 118595	MIN: 0.240ms	AVG: 1.979ms	MAX: 159.227ms	TOTAL: 234704.217ms
P99: 20.657ms	P95: 5.540ms	P50: 1.034ms	SD: 4078.810	RATIO: 39.000%
>>>>> PROC: PAYMENT
CALLS: 117788	MIN: 0.101ms	AVG: 1.390ms	MAX: 115.609ms	TOTAL: 163700.302ms
P99: 20.130ms	P95: 4.430ms	P50: 0.497ms	SD: 3961.251	RATIO: 27.201%
>>>>> PROC: DELIVERY
CALLS: 11551	MIN: 0.678ms	AVG: 10.378ms	MAX: 222.380ms	TOTAL: 119876.735ms
P99: 73.838ms	P95: 40.969ms	P50: 5.285ms	SD: 14750.648	RATIO: 19.919%
>>>>> PROC: OSTAT
CALLS: 11733	MIN: 0.078ms	AVG: 3.021ms	MAX: 128.643ms	TOTAL: 35443.492ms
P99: 42.806ms	P95: 14.787ms	P50: 0.493ms	SD: 7885.813	RATIO: 5.889%
>>>>> PROC: SLEV
CALLS: 11693	MIN: 0.361ms	AVG: 2.754ms	MAX: 42.764ms	TOTAL: 32200.796ms
P99: 17.133ms	P95: 10.713ms	P50: 1.475ms	SD: 3473.217	RATIO: 5.351%
+-+-+-+-+-+-+-+-+-+-+-+-+-+-+-+-+-+-+-+-+-+-+-+-+-+-+-+-+-+-+-+-+-+-+-+-+-+
>>>>> VIRTUAL USER 6 : ELAPSED TIME : 600865ms
>>>>> PROC: NEWORD
CALLS: 115903	MIN: 0.224ms	AVG: 2.087ms	MAX: 247.334ms	TOTAL: 241900.070ms
P99: 21.818ms	P95: 5.812ms	P50: 1.088ms	SD: 4348.070	RATIO: 40.259%
>>>>> PROC: PAYMENT
CALLS: 115644	MIN: 0.103ms	AVG: 1.402ms	MAX: 167.840ms	TOTAL: 162114.443ms
P99: 19.943ms	P95: 4.411ms	P50: 0.514ms	SD: 3993.203	RATIO: 26.980%
>>>>> PROC: DELIVERY
CALLS: 11452	MIN: 0.658ms	AVG: 9.702ms	MAX: 198.278ms	TOTAL: 111104.980ms
P99: 65.833ms	P95: 38.035ms	P50: 5.026ms	SD: 13505.860	RATIO: 18.491%
>>>>> PROC: OSTAT
CALLS: 11617	MIN: 0.080ms	AVG: 3.189ms	MAX: 112.011ms	TOTAL: 37052.351ms
P99: 44.608ms	P95: 16.525ms	P50: 0.504ms	SD: 8429.122	RATIO: 6.167%
>>>>> PROC: SLEV
CALLS: 11624	MIN: 0.340ms	AVG: 2.818ms	MAX: 160.437ms	TOTAL: 32757.994ms
P99: 16.923ms	P95: 10.755ms	P50: 1.502ms	SD: 3768.581	RATIO: 5.452%
+-+-+-+-+-+-+-+-+-+-+-+-+-+-+-+-+-+-+-+-+-+-+-+-+-+-+-+-+-+-+-+-+-+-+-+-+-+
>>>>> VIRTUAL USER 7 : ELAPSED TIME : 601691ms
>>>>> PROC: NEWORD
CALLS: 116358	MIN: 0.231ms	AVG: 2.001ms	MAX: 225.505ms	TOTAL: 232791.437ms
P99: 20.966ms	P95: 5.572ms	P50: 1.052ms	SD: 4072.154	RATIO: 38.690%
>>>>> PROC: PAYMENT
CALLS: 115867	MIN: 0.104ms	AVG: 1.382ms	MAX: 247.445ms	TOTAL: 160167.633ms
P99: 19.568ms	P95: 4.322ms	P50: 0.498ms	SD: 4093.646	RATIO: 26.620%
>>>>> PROC: DELIVERY
CALLS: 11693	MIN: 0.628ms	AVG: 10.808ms	MAX: 200.009ms	TOTAL: 126380.247ms
P99: 73.559ms	P95: 41.369ms	P50: 5.616ms	SD: 14856.432	RATIO: 21.004%
>>>>> PROC: OSTAT
CALLS: 11613	MIN: 0.079ms	AVG: 3.118ms	MAX: 178.690ms	TOTAL: 36213.688ms
P99: 44.483ms	P95: 15.432ms	P50: 0.509ms	SD: 8357.667	RATIO: 6.019%
>>>>> PROC: SLEV
CALLS: 11733	MIN: 0.334ms	AVG: 2.579ms	MAX: 103.545ms	TOTAL: 30262.820ms
P99: 16.277ms	P95: 9.639ms	P50: 1.456ms	SD: 3293.629	RATIO: 5.030%
+-+-+-+-+-+-+-+-+-+-+-+-+-+-+-+-+-+-+-+-+-+-+-+-+-+-+-+-+-+-+-+-+-+-+-+-+-+
>>>>> VIRTUAL USER 8 : ELAPSED TIME : 601215ms
>>>>> PROC: NEWORD
CALLS: 114630	MIN: 0.208ms	AVG: 2.119ms	MAX: 200.859ms	TOTAL: 242901.474ms
P99: 22.446ms	P95: 6.020ms	P50: 1.088ms	SD: 4361.155	RATIO: 40.402%
>>>>> PROC: PAYMENT
CALLS: 115171	MIN: 0.101ms	AVG: 1.438ms	MAX: 280.736ms	TOTAL: 165631.102ms
P99: 20.266ms	P95: 4.542ms	P50: 0.531ms	SD: 4100.896	RATIO: 27.549%
>>>>> PROC: DELIVERY
CALLS: 11380	MIN: 0.735ms	AVG: 9.198ms	MAX: 206.913ms	TOTAL: 104670.610ms
P99: 66.767ms	P95: 34.922ms	P50: 4.864ms	SD: 13000.186	RATIO: 17.410%
>>>>> PROC: OSTAT
CALLS: 11407	MIN: 0.080ms	AVG: 3.299ms	MAX: 115.482ms	TOTAL: 37635.581ms
P99: 46.925ms	P95: 17.145ms	P50: 0.521ms	SD: 8494.875	RATIO: 6.260%
>>>>> PROC: SLEV
CALLS: 11604	MIN: 0.342ms	AVG: 2.979ms	MAX: 56.991ms	TOTAL: 34571.584ms
P99: 16.863ms	P95: 10.992ms	P50: 1.546ms	SD: 3613.249	RATIO: 5.750%
+-+-+-+-+-+-+-+-+-+-+-+-+-+-+-+-+-+-+-+-+-+-+-+-+-+-+-+-+-+-+-+-+-+-+-+-+-+
>>>>> VIRTUAL USER 9 : ELAPSED TIME : 600393ms
>>>>> PROC: NEWORD
CALLS: 117670	MIN: 0.234ms	AVG: 2.012ms	MAX: 194.687ms	TOTAL: 236792.058ms
P99: 20.801ms	P95: 5.606ms	P50: 1.066ms	SD: 4039.284	RATIO: 39.440%
>>>>> PROC: PAYMENT
CALLS: 117259	MIN: 0.098ms	AVG: 1.382ms	MAX: 142.582ms	TOTAL: 162082.071ms
P99: 19.842ms	P95: 4.312ms	P50: 0.509ms	SD: 3916.200	RATIO: 26.996%
>>>>> PROC: DELIVERY
CALLS: 11789	MIN: 0.637ms	AVG: 10.708ms	MAX: 237.306ms	TOTAL: 126239.023ms
P99: 74.833ms	P95: 40.969ms	P50: 5.592ms	SD: 14794.832	RATIO: 21.026%
>>>>> PROC: OSTAT
CALLS: 11734	MIN: 0.080ms	AVG: 3.247ms	MAX: 135.194ms	TOTAL: 38096.588ms
P99: 45.595ms	P95: 16.580ms	P50: 0.517ms	SD: 8547.619	RATIO: 6.345%
>>>>> PROC: SLEV
CALLS: 11884	MIN: 0.365ms	AVG: 1.776ms	MAX: 33.829ms	TOTAL: 21101.964ms
P99: 10.411ms	P95: 3.653ms	P50: 1.333ms	SD: 1724.430	RATIO: 3.515%
+-+-+-+-+-+-+-+-+-+-+-+-+-+-+-+-+-+-+-+-+-+-+-+-+-+-+-+-+-+-+-+-+-+-+-+-+-+
>>>>> VIRTUAL USER 10 : ELAPSED TIME : 600039ms
>>>>> PROC: NEWORD
CALLS: 122395	MIN: 0.038ms	AVG: 1.991ms	MAX: 168.253ms	TOTAL: 243637.178ms
P99: 21.205ms	P95: 5.616ms	P50: 1.023ms	SD: 4116.321	RATIO: 40.604%
>>>>> PROC: PAYMENT
CALLS: 122559	MIN: 0.102ms	AVG: 1.326ms	MAX: 148.253ms	TOTAL: 162487.169ms
P99: 19.167ms	P95: 4.141ms	P50: 0.476ms	SD: 3879.949	RATIO: 27.079%
>>>>> PROC: DELIVERY
CALLS: 12143	MIN: 0.592ms	AVG: 9.959ms	MAX: 258.852ms	TOTAL: 120928.983ms
P99: 68.811ms	P95: 38.788ms	P50: 5.203ms	SD: 14002.229	RATIO: 20.154%
>>>>> PROC: OSTAT
CALLS: 12197	MIN: 0.079ms	AVG: 3.074ms	MAX: 112.306ms	TOTAL: 37492.981ms
P99: 44.430ms	P95: 15.449ms	P50: 0.483ms	SD: 8147.705	RATIO: 6.248%
>>>>> PROC: SLEV
CALLS: 12306	MIN: 0.322ms	AVG: 1.520ms	MAX: 67.444ms	TOTAL: 18708.254ms
P99: 4.764ms	P95: 3.001ms	P50: 1.248ms	SD: 1111.602	RATIO: 3.118%
+-+-+-+-+-+-+-+-+-+-+-+-+-+-+-+-+-+-+-+-+-+-+-+-+-+-+-+-+-+-+-+-+-+-+-+-+-+
>>>>> VIRTUAL USER 11 : ELAPSED TIME : 599441ms
>>>>> PROC: NEWORD
CALLS: 113157	MIN: 0.248ms	AVG: 2.102ms	MAX: 247.418ms	TOTAL: 237804.367ms
P99: 21.479ms	P95: 5.992ms	P50: 1.104ms	SD: 4251.675	RATIO: 39.671%
>>>>> PROC: PAYMENT
CALLS: 112862	MIN: 0.104ms	AVG: 1.417ms	MAX: 165.608ms	TOTAL: 159965.000ms
P99: 19.722ms	P95: 4.435ms	P50: 0.526ms	SD: 3990.082	RATIO: 26.686%
>>>>> PROC: DELIVERY
CALLS: 11381	MIN: 0.649ms	AVG: 11.787ms	MAX: 218.153ms	TOTAL: 134147.278ms
P99: 81.027ms	P95: 45.972ms	P50: 6.227ms	SD: 15905.385	RATIO: 22.379%
>>>>> PROC: OSTAT
CALLS: 11300	MIN: 0.080ms	AVG: 3.028ms	MAX: 111.229ms	TOTAL: 34218.327ms
P99: 41.556ms	P95: 14.863ms	P50: 0.521ms	SD: 7838.035	RATIO: 5.708%
>>>>> PROC: SLEV
CALLS: 11396	MIN: 0.327ms	AVG: 1.546ms	MAX: 59.031ms	TOTAL: 17623.403ms
P99: 4.874ms	P95: 3.020ms	P50: 1.266ms	SD: 1254.683	RATIO: 2.940%
+-+-+-+-+-+-+-+-+-+-+-+-+-+-+-+-+-+-+-+-+-+-+-+-+-+-+-+-+-+-+-+-+-+-+-+-+-+
>>>>> VIRTUAL USER 12 : ELAPSED TIME : 597097ms
>>>>> PROC: NEWORD
CALLS: 108212	MIN: 0.237ms	AVG: 2.088ms	MAX: 249.465ms	TOTAL: 225972.555ms
P99: 21.675ms	P95: 5.928ms	P50: 1.090ms	SD: 4342.856	RATIO: 37.845%
>>>>> PROC: PAYMENT
CALLS: 108064	MIN: 0.099ms	AVG: 1.453ms	MAX: 132.490ms	TOTAL: 156996.694ms
P99: 20.988ms	P95: 4.597ms	P50: 0.531ms	SD: 4065.047	RATIO: 26.293%
>>>>> PROC: DELIVERY
CALLS: 10810	MIN: 0.746ms	AVG: 10.983ms	MAX: 145.376ms	TOTAL: 118728.393ms
P99: 76.283ms	P95: 43.090ms	P50: 5.745ms	SD: 14921.090	RATIO: 19.884%
>>>>> PROC: SLEV
CALLS: 10931	MIN: 0.413ms	AVG: 4.179ms	MAX: 2021.411ms	TOTAL: 45682.688ms
P99: 19.320ms	P95: 12.803ms	P50: 1.747ms	SD: 20677.016	RATIO: 7.651%
>>>>> PROC: OSTAT
CALLS: 10815	MIN: 0.079ms	AVG: 3.212ms	MAX: 124.998ms	TOTAL: 34735.117ms
P99: 44.353ms	P95: 16.539ms	P50: 0.498ms	SD: 8440.592	RATIO: 5.817%
+-+-+-+-+-+-+-+-+-+-+-+-+-+-+-+-+-+-+-+-+-+-+-+-+-+-+-+-+-+-+-+-+-+-+-+-+-+
>>>>> VIRTUAL USER 13 : ELAPSED TIME : 598156ms
>>>>> PROC: NEWORD
CALLS: 113908	MIN: 0.246ms	AVG: 2.098ms	MAX: 226.516ms	TOTAL: 238962.697ms
P99: 21.483ms	P95: 5.969ms	P50: 1.091ms	SD: 4305.046	RATIO: 39.950%
>>>>> PROC: PAYMENT
CALLS: 113899	MIN: 0.106ms	AVG: 1.397ms	MAX: 158.043ms	TOTAL: 159064.550ms
P99: 19.919ms	P95: 4.423ms	P50: 0.509ms	SD: 3911.675	RATIO: 26.592%
>>>>> PROC: DELIVERY
CALLS: 11529	MIN: 0.646ms	AVG: 11.332ms	MAX: 177.215ms	TOTAL: 130648.886ms
P99: 75.226ms	P95: 45.967ms	P50: 5.851ms	SD: 15604.769	RATIO: 21.842%
>>>>> PROC: OSTAT
CALLS: 11339	MIN: 0.080ms	AVG: 3.166ms	MAX: 114.446ms	TOTAL: 35900.823ms
P99: 44.364ms	P95: 15.260ms	P50: 0.503ms	SD: 8242.411	RATIO: 6.002%
>>>>> PROC: SLEV
CALLS: 11469	MIN: 0.350ms	AVG: 1.542ms	MAX: 94.480ms	TOTAL: 17685.285ms
P99: 4.995ms	P95: 3.070ms	P50: 1.257ms	SD: 1253.906	RATIO: 2.957%
+-+-+-+-+-+-+-+-+-+-+-+-+-+-+-+-+-+-+-+-+-+-+-+-+-+-+-+-+-+-+-+-+-+-+-+-+-+
>>>>> SUMMARY OF 12 ACTIVE VIRTUAL USERS : MEDIAN ELAPSED TIME : 601008ms
>>>>> PROC: NEWORD
CALLS: 2801716	MIN: -2.183ms	AVG: 2.037ms	MAX: 250.142ms	TOTAL: 5709013.163ms
P99: 21.303ms	P95: 5.730ms	P50: 1.062ms	SD: 4197.846	RATIO: 79.159%
>>>>> PROC: PAYMENT
CALLS: 2796862	MIN: -2.736ms	AVG: 1.393ms	MAX: 280.736ms	TOTAL: 3896551.349ms
P99: 19.872ms	P95: 4.386ms	P50: 0.506ms	SD: 3992.177	RATIO: 54.028%
>>>>> PROC: DELIVERY
CALLS: 279426	MIN: 0.591ms	AVG: 10.230ms	MAX: 258.852ms	TOTAL: 2858697.631ms
P99: 71.989ms	P95: 40.071ms	P50: 5.317ms	SD: 14329.757	RATIO: 39.638%
>>>>> PROC: OSTAT
CALLS: 279164	MIN: -0.629ms	AVG: 3.151ms	MAX: 178.690ms	TOTAL: 879702.830ms
P99: 44.414ms	P95: 15.863ms	P50: 0.502ms	SD: 8281.375	RATIO: 12.198%
>>>>> PROC: SLEV
CALLS: 281744	MIN: -0.465ms	AVG: 2.430ms	MAX: 2021.412ms	TOTAL: 684772.511ms
P99: 15.395ms	P95: 8.985ms	P50: 1.417ms	SD: 6410.253	RATIO: 9.495%
+-+-+-+-+-+-+-+-+-+-+-+-+-+-+-+-+-+-+-+-+-+-+-+-+-+-+-+-+-+-+-+-+-+-+-+-+-+
MySQL Hammerdb Time Profile Report @ Fri Jun 06 15:41:18 UTC 2025
+-+-+-+-+-+-+-+-+-+-+-+-+-+-+-+-+-+-+-+-+-+-+-+-+-+-+-+-+-+-+-+-+-+-+-+-+-+
>>>>> VIRTUAL USER 2 : ELAPSED TIME : 600297ms
>>>>> PROC: NEWORD
CALLS: 317166	MIN: 0.344ms	AVG: 0.915ms	MAX: 108.689ms	TOTAL: 290145.604ms
P99: 1.296ms	P95: 1.154ms	P50: 0.896ms	SD: 543.785	RATIO: 48.334%
>>>>> PROC: PAYMENT
CALLS: 316492	MIN: 0.268ms	AVG: 0.555ms	MAX: 536.925ms	TOTAL: 175770.307ms
P99: 0.816ms	P95: 0.704ms	P50: 0.541ms	SD: 993.361	RATIO: 29.281%
>>>>> PROC: DELIVERY
CALLS: 31420	MIN: 1.978ms	AVG: 2.651ms	MAX: 110.966ms	TOTAL: 83304.557ms
P99: 3.803ms	P95: 2.977ms	P50: 2.576ms	SD: 991.331	RATIO: 13.877%
>>>>> PROC: SLEV
CALLS: 31848	MIN: 0.381ms	AVG: 0.669ms	MAX: 22.580ms	TOTAL: 21312.737ms
P99: 0.935ms	P95: 0.801ms	P50: 0.674ms	SD: 162.768	RATIO: 3.550%
>>>>> PROC: OSTAT
CALLS: 32162	MIN: 0.101ms	AVG: 0.537ms	MAX: 4.320ms	TOTAL: 17268.717ms
P99: 0.767ms	P95: 0.673ms	P50: 0.532ms	SD: 97.204	RATIO: 2.877%
+-+-+-+-+-+-+-+-+-+-+-+-+-+-+-+-+-+-+-+-+-+-+-+-+-+-+-+-+-+-+-+-+-+-+-+-+-+
>>>>> VIRTUAL USER 3 : ELAPSED TIME : 599879ms
>>>>> PROC: NEWORD
CALLS: 315780	MIN: 0.200ms	AVG: 0.916ms	MAX: 110.992ms	TOTAL: 289114.530ms
P99: 1.301ms	P95: 1.154ms	P50: 0.897ms	SD: 541.216	RATIO: 48.195%
>>>>> PROC: PAYMENT
CALLS: 316860	MIN: 0.264ms	AVG: 0.555ms	MAX: 538.012ms	TOTAL: 175918.073ms
P99: 0.815ms	P95: 0.705ms	P50: 0.542ms	SD: 988.888	RATIO: 29.326%
>>>>> PROC: DELIVERY
CALLS: 31644	MIN: 1.793ms	AVG: 2.659ms	MAX: 110.377ms	TOTAL: 84145.770ms
P99: 3.772ms	P95: 2.983ms	P50: 2.578ms	SD: 1035.042	RATIO: 14.027%
>>>>> PROC: SLEV
CALLS: 32019	MIN: 0.297ms	AVG: 0.662ms	MAX: 9.200ms	TOTAL: 21184.707ms
P99: 0.934ms	P95: 0.789ms	P50: 0.667ms	SD: 116.157	RATIO: 3.531%
>>>>> PROC: OSTAT
CALLS: 31761	MIN: 0.234ms	AVG: 0.538ms	MAX: 7.269ms	TOTAL: 17081.712ms
P99: 0.770ms	P95: 0.674ms	P50: 0.532ms	SD: 109.992	RATIO: 2.848%
+-+-+-+-+-+-+-+-+-+-+-+-+-+-+-+-+-+-+-+-+-+-+-+-+-+-+-+-+-+-+-+-+-+-+-+-+-+
>>>>> SUMMARY OF 2 ACTIVE VIRTUAL USERS : MEDIAN ELAPSED TIME : 600088ms
>>>>> PROC: NEWORD
CALLS: 1265892	MIN: 0.200ms	AVG: 0.915ms	MAX: 110.992ms	TOTAL: 1158520.269ms
P99: 1.299ms	P95: 1.154ms	P50: 0.896ms	SD: 542.504	RATIO: 96.529%
>>>>> PROC: PAYMENT
CALLS: 1266704	MIN: 0.264ms	AVG: 0.555ms	MAX: 538.012ms	TOTAL: 703376.759ms
P99: 0.816ms	P95: 0.705ms	P50: 0.541ms	SD: 991.125	RATIO: 58.606%
>>>>> PROC: DELIVERY
CALLS: 126128	MIN: 1.793ms	AVG: 2.655ms	MAX: 110.966ms	TOTAL: 334900.653ms
P99: 3.794ms	P95: 2.980ms	P50: 2.577ms	SD: 1013.495	RATIO: 27.904%
>>>>> PROC: SLEV
CALLS: 127734	MIN: 0.297ms	AVG: 0.665ms	MAX: 22.580ms	TOTAL: 84994.890ms
P99: 0.935ms	P95: 0.795ms	P50: 0.670ms	SD: 141.384	RATIO: 7.082%
>>>>> PROC: OSTAT
CALLS: 127846	MIN: 0.101ms	AVG: 0.537ms	MAX: 7.269ms	TOTAL: 68700.858ms
P99: 0.769ms	P95: 0.673ms	P50: 0.532ms	SD: 103.755	RATIO: 5.724%
+-+-+-+-+-+-+-+-+-+-+-+-+-+-+-+-+-+-+-+-+-+-+-+-+-+-+-+-+-+-+-+-+-+-+-+-+-+
MySQL Hammerdb Time Profile Report @ Fri Jun 06 15:54:00 UTC 2025
+-+-+-+-+-+-+-+-+-+-+-+-+-+-+-+-+-+-+-+-+-+-+-+-+-+-+-+-+-+-+-+-+-+-+-+-+-+
>>>>> VIRTUAL USER 2 : ELAPSED TIME : 600007ms
>>>>> PROC: NEWORD
CALLS: 232784	MIN: 0.447ms	AVG: 1.203ms	MAX: 46.752ms	TOTAL: 279936.459ms
P99: 2.219ms	P95: 1.673ms	P50: 1.142ms	SD: 859.758	RATIO: 46.656%
>>>>> PROC: PAYMENT
CALLS: 233533	MIN: 0.279ms	AVG: 0.823ms	MAX: 33.557ms	TOTAL: 192187.196ms
P99: 1.589ms	P95: 1.231ms	P50: 0.787ms	SD: 459.450	RATIO: 32.031%
>>>>> PROC: DELIVERY
CALLS: 23419	MIN: 2.121ms	AVG: 3.073ms	MAX: 53.096ms	TOTAL: 71973.170ms
P99: 7.299ms	P95: 3.758ms	P50: 2.819ms	SD: 1936.389	RATIO: 11.995%
>>>>> PROC: SLEV
CALLS: 23575	MIN: 0.381ms	AVG: 0.905ms	MAX: 21.848ms	TOTAL: 21326.300ms
P99: 1.585ms	P95: 1.261ms	P50: 0.875ms	SD: 297.975	RATIO: 3.554%
>>>>> PROC: OSTAT
CALLS: 23265	MIN: 0.210ms	AVG: 0.779ms	MAX: 23.671ms	TOTAL: 18116.690ms
P99: 1.462ms	P95: 1.164ms	P50: 0.754ms	SD: 305.707	RATIO: 3.019%
+-+-+-+-+-+-+-+-+-+-+-+-+-+-+-+-+-+-+-+-+-+-+-+-+-+-+-+-+-+-+-+-+-+-+-+-+-+
>>>>> VIRTUAL USER 3 : ELAPSED TIME : 599428ms
>>>>> PROC: NEWORD
CALLS: 231651	MIN: 0.449ms	AVG: 1.208ms	MAX: 41.029ms	TOTAL: 279938.600ms
P99: 2.220ms	P95: 1.676ms	P50: 1.147ms	SD: 874.022	RATIO: 46.701%
>>>>> PROC: PAYMENT
CALLS: 231519	MIN: 0.266ms	AVG: 0.828ms	MAX: 38.952ms	TOTAL: 191785.133ms
P99: 1.590ms	P95: 1.235ms	P50: 0.792ms	SD: 472.884	RATIO: 31.995%
>>>>> PROC: DELIVERY
CALLS: 22966	MIN: 1.989ms	AVG: 3.118ms	MAX: 45.158ms	TOTAL: 71603.552ms
P99: 7.813ms	P95: 3.786ms	P50: 2.841ms	SD: 2115.612	RATIO: 11.945%
>>>>> PROC: SLEV
CALLS: 22848	MIN: 0.365ms	AVG: 0.914ms	MAX: 9.114ms	TOTAL: 20884.356ms
P99: 1.605ms	P95: 1.267ms	P50: 0.886ms	SD: 222.979	RATIO: 3.484%
>>>>> PROC: OSTAT
CALLS: 23496	MIN: 0.184ms	AVG: 0.782ms	MAX: 18.299ms	TOTAL: 18367.858ms
P99: 1.483ms	P95: 1.171ms	P50: 0.756ms	SD: 301.300	RATIO: 3.064%
+-+-+-+-+-+-+-+-+-+-+-+-+-+-+-+-+-+-+-+-+-+-+-+-+-+-+-+-+-+-+-+-+-+-+-+-+-+
>>>>> VIRTUAL USER 4 : ELAPSED TIME : 600376ms
>>>>> PROC: NEWORD
CALLS: 232329	MIN: 0.435ms	AVG: 1.204ms	MAX: 40.812ms	TOTAL: 279713.922ms
P99: 2.229ms	P95: 1.678ms	P50: 1.143ms	SD: 851.570	RATIO: 46.590%
>>>>> PROC: PAYMENT
CALLS: 232852	MIN: 0.280ms	AVG: 0.827ms	MAX: 42.525ms	TOTAL: 192628.639ms
P99: 1.593ms	P95: 1.231ms	P50: 0.790ms	SD: 505.698	RATIO: 32.085%
>>>>> PROC: DELIVERY
CALLS: 23042	MIN: 2.142ms	AVG: 3.127ms	MAX: 43.157ms	TOTAL: 72046.003ms
P99: 8.317ms	P95: 3.783ms	P50: 2.837ms	SD: 2153.857	RATIO: 12.000%
>>>>> PROC: SLEV
CALLS: 23169	MIN: 0.375ms	AVG: 0.917ms	MAX: 19.024ms	TOTAL: 21236.381ms
P99: 1.627ms	P95: 1.284ms	P50: 0.885ms	SD: 279.677	RATIO: 3.537%
>>>>> PROC: OSTAT
CALLS: 23136	MIN: 0.205ms	AVG: 0.778ms	MAX: 8.242ms	TOTAL: 17995.963ms
P99: 1.486ms	P95: 1.170ms	P50: 0.754ms	SD: 238.003	RATIO: 2.997%
+-+-+-+-+-+-+-+-+-+-+-+-+-+-+-+-+-+-+-+-+-+-+-+-+-+-+-+-+-+-+-+-+-+-+-+-+-+
>>>>> VIRTUAL USER 5 : ELAPSED TIME : 598966ms
>>>>> PROC: NEWORD
CALLS: 232742	MIN: 0.446ms	AVG: 1.204ms	MAX: 45.742ms	TOTAL: 280292.776ms
P99: 2.214ms	P95: 1.671ms	P50: 1.142ms	SD: 865.415	RATIO: 46.796%
>>>>> PROC: PAYMENT
CALLS: 231966	MIN: 0.279ms	AVG: 0.825ms	MAX: 46.098ms	TOTAL: 191424.981ms
P99: 1.577ms	P95: 1.230ms	P50: 0.791ms	SD: 463.788	RATIO: 31.959%
>>>>> PROC: DELIVERY
CALLS: 23049	MIN: 2.157ms	AVG: 3.085ms	MAX: 47.382ms	TOTAL: 71116.482ms
P99: 7.716ms	P95: 3.727ms	P50: 2.822ms	SD: 1992.395	RATIO: 11.873%
>>>>> PROC: SLEV
CALLS: 23554	MIN: 0.352ms	AVG: 0.905ms	MAX: 10.827ms	TOTAL: 21321.944ms
P99: 1.599ms	P95: 1.264ms	P50: 0.875ms	SD: 246.514	RATIO: 3.560%
>>>>> PROC: OSTAT
CALLS: 23217	MIN: 0.200ms	AVG: 0.781ms	MAX: 8.055ms	TOTAL: 18125.517ms
P99: 1.481ms	P95: 1.175ms	P50: 0.755ms	SD: 237.613	RATIO: 3.026%
+-+-+-+-+-+-+-+-+-+-+-+-+-+-+-+-+-+-+-+-+-+-+-+-+-+-+-+-+-+-+-+-+-+-+-+-+-+
>>>>> SUMMARY OF 4 ACTIVE VIRTUAL USERS : MEDIAN ELAPSED TIME : 599718ms
>>>>> PROC: NEWORD
CALLS: 1859012	MIN: -0.252ms	AVG: 1.204ms	MAX: 46.752ms	TOTAL: 2239763.347ms
P99: 2.221ms	P95: 1.675ms	P50: 1.143ms	SD: 862.723	RATIO: 93.367%
>>>>> PROC: PAYMENT
CALLS: 1859740	MIN: 0.266ms	AVG: 0.825ms	MAX: 46.098ms	TOTAL: 1536051.785ms
P99: 1.587ms	P95: 1.232ms	P50: 0.790ms	SD: 475.808	RATIO: 64.032%
>>>>> PROC: DELIVERY
CALLS: 184952	MIN: 1.989ms	AVG: 3.100ms	MAX: 53.096ms	TOTAL: 573478.374ms
P99: 7.791ms	P95: 3.763ms	P50: 2.830ms	SD: 2051.039	RATIO: 23.906%
>>>>> PROC: SLEV
CALLS: 186292	MIN: 0.352ms	AVG: 0.910ms	MAX: 21.848ms	TOTAL: 169537.947ms
P99: 1.604ms	P95: 1.269ms	P50: 0.880ms	SD: 263.660	RATIO: 7.067%
>>>>> PROC: OSTAT
CALLS: 186228	MIN: 0.184ms	AVG: 0.779ms	MAX: 23.671ms	TOTAL: 145212.046ms
P99: 1.476ms	P95: 1.170ms	P50: 0.755ms	SD: 272.782	RATIO: 6.053%
+-+-+-+-+-+-+-+-+-+-+-+-+-+-+-+-+-+-+-+-+-+-+-+-+-+-+-+-+-+-+-+-+-+-+-+-+-+
MySQL Hammerdb Time Profile Report @ Fri Jun 06 16:08:04 UTC 2025
+-+-+-+-+-+-+-+-+-+-+-+-+-+-+-+-+-+-+-+-+-+-+-+-+-+-+-+-+-+-+-+-+-+-+-+-+-+
>>>>> VIRTUAL USER 2 : ELAPSED TIME : 601312ms
>>>>> PROC: NEWORD
CALLS: 174019	MIN: 0.452ms	AVG: 1.668ms	MAX: 74.928ms	TOTAL: 290329.671ms
P99: 6.834ms	P95: 4.056ms	P50: 1.040ms	SD: 1861.180	RATIO: 48.283%
>>>>> PROC: PAYMENT
CALLS: 174069	MIN: 0.280ms	AVG: 0.974ms	MAX: 46.857ms	TOTAL: 169506.951ms
P99: 4.570ms	P95: 2.638ms	P50: 0.530ms	SD: 1146.247	RATIO: 28.190%
>>>>> PROC: DELIVERY
CALLS: 17419	MIN: 2.058ms	AVG: 5.188ms	MAX: 67.316ms	TOTAL: 90370.036ms
P99: 17.320ms	P95: 10.417ms	P50: 4.137ms	SD: 3705.500	RATIO: 15.029%
>>>>> PROC: SLEV
CALLS: 17277	MIN: 0.373ms	AVG: 1.177ms	MAX: 14.283ms	TOTAL: 20333.901ms
P99: 4.453ms	P95: 2.755ms	P50: 0.742ms	SD: 861.828	RATIO: 3.382%
>>>>> PROC: OSTAT
CALLS: 17600	MIN: 0.192ms	AVG: 0.833ms	MAX: 20.596ms	TOTAL: 14662.613ms
P99: 4.005ms	P95: 2.348ms	P50: 0.461ms	SD: 811.687	RATIO: 2.438%
+-+-+-+-+-+-+-+-+-+-+-+-+-+-+-+-+-+-+-+-+-+-+-+-+-+-+-+-+-+-+-+-+-+-+-+-+-+
>>>>> VIRTUAL USER 3 : ELAPSED TIME : 599834ms
>>>>> PROC: NEWORD
CALLS: 125400	MIN: 0.455ms	AVG: 2.295ms	MAX: 73.497ms	TOTAL: 287747.647ms
P99: 8.858ms	P95: 5.410ms	P50: 1.786ms	SD: 2272.068	RATIO: 47.971%
>>>>> PROC: PAYMENT
CALLS: 124925	MIN: 0.285ms	AVG: 1.494ms	MAX: 77.242ms	TOTAL: 186652.168ms
P99: 6.132ms	P95: 3.876ms	P50: 1.167ms	SD: 1568.536	RATIO: 31.117%
>>>>> PROC: DELIVERY
CALLS: 12471	MIN: 1.760ms	AVG: 6.089ms	MAX: 70.337ms	TOTAL: 75935.900ms
P99: 17.957ms	P95: 12.315ms	P50: 5.063ms	SD: 4031.756	RATIO: 12.659%
>>>>> PROC: SLEV
CALLS: 12470	MIN: 0.379ms	AVG: 1.605ms	MAX: 19.195ms	TOTAL: 20014.398ms
P99: 5.607ms	P95: 3.908ms	P50: 1.304ms	SD: 1166.619	RATIO: 3.337%
>>>>> PROC: OSTAT
CALLS: 12478	MIN: 0.203ms	AVG: 1.198ms	MAX: 23.519ms	TOTAL: 14948.982ms
P99: 4.986ms	P95: 3.319ms	P50: 0.938ms	SD: 1060.712	RATIO: 2.492%
+-+-+-+-+-+-+-+-+-+-+-+-+-+-+-+-+-+-+-+-+-+-+-+-+-+-+-+-+-+-+-+-+-+-+-+-+-+
>>>>> VIRTUAL USER 4 : ELAPSED TIME : 598981ms
>>>>> PROC: NEWORD
CALLS: 176554	MIN: 0.453ms	AVG: 1.622ms	MAX: 98.338ms	TOTAL: 286457.285ms
P99: 6.535ms	P95: 3.944ms	P50: 1.023ms	SD: 1801.661	RATIO: 47.824%
>>>>> PROC: PAYMENT
CALLS: 176854	MIN: 0.281ms	AVG: 0.950ms	MAX: 53.219ms	TOTAL: 168022.934ms
P99: 4.530ms	P95: 2.564ms	P50: 0.512ms	SD: 1151.047	RATIO: 28.051%
>>>>> PROC: DELIVERY
CALLS: 17755	MIN: 2.174ms	AVG: 5.228ms	MAX: 68.012ms	TOTAL: 92816.089ms
P99: 18.733ms	P95: 10.505ms	P50: 4.097ms	SD: 4080.709	RATIO: 15.496%
>>>>> PROC: SLEV
CALLS: 17586	MIN: 0.377ms	AVG: 1.179ms	MAX: 32.324ms	TOTAL: 20730.111ms
P99: 4.401ms	P95: 2.728ms	P50: 0.750ms	SD: 908.998	RATIO: 3.461%
>>>>> PROC: OSTAT
CALLS: 17779	MIN: 0.193ms	AVG: 0.817ms	MAX: 24.082ms	TOTAL: 14529.107ms
P99: 4.062ms	P95: 2.232ms	P50: 0.456ms	SD: 826.196	RATIO: 2.426%
+-+-+-+-+-+-+-+-+-+-+-+-+-+-+-+-+-+-+-+-+-+-+-+-+-+-+-+-+-+-+-+-+-+-+-+-+-+
>>>>> VIRTUAL USER 5 : ELAPSED TIME : 598605ms
>>>>> PROC: NEWORD
CALLS: 172868	MIN: 0.452ms	AVG: 1.662ms	MAX: 64.894ms	TOTAL: 287361.836ms
P99: 6.862ms	P95: 4.045ms	P50: 1.037ms	SD: 1845.110	RATIO: 48.005%
>>>>> PROC: PAYMENT
CALLS: 172769	MIN: 0.283ms	AVG: 0.967ms	MAX: 96.053ms	TOTAL: 167093.725ms
P99: 4.537ms	P95: 2.629ms	P50: 0.521ms	SD: 1185.507	RATIO: 27.914%
>>>>> PROC: DELIVERY
CALLS: 17578	MIN: 2.167ms	AVG: 5.287ms	MAX: 76.554ms	TOTAL: 92938.804ms
P99: 18.424ms	P95: 10.547ms	P50: 4.150ms	SD: 4071.965	RATIO: 15.526%
>>>>> PROC: SLEV
CALLS: 17302	MIN: 0.369ms	AVG: 1.196ms	MAX: 34.795ms	TOTAL: 20695.348ms
P99: 4.500ms	P95: 2.787ms	P50: 0.758ms	SD: 919.207	RATIO: 3.457%
>>>>> PROC: OSTAT
CALLS: 16795	MIN: 0.202ms	AVG: 0.814ms	MAX: 15.004ms	TOTAL: 13672.021ms
P99: 3.991ms	P95: 2.206ms	P50: 0.456ms	SD: 788.040	RATIO: 2.284%
+-+-+-+-+-+-+-+-+-+-+-+-+-+-+-+-+-+-+-+-+-+-+-+-+-+-+-+-+-+-+-+-+-+-+-+-+-+
>>>>> VIRTUAL USER 6 : ELAPSED TIME : 598309ms
>>>>> PROC: NEWORD
CALLS: 173907	MIN: 0.451ms	AVG: 1.663ms	MAX: 81.341ms	TOTAL: 289244.363ms
P99: 6.820ms	P95: 4.010ms	P50: 1.040ms	SD: 1869.402	RATIO: 48.344%
>>>>> PROC: PAYMENT
CALLS: 173676	MIN: 0.282ms	AVG: 0.959ms	MAX: 60.961ms	TOTAL: 166603.362ms
P99: 4.510ms	P95: 2.575ms	P50: 0.518ms	SD: 1132.315	RATIO: 27.846%
>>>>> PROC: DELIVERY
CALLS: 17277	MIN: 2.138ms	AVG: 5.285ms	MAX: 92.579ms	TOTAL: 91300.326ms
P99: 17.148ms	P95: 10.552ms	P50: 4.219ms	SD: 3857.734	RATIO: 15.260%
>>>>> PROC: SLEV
CALLS: 17259	MIN: 0.370ms	AVG: 1.197ms	MAX: 28.129ms	TOTAL: 20656.767ms
P99: 4.397ms	P95: 2.745ms	P50: 0.763ms	SD: 916.075	RATIO: 3.453%
>>>>> PROC: OSTAT
CALLS: 17241	MIN: 0.197ms	AVG: 0.820ms	MAX: 24.452ms	TOTAL: 14143.487ms
P99: 4.021ms	P95: 2.275ms	P50: 0.452ms	SD: 807.175	RATIO: 2.364%
+-+-+-+-+-+-+-+-+-+-+-+-+-+-+-+-+-+-+-+-+-+-+-+-+-+-+-+-+-+-+-+-+-+-+-+-+-+
>>>>> VIRTUAL USER 7 : ELAPSED TIME : 597652ms
>>>>> PROC: NEWORD
CALLS: 183135	MIN: 0.452ms	AVG: 1.562ms	MAX: 90.386ms	TOTAL: 286076.359ms
P99: 6.391ms	P95: 3.784ms	P50: 1.006ms	SD: 1713.132	RATIO: 47.867%
>>>>> PROC: PAYMENT
CALLS: 182777	MIN: 0.280ms	AVG: 0.899ms	MAX: 61.591ms	TOTAL: 164270.373ms
P99: 4.316ms	P95: 2.387ms	P50: 0.493ms	SD: 1103.231	RATIO: 27.486%
>>>>> PROC: DELIVERY
CALLS: 18260	MIN: 2.195ms	AVG: 5.243ms	MAX: 71.754ms	TOTAL: 95731.085ms
P99: 17.450ms	P95: 10.568ms	P50: 4.083ms	SD: 3843.714	RATIO: 16.018%
>>>>> PROC: SLEV
CALLS: 18259	MIN: 0.385ms	AVG: 1.141ms	MAX: 37.225ms	TOTAL: 20827.647ms
P99: 4.314ms	P95: 2.603ms	P50: 0.751ms	SD: 854.511	RATIO: 3.485%
>>>>> PROC: OSTAT
CALLS: 18433	MIN: 0.197ms	AVG: 0.777ms	MAX: 18.732ms	TOTAL: 14321.649ms
P99: 3.945ms	P95: 2.124ms	P50: 0.448ms	SD: 780.895	RATIO: 2.396%
+-+-+-+-+-+-+-+-+-+-+-+-+-+-+-+-+-+-+-+-+-+-+-+-+-+-+-+-+-+-+-+-+-+-+-+-+-+
>>>>> VIRTUAL USER 8 : ELAPSED TIME : 597629ms
>>>>> PROC: NEWORD
CALLS: 123521	MIN: 0.459ms	AVG: 2.306ms	MAX: 68.248ms	TOTAL: 284845.956ms
P99: 8.798ms	P95: 5.451ms	P50: 1.800ms	SD: 2245.634	RATIO: 47.663%
>>>>> PROC: PAYMENT
CALLS: 122903	MIN: 0.151ms	AVG: 1.518ms	MAX: 94.583ms	TOTAL: 186522.563ms
P99: 6.255ms	P95: 3.925ms	P50: 1.184ms	SD: 1629.733	RATIO: 31.210%
>>>>> PROC: DELIVERY
CALLS: 12426	MIN: 1.720ms	AVG: 6.158ms	MAX: 67.906ms	TOTAL: 76515.474ms
P99: 18.848ms	P95: 12.761ms	P50: 5.087ms	SD: 4060.323	RATIO: 12.803%
>>>>> PROC: SLEV
CALLS: 12370	MIN: 0.387ms	AVG: 1.617ms	MAX: 21.078ms	TOTAL: 20003.581ms
P99: 5.723ms	P95: 3.928ms	P50: 1.322ms	SD: 1191.693	RATIO: 3.347%
>>>>> PROC: OSTAT
CALLS: 12428	MIN: 0.191ms	AVG: 1.216ms	MAX: 16.342ms	TOTAL: 15106.442ms
P99: 5.035ms	P95: 3.377ms	P50: 0.947ms	SD: 1081.881	RATIO: 2.528%
+-+-+-+-+-+-+-+-+-+-+-+-+-+-+-+-+-+-+-+-+-+-+-+-+-+-+-+-+-+-+-+-+-+-+-+-+-+
>>>>> VIRTUAL USER 9 : ELAPSED TIME : 597550ms
>>>>> PROC: NEWORD
CALLS: 175891	MIN: 0.454ms	AVG: 1.641ms	MAX: 99.843ms	TOTAL: 288598.331ms
P99: 6.662ms	P95: 3.973ms	P50: 1.038ms	SD: 1779.798	RATIO: 48.297%
>>>>> PROC: PAYMENT
CALLS: 175062	MIN: 0.281ms	AVG: 0.950ms	MAX: 53.823ms	TOTAL: 166360.877ms
P99: 4.497ms	P95: 2.555ms	P50: 0.514ms	SD: 1143.635	RATIO: 27.840%
>>>>> PROC: DELIVERY
CALLS: 17366	MIN: 2.173ms	AVG: 5.229ms	MAX: 68.608ms	TOTAL: 90805.508ms
P99: 18.200ms	P95: 10.601ms	P50: 4.110ms	SD: 3888.730	RATIO: 15.196%
>>>>> PROC: SLEV
CALLS: 17621	MIN: 0.359ms	AVG: 1.170ms	MAX: 19.506ms	TOTAL: 20608.252ms
P99: 4.401ms	P95: 2.687ms	P50: 0.736ms	SD: 899.494	RATIO: 3.449%
>>>>> PROC: OSTAT
CALLS: 17516	MIN: 0.197ms	AVG: 0.816ms	MAX: 29.606ms	TOTAL: 14291.736ms
P99: 3.928ms	P95: 2.229ms	P50: 0.459ms	SD: 842.842	RATIO: 2.392%
+-+-+-+-+-+-+-+-+-+-+-+-+-+-+-+-+-+-+-+-+-+-+-+-+-+-+-+-+-+-+-+-+-+-+-+-+-+
>>>>> SUMMARY OF 8 ACTIVE VIRTUAL USERS : MEDIAN ELAPSED TIME : 598457ms
>>>>> PROC: NEWORD
CALLS: 2610590	MIN: -3.556ms	AVG: 1.762ms	MAX: 99.843ms	TOTAL: 4601323.236ms
P99: 7.244ms	P95: 4.337ms	P50: 1.096ms	SD: 1923.108	RATIO: 96.108%
>>>>> PROC: PAYMENT
CALLS: 2606070	MIN: -2.475ms	AVG: 1.055ms	MAX: 96.053ms	TOTAL: 2750066.144ms
P99: 4.953ms	P95: 2.917ms	P50: 0.584ms	SD: 1262.376	RATIO: 57.441%
>>>>> PROC: DELIVERY
CALLS: 261104	MIN: 1.720ms	AVG: 5.410ms	MAX: 92.579ms	TOTAL: 1412826.525ms
P99: 18.116ms	P95: 11.024ms	P50: 4.302ms	SD: 3952.020	RATIO: 29.510%
>>>>> PROC: SLEV
CALLS: 260288	MIN: -4.098ms	AVG: 1.259ms	MAX: 37.225ms	TOTAL: 327740.034ms
P99: 4.810ms	P95: 3.004ms	P50: 0.782ms	SD: 969.902	RATIO: 6.846%
>>>>> PROC: OSTAT
CALLS: 260540	MIN: 0.191ms	AVG: 0.887ms	MAX: 29.606ms	TOTAL: 231352.090ms
P99: 4.268ms	P95: 2.503ms	P50: 0.481ms	SD: 879.739	RATIO: 4.832%
+-+-+-+-+-+-+-+-+-+-+-+-+-+-+-+-+-+-+-+-+-+-+-+-+-+-+-+-+-+-+-+-+-+-+-+-+-+
MySQL Hammerdb Time Profile Report @ Fri Jun 06 16:23:31 UTC 2025
+-+-+-+-+-+-+-+-+-+-+-+-+-+-+-+-+-+-+-+-+-+-+-+-+-+-+-+-+-+-+-+-+-+-+-+-+-+
>>>>> VIRTUAL USER 2 : ELAPSED TIME : 602343ms
>>>>> PROC: NEWORD
CALLS: 118843	MIN: 0.466ms	AVG: 2.453ms	MAX: 81.354ms	TOTAL: 291538.756ms
P99: 9.732ms	P95: 5.731ms	P50: 1.905ms	SD: 2483.185	RATIO: 48.401%
>>>>> PROC: PAYMENT
CALLS: 118095	MIN: 0.287ms	AVG: 1.576ms	MAX: 103.728ms	TOTAL: 186075.317ms
P99: 6.444ms	P95: 4.057ms	P50: 1.202ms	SD: 1675.833	RATIO: 30.892%
>>>>> PROC: DELIVERY
CALLS: 11802	MIN: 2.172ms	AVG: 6.594ms	MAX: 75.185ms	TOTAL: 77816.567ms
P99: 23.620ms	P95: 14.063ms	P50: 5.368ms	SD: 4773.683	RATIO: 12.919%
>>>>> PROC: SLEV
CALLS: 11868	MIN: 0.375ms	AVG: 1.590ms	MAX: 34.334ms	TOTAL: 18871.612ms
P99: 5.793ms	P95: 3.932ms	P50: 1.241ms	SD: 1224.031	RATIO: 3.133%
>>>>> PROC: OSTAT
CALLS: 11776	MIN: 0.201ms	AVG: 1.140ms	MAX: 27.948ms	TOTAL: 13424.153ms
P99: 5.071ms	P95: 3.251ms	P50: 0.789ms	SD: 1113.520	RATIO: 2.229%
+-+-+-+-+-+-+-+-+-+-+-+-+-+-+-+-+-+-+-+-+-+-+-+-+-+-+-+-+-+-+-+-+-+-+-+-+-+
>>>>> VIRTUAL USER 3 : ELAPSED TIME : 599437ms
>>>>> PROC: NEWORD
CALLS: 114396	MIN: 0.462ms	AVG: 2.531ms	MAX: 79.127ms	TOTAL: 289567.657ms
P99: 9.959ms	P95: 5.935ms	P50: 1.961ms	SD: 2545.764	RATIO: 48.307%
>>>>> PROC: PAYMENT
CALLS: 114278	MIN: 0.286ms	AVG: 1.638ms	MAX: 77.346ms	TOTAL: 187176.481ms
P99: 6.581ms	P95: 4.219ms	P50: 1.241ms	SD: 1674.841	RATIO: 31.225%
>>>>> PROC: DELIVERY
CALLS: 11457	MIN: 2.143ms	AVG: 6.652ms	MAX: 83.234ms	TOTAL: 76217.300ms
P99: 25.893ms	P95: 14.239ms	P50: 5.423ms	SD: 4916.582	RATIO: 12.715%
>>>>> PROC: SLEV
CALLS: 11497	MIN: 0.346ms	AVG: 1.614ms	MAX: 37.458ms	TOTAL: 18554.266ms
P99: 5.825ms	P95: 4.035ms	P50: 1.268ms	SD: 1255.515	RATIO: 3.095%
>>>>> PROC: OSTAT
CALLS: 11540	MIN: 0.200ms	AVG: 1.199ms	MAX: 32.254ms	TOTAL: 13839.885ms
P99: 5.223ms	P95: 3.440ms	P50: 0.848ms	SD: 1157.216	RATIO: 2.309%
+-+-+-+-+-+-+-+-+-+-+-+-+-+-+-+-+-+-+-+-+-+-+-+-+-+-+-+-+-+-+-+-+-+-+-+-+-+
>>>>> VIRTUAL USER 4 : ELAPSED TIME : 600619ms
>>>>> PROC: NEWORD
CALLS: 96638	MIN: 0.458ms	AVG: 2.967ms	MAX: 72.748ms	TOTAL: 286743.153ms
P99: 11.521ms	P95: 6.807ms	P50: 2.339ms	SD: 2765.828	RATIO: 47.741%
>>>>> PROC: PAYMENT
CALLS: 96562	MIN: 0.282ms	AVG: 2.077ms	MAX: 120.726ms	TOTAL: 200522.362ms
P99: 8.124ms	P95: 5.082ms	P50: 1.590ms	SD: 2101.225	RATIO: 33.386%
>>>>> PROC: DELIVERY
CALLS: 9678	MIN: 1.795ms	AVG: 6.945ms	MAX: 85.677ms	TOTAL: 67212.797ms
P99: 24.260ms	P95: 15.009ms	P50: 5.769ms	SD: 4773.887	RATIO: 11.191%
>>>>> PROC: SLEV
CALLS: 9630	MIN: 0.377ms	AVG: 1.961ms	MAX: 22.765ms	TOTAL: 18888.740ms
P99: 6.677ms	P95: 4.812ms	P50: 1.602ms	SD: 1405.218	RATIO: 3.145%
>>>>> PROC: OSTAT
CALLS: 9700	MIN: 0.202ms	AVG: 1.466ms	MAX: 16.151ms	TOTAL: 14221.620ms
P99: 5.874ms	P95: 3.965ms	P50: 1.094ms	SD: 1282.212	RATIO: 2.368%
+-+-+-+-+-+-+-+-+-+-+-+-+-+-+-+-+-+-+-+-+-+-+-+-+-+-+-+-+-+-+-+-+-+-+-+-+-+
>>>>> VIRTUAL USER 5 : ELAPSED TIME : 598708ms
>>>>> PROC: NEWORD
CALLS: 115799	MIN: 0.459ms	AVG: 2.483ms	MAX: 124.011ms	TOTAL: 287502.809ms
P99: 9.747ms	P95: 5.826ms	P50: 1.926ms	SD: 2512.694	RATIO: 48.021%
>>>>> PROC: PAYMENT
CALLS: 116256	MIN: 0.186ms	AVG: 1.618ms	MAX: 56.944ms	TOTAL: 188149.839ms
P99: 6.592ms	P95: 4.175ms	P50: 1.224ms	SD: 1679.054	RATIO: 31.426%
>>>>> PROC: DELIVERY
CALLS: 11614	MIN: 2.183ms	AVG: 6.644ms	MAX: 74.629ms	TOTAL: 77164.951ms
P99: 26.665ms	P95: 14.244ms	P50: 5.430ms	SD: 4937.025	RATIO: 12.889%
>>>>> PROC: SLEV
CALLS: 11779	MIN: 0.366ms	AVG: 1.550ms	MAX: 12.733ms	TOTAL: 18251.751ms
P99: 5.617ms	P95: 3.926ms	P50: 1.222ms	SD: 1146.214	RATIO: 3.049%
>>>>> PROC: OSTAT
CALLS: 11560	MIN: 0.206ms	AVG: 1.137ms	MAX: 27.101ms	TOTAL: 13148.066ms
P99: 4.975ms	P95: 3.347ms	P50: 0.790ms	SD: 1084.057	RATIO: 2.196%
+-+-+-+-+-+-+-+-+-+-+-+-+-+-+-+-+-+-+-+-+-+-+-+-+-+-+-+-+-+-+-+-+-+-+-+-+-+
>>>>> VIRTUAL USER 6 : ELAPSED TIME : 598716ms
>>>>> PROC: NEWORD
CALLS: 114077	MIN: 0.463ms	AVG: 2.534ms	MAX: 91.652ms	TOTAL: 289096.512ms
P99: 9.951ms	P95: 5.935ms	P50: 1.974ms	SD: 2478.219	RATIO: 48.286%
>>>>> PROC: PAYMENT
CALLS: 113615	MIN: 0.292ms	AVG: 1.644ms	MAX: 63.360ms	TOTAL: 186809.889ms
P99: 6.663ms	P95: 4.224ms	P50: 1.253ms	SD: 1653.121	RATIO: 31.202%
>>>>> PROC: DELIVERY
CALLS: 11473	MIN: 1.782ms	AVG: 6.617ms	MAX: 82.708ms	TOTAL: 75912.952ms
P99: 25.010ms	P95: 14.071ms	P50: 5.417ms	SD: 4856.426	RATIO: 12.679%
>>>>> PROC: SLEV
CALLS: 11436	MIN: 0.367ms	AVG: 1.689ms	MAX: 35.916ms	TOTAL: 19320.414ms
P99: 6.160ms	P95: 4.216ms	P50: 1.338ms	SD: 1291.087	RATIO: 3.227%
>>>>> PROC: OSTAT
CALLS: 11543	MIN: 0.198ms	AVG: 1.152ms	MAX: 9.850ms	TOTAL: 13297.350ms
P99: 5.265ms	P95: 3.316ms	P50: 0.808ms	SD: 1055.672	RATIO: 2.221%
+-+-+-+-+-+-+-+-+-+-+-+-+-+-+-+-+-+-+-+-+-+-+-+-+-+-+-+-+-+-+-+-+-+-+-+-+-+
>>>>> VIRTUAL USER 7 : ELAPSED TIME : 599372ms
>>>>> PROC: NEWORD
CALLS: 113786	MIN: 0.456ms	AVG: 2.560ms	MAX: 98.531ms	TOTAL: 291248.930ms
P99: 10.130ms	P95: 5.992ms	P50: 1.986ms	SD: 2559.555	RATIO: 48.592%
>>>>> PROC: PAYMENT
CALLS: 113236	MIN: 0.288ms	AVG: 1.655ms	MAX: 126.577ms	TOTAL: 187433.638ms
P99: 6.735ms	P95: 4.277ms	P50: 1.254ms	SD: 1703.367	RATIO: 31.272%
>>>>> PROC: DELIVERY
CALLS: 11207	MIN: 2.234ms	AVG: 6.650ms	MAX: 75.715ms	TOTAL: 74524.037ms
P99: 24.275ms	P95: 14.179ms	P50: 5.444ms	SD: 4712.676	RATIO: 12.434%
>>>>> PROC: SLEV
CALLS: 11493	MIN: 0.369ms	AVG: 1.615ms	MAX: 120.659ms	TOTAL: 18562.190ms
P99: 5.903ms	P95: 4.065ms	P50: 1.262ms	SD: 1677.627	RATIO: 3.097%
>>>>> PROC: OSTAT
CALLS: 11398	MIN: 0.212ms	AVG: 1.187ms	MAX: 29.420ms	TOTAL: 13526.286ms
P99: 5.241ms	P95: 3.433ms	P50: 0.842ms	SD: 1147.115	RATIO: 2.257%
+-+-+-+-+-+-+-+-+-+-+-+-+-+-+-+-+-+-+-+-+-+-+-+-+-+-+-+-+-+-+-+-+-+-+-+-+-+
>>>>> VIRTUAL USER 8 : ELAPSED TIME : 596963ms
>>>>> PROC: NEWORD
CALLS: 114070	MIN: 0.450ms	AVG: 2.531ms	MAX: 91.201ms	TOTAL: 288713.247ms
P99: 10.137ms	P95: 5.917ms	P50: 1.957ms	SD: 2536.632	RATIO: 48.364%
>>>>> PROC: PAYMENT
CALLS: 113539	MIN: 0.188ms	AVG: 1.648ms	MAX: 94.440ms	TOTAL: 187144.112ms
P99: 6.680ms	P95: 4.230ms	P50: 1.259ms	SD: 1691.031	RATIO: 31.349%
>>>>> PROC: DELIVERY
CALLS: 11196	MIN: 2.250ms	AVG: 6.701ms	MAX: 79.897ms	TOTAL: 75022.926ms
P99: 27.759ms	P95: 14.091ms	P50: 5.428ms	SD: 4991.202	RATIO: 12.567%
>>>>> PROC: SLEV
CALLS: 11423	MIN: 0.360ms	AVG: 1.626ms	MAX: 26.370ms	TOTAL: 18571.706ms
P99: 6.202ms	P95: 4.147ms	P50: 1.284ms	SD: 1284.972	RATIO: 3.111%
>>>>> PROC: OSTAT
CALLS: 11148	MIN: 0.203ms	AVG: 1.208ms	MAX: 41.085ms	TOTAL: 13466.675ms
P99: 5.248ms	P95: 3.456ms	P50: 0.843ms	SD: 1264.035	RATIO: 2.256%
+-+-+-+-+-+-+-+-+-+-+-+-+-+-+-+-+-+-+-+-+-+-+-+-+-+-+-+-+-+-+-+-+-+-+-+-+-+
>>>>> VIRTUAL USER 9 : ELAPSED TIME : 597412ms
>>>>> PROC: NEWORD
CALLS: 114968	MIN: 0.014ms	AVG: 2.509ms	MAX: 79.553ms	TOTAL: 288413.186ms
P99: 9.826ms	P95: 5.910ms	P50: 1.947ms	SD: 2437.870	RATIO: 48.277%
>>>>> PROC: PAYMENT
CALLS: 115088	MIN: 0.284ms	AVG: 1.628ms	MAX: 82.214ms	TOTAL: 187400.232ms
P99: 6.562ms	P95: 4.193ms	P50: 1.238ms	SD: 1666.181	RATIO: 31.369%
>>>>> PROC: DELIVERY
CALLS: 11344	MIN: 2.230ms	AVG: 6.633ms	MAX: 75.087ms	TOTAL: 75250.128ms
P99: 27.630ms	P95: 14.166ms	P50: 5.338ms	SD: 5126.130	RATIO: 12.596%
>>>>> PROC: SLEV
CALLS: 11384	MIN: 0.369ms	AVG: 1.647ms	MAX: 41.219ms	TOTAL: 18750.999ms
P99: 6.145ms	P95: 4.176ms	P50: 1.296ms	SD: 1319.338	RATIO: 3.139%
>>>>> PROC: OSTAT
CALLS: 11408	MIN: 0.194ms	AVG: 1.167ms	MAX: 28.800ms	TOTAL: 13311.560ms
P99: 5.366ms	P95: 3.390ms	P50: 0.813ms	SD: 1155.444	RATIO: 2.228%
+-+-+-+-+-+-+-+-+-+-+-+-+-+-+-+-+-+-+-+-+-+-+-+-+-+-+-+-+-+-+-+-+-+-+-+-+-+
>>>>> VIRTUAL USER 10 : ELAPSED TIME : 597680ms
>>>>> PROC: NEWORD
CALLS: 114008	MIN: 0.364ms	AVG: 2.524ms	MAX: 103.349ms	TOTAL: 287702.550ms
P99: 10.193ms	P95: 5.922ms	P50: 1.954ms	SD: 2483.206	RATIO: 48.137%
>>>>> PROC: PAYMENT
CALLS: 113918	MIN: 0.288ms	AVG: 1.645ms	MAX: 73.864ms	TOTAL: 187428.670ms
P99: 6.630ms	P95: 4.219ms	P50: 1.253ms	SD: 1697.470	RATIO: 31.359%
>>>>> PROC: DELIVERY
CALLS: 11520	MIN: 2.293ms	AVG: 6.690ms	MAX: 82.649ms	TOTAL: 77071.614ms
P99: 25.823ms	P95: 14.264ms	P50: 5.448ms	SD: 5005.014	RATIO: 12.895%
>>>>> PROC: SLEV
CALLS: 11383	MIN: 0.347ms	AVG: 1.583ms	MAX: 112.531ms	TOTAL: 18022.028ms
P99: 5.986ms	P95: 3.968ms	P50: 1.226ms	SD: 1607.062	RATIO: 3.015%
>>>>> PROC: OSTAT
CALLS: 11315	MIN: 0.199ms	AVG: 1.185ms	MAX: 20.043ms	TOTAL: 13405.888ms
P99: 5.344ms	P95: 3.441ms	P50: 0.817ms	SD: 1125.052	RATIO: 2.243%
+-+-+-+-+-+-+-+-+-+-+-+-+-+-+-+-+-+-+-+-+-+-+-+-+-+-+-+-+-+-+-+-+-+-+-+-+-+
>>>>> VIRTUAL USER 11 : ELAPSED TIME : 596801ms
>>>>> PROC: NEWORD
CALLS: 116212	MIN: 0.465ms	AVG: 2.488ms	MAX: 80.157ms	TOTAL: 289174.719ms
P99: 9.839ms	P95: 5.858ms	P50: 1.924ms	SD: 2487.131	RATIO: 48.454%
>>>>> PROC: PAYMENT
CALLS: 115372	MIN: 0.286ms	AVG: 1.604ms	MAX: 90.674ms	TOTAL: 185083.284ms
P99: 6.456ms	P95: 4.142ms	P50: 1.221ms	SD: 1678.776	RATIO: 31.013%
>>>>> PROC: DELIVERY
CALLS: 11472	MIN: 2.275ms	AVG: 6.630ms	MAX: 100.115ms	TOTAL: 76056.542ms
P99: 25.704ms	P95: 14.160ms	P50: 5.359ms	SD: 5019.345	RATIO: 12.744%
>>>>> PROC: SLEV
CALLS: 11500	MIN: 0.363ms	AVG: 1.622ms	MAX: 30.321ms	TOTAL: 18648.030ms
P99: 5.953ms	P95: 4.081ms	P50: 1.284ms	SD: 1251.491	RATIO: 3.125%
>>>>> PROC: OSTAT
CALLS: 11684	MIN: 0.199ms	AVG: 1.150ms	MAX: 63.249ms	TOTAL: 13440.492ms
P99: 5.193ms	P95: 3.335ms	P50: 0.783ms	SD: 1248.922	RATIO: 2.252%
+-+-+-+-+-+-+-+-+-+-+-+-+-+-+-+-+-+-+-+-+-+-+-+-+-+-+-+-+-+-+-+-+-+-+-+-+-+
>>>>> VIRTUAL USER 12 : ELAPSED TIME : 596458ms
>>>>> PROC: NEWORD
CALLS: 113143	MIN: 0.468ms	AVG: 2.544ms	MAX: 73.408ms	TOTAL: 287862.361ms
P99: 10.187ms	P95: 6.011ms	P50: 1.968ms	SD: 2510.272	RATIO: 48.262%
>>>>> PROC: PAYMENT
CALLS: 113861	MIN: 0.287ms	AVG: 1.649ms	MAX: 91.079ms	TOTAL: 187788.748ms
P99: 6.757ms	P95: 4.247ms	P50: 1.247ms	SD: 1685.215	RATIO: 31.484%
>>>>> PROC: DELIVERY
CALLS: 11249	MIN: 2.267ms	AVG: 6.630ms	MAX: 79.259ms	TOTAL: 74583.042ms
P99: 24.954ms	P95: 14.290ms	P50: 5.402ms	SD: 4853.118	RATIO: 12.504%
>>>>> PROC: SLEV
CALLS: 11488	MIN: 0.344ms	AVG: 1.631ms	MAX: 71.987ms	TOTAL: 18736.297ms
P99: 6.033ms	P95: 4.093ms	P50: 1.272ms	SD: 1403.514	RATIO: 3.141%
>>>>> PROC: OSTAT
CALLS: 11379	MIN: 0.201ms	AVG: 1.200ms	MAX: 17.543ms	TOTAL: 13654.221ms
P99: 5.328ms	P95: 3.475ms	P50: 0.840ms	SD: 1116.284	RATIO: 2.289%
+-+-+-+-+-+-+-+-+-+-+-+-+-+-+-+-+-+-+-+-+-+-+-+-+-+-+-+-+-+-+-+-+-+-+-+-+-+
>>>>> VIRTUAL USER 13 : ELAPSED TIME : 595646ms
>>>>> PROC: NEWORD
CALLS: 95582	MIN: 0.461ms	AVG: 2.987ms	MAX: 80.624ms	TOTAL: 285488.298ms
P99: 11.481ms	P95: 6.872ms	P50: 2.350ms	SD: 2791.547	RATIO: 47.929%
>>>>> PROC: PAYMENT
CALLS: 94958	MIN: 0.280ms	AVG: 2.081ms	MAX: 124.703ms	TOTAL: 197581.522ms
P99: 8.031ms	P95: 5.093ms	P50: 1.607ms	SD: 2061.541	RATIO: 33.171%
>>>>> PROC: DELIVERY
CALLS: 9422	MIN: 1.831ms	AVG: 7.075ms	MAX: 77.774ms	TOTAL: 66658.915ms
P99: 25.102ms	P95: 15.136ms	P50: 5.794ms	SD: 5006.171	RATIO: 11.191%
>>>>> PROC: SLEV
CALLS: 9716	MIN: 0.410ms	AVG: 1.979ms	MAX: 26.479ms	TOTAL: 19223.321ms
P99: 7.141ms	P95: 4.746ms	P50: 1.594ms	SD: 1496.769	RATIO: 3.227%
>>>>> PROC: OSTAT
CALLS: 9458	MIN: 0.202ms	AVG: 1.469ms	MAX: 32.415ms	TOTAL: 13898.063ms
P99: 5.971ms	P95: 3.935ms	P50: 1.089ms	SD: 1340.635	RATIO: 2.333%
+-+-+-+-+-+-+-+-+-+-+-+-+-+-+-+-+-+-+-+-+-+-+-+-+-+-+-+-+-+-+-+-+-+-+-+-+-+
>>>>> SUMMARY OF 12 ACTIVE VIRTUAL USERS : MEDIAN ELAPSED TIME : 598194ms
>>>>> PROC: NEWORD
CALLS: 2683044	MIN: -3.485ms	AVG: 2.581ms	MAX: 124.011ms	TOTAL: 6926104.107ms
P99: 10.222ms	P95: 6.059ms	P50: 2.001ms	SD: 2550.070	RATIO: 96.486%
>>>>> PROC: PAYMENT
CALLS: 2677556	MIN: -2.645ms	AVG: 1.694ms	MAX: 126.577ms	TOTAL: 4537188.023ms
P99: 6.863ms	P95: 4.355ms	P50: 1.285ms	SD: 1750.732	RATIO: 63.207%
>>>>> PROC: DELIVERY
CALLS: 266868	MIN: 1.782ms	AVG: 6.696ms	MAX: 100.115ms	TOTAL: 1786983.470ms
P99: 25.694ms	P95: 14.326ms	P50: 5.461ms	SD: 4917.594	RATIO: 24.894%
>>>>> PROC: SLEV
CALLS: 269194	MIN: -0.897ms	AVG: 1.667ms	MAX: 120.659ms	TOTAL: 448802.692ms
P99: 6.142ms	P95: 4.183ms	P50: 1.319ms	SD: 1375.042	RATIO: 6.252%
>>>>> PROC: OSTAT
CALLS: 267818	MIN: -5.165ms	AVG: 1.214ms	MAX: 63.249ms	TOTAL: 325268.506ms
P99: 5.338ms	P95: 3.489ms	P50: 0.862ms	SD: 1177.634	RATIO: 4.531%
+-+-+-+-+-+-+-+-+-+-+-+-+-+-+-+-+-+-+-+-+-+-+-+-+-+-+-+-+-+-+-+-+-+-+-+-+-+
MariaDB Hammerdb Time Profile Report @ Fri Jun 06 16:36:18 UTC 2025
+-+-+-+-+-+-+-+-+-+-+-+-+-+-+-+-+-+-+-+-+-+-+-+-+-+-+-+-+-+-+-+-+-+-+-+-+-+
>>>>> VIRTUAL USER 2 : ELAPSED TIME : 616136ms
>>>>> PROC: NEWORD
CALLS: 274981	MIN: 0.452ms	AVG: 1.067ms	MAX: 1101.646ms	TOTAL: 293414.309ms
P99: 2.014ms	P95: 1.249ms	P50: 0.912ms	SD: 5836.525	RATIO: 47.622%
>>>>> PROC: PAYMENT
CALLS: 275388	MIN: 0.269ms	AVG: 0.753ms	MAX: 5211.176ms	TOTAL: 207457.467ms
P99: 1.271ms	P95: 0.826ms	P50: 0.544ms	SD: 14297.839	RATIO: 33.671%
>>>>> PROC: DELIVERY
CALLS: 27647	MIN: 1.168ms	AVG: 2.475ms	MAX: 2833.632ms	TOTAL: 68430.327ms
P99: 6.802ms	P95: 2.745ms	P50: 2.050ms	SD: 19313.032	RATIO: 11.106%
>>>>> PROC: OSTAT
CALLS: 27398	MIN: 0.204ms	AVG: 0.644ms	MAX: 687.766ms	TOTAL: 17647.939ms
P99: 0.862ms	P95: 0.645ms	P50: 0.486ms	SD: 6801.968	RATIO: 2.864%
>>>>> PROC: SLEV
CALLS: 27418	MIN: 0.260ms	AVG: 0.628ms	MAX: 235.460ms	TOTAL: 17229.821ms
P99: 1.079ms	P95: 0.685ms	P50: 0.543ms	SD: 2814.482	RATIO: 2.796%
+-+-+-+-+-+-+-+-+-+-+-+-+-+-+-+-+-+-+-+-+-+-+-+-+-+-+-+-+-+-+-+-+-+-+-+-+-+
>>>>> VIRTUAL USER 3 : ELAPSED TIME : 599840ms
>>>>> PROC: NEWORD
CALLS: 275107	MIN: 0.460ms	AVG: 1.060ms	MAX: 684.628ms	TOTAL: 291560.039ms
P99: 2.008ms	P95: 1.245ms	P50: 0.911ms	SD: 5195.794	RATIO: 48.606%
>>>>> PROC: PAYMENT
CALLS: 274109	MIN: 0.185ms	AVG: 0.719ms	MAX: 2837.176ms	TOTAL: 196960.212ms
P99: 1.273ms	P95: 0.828ms	P50: 0.543ms	SD: 8443.393	RATIO: 32.835%
>>>>> PROC: DELIVERY
CALLS: 27543	MIN: 1.211ms	AVG: 2.428ms	MAX: 1013.858ms	TOTAL: 66884.273ms
P99: 7.191ms	P95: 2.745ms	P50: 2.048ms	SD: 10228.970	RATIO: 11.150%
>>>>> PROC: SLEV
CALLS: 27456	MIN: 0.327ms	AVG: 0.618ms	MAX: 313.124ms	TOTAL: 16973.616ms
P99: 1.043ms	P95: 0.686ms	P50: 0.543ms	SD: 2628.639	RATIO: 2.830%
>>>>> PROC: OSTAT
CALLS: 27593	MIN: 0.211ms	AVG: 0.566ms	MAX: 687.633ms	TOTAL: 15611.740ms
P99: 0.858ms	P95: 0.647ms	P50: 0.487ms	SD: 4524.475	RATIO: 2.603%
+-+-+-+-+-+-+-+-+-+-+-+-+-+-+-+-+-+-+-+-+-+-+-+-+-+-+-+-+-+-+-+-+-+-+-+-+-+
>>>>> SUMMARY OF 2 ACTIVE VIRTUAL USERS : MEDIAN ELAPSED TIME : 607988ms
>>>>> PROC: NEWORD
CALLS: 1100176	MIN: 0.452ms	AVG: 1.063ms	MAX: 1101.645ms	TOTAL: 1169948.696ms
P99: 2.011ms	P95: 1.247ms	P50: 0.912ms	SD: 5525.375	RATIO: 96.215%
>>>>> PROC: PAYMENT
CALLS: 1098994	MIN: 0.185ms	AVG: 0.735ms	MAX: 5211.174ms	TOTAL: 808835.353ms
P99: 1.272ms	P95: 0.827ms	P50: 0.543ms	SD: 11747.953	RATIO: 66.517%
>>>>> PROC: DELIVERY
CALLS: 110380	MIN: 1.168ms	AVG: 2.451ms	MAX: 2833.632ms	TOTAL: 270629.201ms
P99: 6.977ms	P95: 2.745ms	P50: 2.049ms	SD: 15461.547	RATIO: 22.256%
>>>>> PROC: SLEV
CALLS: 109748	MIN: 0.260ms	AVG: 0.623ms	MAX: 313.124ms	TOTAL: 68406.875ms
P99: 1.053ms	P95: 0.686ms	P50: 0.543ms	SD: 2723.050	RATIO: 5.626%
>>>>> PROC: OSTAT
CALLS: 109982	MIN: 0.204ms	AVG: 0.604ms	MAX: 687.766ms	TOTAL: 66519.358ms
P99: 0.861ms	P95: 0.646ms	P50: 0.486ms	SD: 5772.669	RATIO: 5.470%
+-+-+-+-+-+-+-+-+-+-+-+-+-+-+-+-+-+-+-+-+-+-+-+-+-+-+-+-+-+-+-+-+-+-+-+-+-+
MariaDB Hammerdb Time Profile Report @ Fri Jun 06 16:48:47 UTC 2025
+-+-+-+-+-+-+-+-+-+-+-+-+-+-+-+-+-+-+-+-+-+-+-+-+-+-+-+-+-+-+-+-+-+-+-+-+-+
>>>>> VIRTUAL USER 2 : ELAPSED TIME : 600341ms
>>>>> PROC: NEWORD
CALLS: 287929	MIN: 0.476ms	AVG: 1.041ms	MAX: 21.505ms	TOTAL: 299690.012ms
P99: 2.261ms	P95: 1.387ms	P50: 0.995ms	SD: 499.909	RATIO: 49.920%
>>>>> PROC: PAYMENT
CALLS: 286550	MIN: 0.269ms	AVG: 0.630ms	MAX: 21.084ms	TOTAL: 180519.429ms
P99: 1.347ms	P95: 0.857ms	P50: 0.603ms	SD: 235.792	RATIO: 30.069%
>>>>> PROC: DELIVERY
CALLS: 28503	MIN: 1.034ms	AVG: 2.384ms	MAX: 26.350ms	TOTAL: 67958.614ms
P99: 6.529ms	P95: 3.013ms	P50: 2.215ms	SD: 957.210	RATIO: 11.320%
>>>>> PROC: SLEV
CALLS: 28483	MIN: 0.361ms	AVG: 0.707ms	MAX: 10.342ms	TOTAL: 20142.146ms
P99: 1.295ms	P95: 0.891ms	P50: 0.699ms	SD: 188.720	RATIO: 3.355%
>>>>> PROC: OSTAT
CALLS: 29015	MIN: 0.206ms	AVG: 0.612ms	MAX: 13.672ms	TOTAL: 17744.991ms
P99: 1.303ms	P95: 0.824ms	P50: 0.585ms	SD: 211.415	RATIO: 2.956%
+-+-+-+-+-+-+-+-+-+-+-+-+-+-+-+-+-+-+-+-+-+-+-+-+-+-+-+-+-+-+-+-+-+-+-+-+-+
>>>>> VIRTUAL USER 3 : ELAPSED TIME : 599343ms
>>>>> PROC: NEWORD
CALLS: 285450	MIN: 0.478ms	AVG: 1.044ms	MAX: 23.253ms	TOTAL: 297999.758ms
P99: 2.344ms	P95: 1.400ms	P50: 0.996ms	SD: 494.751	RATIO: 49.721%
>>>>> PROC: PAYMENT
CALLS: 285238	MIN: 0.253ms	AVG: 0.632ms	MAX: 21.486ms	TOTAL: 180297.611ms
P99: 1.447ms	P95: 0.868ms	P50: 0.603ms	SD: 238.249	RATIO: 30.083%
>>>>> PROC: DELIVERY
CALLS: 28801	MIN: 1.650ms	AVG: 2.383ms	MAX: 23.272ms	TOTAL: 68632.004ms
P99: 6.299ms	P95: 3.011ms	P50: 2.215ms	SD: 926.723	RATIO: 11.451%
>>>>> PROC: SLEV
CALLS: 28570	MIN: 0.335ms	AVG: 0.719ms	MAX: 10.303ms	TOTAL: 20536.771ms
P99: 1.370ms	P95: 0.921ms	P50: 0.709ms	SD: 199.672	RATIO: 3.427%
>>>>> PROC: OSTAT
CALLS: 28837	MIN: 0.281ms	AVG: 0.616ms	MAX: 13.975ms	TOTAL: 17760.836ms
P99: 1.362ms	P95: 0.834ms	P50: 0.587ms	SD: 232.049	RATIO: 2.963%
+-+-+-+-+-+-+-+-+-+-+-+-+-+-+-+-+-+-+-+-+-+-+-+-+-+-+-+-+-+-+-+-+-+-+-+-+-+
>>>>> VIRTUAL USER 4 : ELAPSED TIME : 598992ms
>>>>> PROC: NEWORD
CALLS: 285718	MIN: 0.474ms	AVG: 1.045ms	MAX: 22.190ms	TOTAL: 298580.546ms
P99: 2.335ms	P95: 1.395ms	P50: 0.998ms	SD: 489.548	RATIO: 49.847%
>>>>> PROC: PAYMENT
CALLS: 285279	MIN: 0.266ms	AVG: 0.631ms	MAX: 21.307ms	TOTAL: 180061.617ms
P99: 1.411ms	P95: 0.864ms	P50: 0.603ms	SD: 237.204	RATIO: 30.061%
>>>>> PROC: DELIVERY
CALLS: 28498	MIN: 1.615ms	AVG: 2.395ms	MAX: 25.999ms	TOTAL: 68261.203ms
P99: 6.640ms	P95: 3.027ms	P50: 2.222ms	SD: 990.475	RATIO: 11.396%
>>>>> PROC: SLEV
CALLS: 28334	MIN: 0.371ms	AVG: 0.719ms	MAX: 13.839ms	TOTAL: 20376.358ms
P99: 1.383ms	P95: 0.914ms	P50: 0.708ms	SD: 205.486	RATIO: 3.402%
>>>>> PROC: OSTAT
CALLS: 28555	MIN: 0.233ms	AVG: 0.612ms	MAX: 10.702ms	TOTAL: 17481.453ms
P99: 1.333ms	P95: 0.817ms	P50: 0.586ms	SD: 214.325	RATIO: 2.918%
+-+-+-+-+-+-+-+-+-+-+-+-+-+-+-+-+-+-+-+-+-+-+-+-+-+-+-+-+-+-+-+-+-+-+-+-+-+
>>>>> VIRTUAL USER 5 : ELAPSED TIME : 598557ms
>>>>> PROC: NEWORD
CALLS: 284602	MIN: 0.459ms	AVG: 1.045ms	MAX: 24.255ms	TOTAL: 297303.705ms
P99: 2.382ms	P95: 1.398ms	P50: 0.996ms	SD: 501.857	RATIO: 49.670%
>>>>> PROC: PAYMENT
CALLS: 284913	MIN: 0.269ms	AVG: 0.634ms	MAX: 17.639ms	TOTAL: 180630.676ms
P99: 1.462ms	P95: 0.872ms	P50: 0.604ms	SD: 241.203	RATIO: 30.178%
>>>>> PROC: DELIVERY
CALLS: 28621	MIN: 1.302ms	AVG: 2.397ms	MAX: 25.232ms	TOTAL: 68597.878ms
P99: 5.995ms	P95: 3.052ms	P50: 2.236ms	SD: 898.040	RATIO: 11.461%
>>>>> PROC: SLEV
CALLS: 28468	MIN: 0.406ms	AVG: 0.703ms	MAX: 8.324ms	TOTAL: 20015.469ms
P99: 1.361ms	P95: 0.901ms	P50: 0.692ms	SD: 174.394	RATIO: 3.344%
>>>>> PROC: OSTAT
CALLS: 28756	MIN: 0.241ms	AVG: 0.618ms	MAX: 8.550ms	TOTAL: 17777.923ms
P99: 1.416ms	P95: 0.831ms	P50: 0.587ms	SD: 236.572	RATIO: 2.970%
+-+-+-+-+-+-+-+-+-+-+-+-+-+-+-+-+-+-+-+-+-+-+-+-+-+-+-+-+-+-+-+-+-+-+-+-+-+
>>>>> SUMMARY OF 4 ACTIVE VIRTUAL USERS : MEDIAN ELAPSED TIME : 599168ms
>>>>> PROC: NEWORD
CALLS: 2287398	MIN: 0.459ms	AVG: 1.043ms	MAX: 24.255ms	TOTAL: 2387147.974ms
P99: 2.331ms	P95: 1.395ms	P50: 0.996ms	SD: 496.543	RATIO: 99.603%
>>>>> PROC: PAYMENT
CALLS: 2283960	MIN: -0.753ms	AVG: 0.631ms	MAX: 21.486ms	TOTAL: 1443018.627ms
P99: 1.416ms	P95: 0.865ms	P50: 0.603ms	SD: 238.121	RATIO: 60.209%
>>>>> PROC: DELIVERY
CALLS: 228846	MIN: 1.034ms	AVG: 2.389ms	MAX: 26.350ms	TOTAL: 546899.381ms
P99: 6.397ms	P95: 3.023ms	P50: 2.222ms	SD: 943.655	RATIO: 22.819%
>>>>> PROC: SLEV
CALLS: 227710	MIN: 0.335ms	AVG: 0.712ms	MAX: 13.839ms	TOTAL: 162141.481ms
P99: 1.354ms	P95: 0.908ms	P50: 0.701ms	SD: 192.551	RATIO: 6.765%
>>>>> PROC: OSTAT
CALLS: 230326	MIN: 0.206ms	AVG: 0.614ms	MAX: 13.975ms	TOTAL: 141530.401ms
P99: 1.350ms	P95: 0.827ms	P50: 0.586ms	SD: 223.863	RATIO: 5.905%
+-+-+-+-+-+-+-+-+-+-+-+-+-+-+-+-+-+-+-+-+-+-+-+-+-+-+-+-+-+-+-+-+-+-+-+-+-+
MariaDB Hammerdb Time Profile Report @ Fri Jun 06 17:02:47 UTC 2025
+-+-+-+-+-+-+-+-+-+-+-+-+-+-+-+-+-+-+-+-+-+-+-+-+-+-+-+-+-+-+-+-+-+-+-+-+-+
>>>>> VIRTUAL USER 2 : ELAPSED TIME : 600487ms
>>>>> PROC: NEWORD
CALLS: 160043	MIN: 0.430ms	AVG: 1.815ms	MAX: 29.832ms	TOTAL: 290511.686ms
P99: 5.891ms	P95: 3.317ms	P50: 1.603ms	SD: 1093.542	RATIO: 48.379%
>>>>> PROC: PAYMENT
CALLS: 160526	MIN: 0.256ms	AVG: 1.228ms	MAX: 21.381ms	TOTAL: 197192.277ms
P99: 3.366ms	P95: 2.306ms	P50: 1.126ms	SD: 663.050	RATIO: 32.839%
>>>>> PROC: DELIVERY
CALLS: 15920	MIN: 1.535ms	AVG: 3.686ms	MAX: 29.468ms	TOTAL: 58682.925ms
P99: 12.821ms	P95: 6.866ms	P50: 3.103ms	SD: 2094.776	RATIO: 9.773%
>>>>> PROC: SLEV
CALLS: 16135	MIN: 0.324ms	AVG: 1.236ms	MAX: 9.600ms	TOTAL: 19949.232ms
P99: 3.155ms	P95: 2.195ms	P50: 1.120ms	SD: 553.451	RATIO: 3.322%
>>>>> PROC: OSTAT
CALLS: 16016	MIN: 0.200ms	AVG: 1.186ms	MAX: 14.889ms	TOTAL: 18994.399ms
P99: 3.454ms	P95: 2.277ms	P50: 1.068ms	SD: 670.812	RATIO: 3.163%
+-+-+-+-+-+-+-+-+-+-+-+-+-+-+-+-+-+-+-+-+-+-+-+-+-+-+-+-+-+-+-+-+-+-+-+-+-+
>>>>> VIRTUAL USER 3 : ELAPSED TIME : 600134ms
>>>>> PROC: NEWORD
CALLS: 161983	MIN: 0.441ms	AVG: 1.795ms	MAX: 31.109ms	TOTAL: 290793.464ms
P99: 5.883ms	P95: 3.298ms	P50: 1.588ms	SD: 1090.984	RATIO: 48.455%
>>>>> PROC: PAYMENT
CALLS: 162125	MIN: 0.257ms	AVG: 1.214ms	MAX: 20.592ms	TOTAL: 196795.784ms
P99: 3.323ms	P95: 2.289ms	P50: 1.118ms	SD: 657.137	RATIO: 32.792%
>>>>> PROC: DELIVERY
CALLS: 16207	MIN: 1.595ms	AVG: 3.628ms	MAX: 31.752ms	TOTAL: 58791.319ms
P99: 12.712ms	P95: 6.623ms	P50: 3.072ms	SD: 1998.951	RATIO: 9.796%
>>>>> PROC: SLEV
CALLS: 16275	MIN: 0.325ms	AVG: 1.217ms	MAX: 12.784ms	TOTAL: 19807.340ms
P99: 3.100ms	P95: 2.165ms	P50: 1.101ms	SD: 558.804	RATIO: 3.300%
>>>>> PROC: OSTAT
CALLS: 16146	MIN: 0.195ms	AVG: 1.180ms	MAX: 17.931ms	TOTAL: 19056.805ms
P99: 3.468ms	P95: 2.258ms	P50: 1.065ms	SD: 693.862	RATIO: 3.175%
+-+-+-+-+-+-+-+-+-+-+-+-+-+-+-+-+-+-+-+-+-+-+-+-+-+-+-+-+-+-+-+-+-+-+-+-+-+
>>>>> VIRTUAL USER 4 : ELAPSED TIME : 598927ms
>>>>> PROC: NEWORD
CALLS: 162594	MIN: 0.441ms	AVG: 1.788ms	MAX: 35.293ms	TOTAL: 290746.631ms
P99: 5.786ms	P95: 3.280ms	P50: 1.583ms	SD: 1080.588	RATIO: 48.545%
>>>>> PROC: PAYMENT
CALLS: 162415	MIN: 0.250ms	AVG: 1.206ms	MAX: 18.943ms	TOTAL: 195888.675ms
P99: 3.337ms	P95: 2.283ms	P50: 1.109ms	SD: 658.846	RATIO: 32.707%
>>>>> PROC: DELIVERY
CALLS: 16245	MIN: 1.629ms	AVG: 3.625ms	MAX: 32.636ms	TOTAL: 58894.010ms
P99: 12.352ms	P95: 6.676ms	P50: 3.072ms	SD: 2004.386	RATIO: 9.833%
>>>>> PROC: SLEV
CALLS: 16180	MIN: 0.327ms	AVG: 1.208ms	MAX: 10.994ms	TOTAL: 19546.899ms
P99: 3.134ms	P95: 2.183ms	P50: 1.087ms	SD: 567.593	RATIO: 3.264%
>>>>> PROC: OSTAT
CALLS: 16326	MIN: 0.197ms	AVG: 1.167ms	MAX: 15.618ms	TOTAL: 19046.742ms
P99: 3.436ms	P95: 2.245ms	P50: 1.050ms	SD: 697.120	RATIO: 3.180%
+-+-+-+-+-+-+-+-+-+-+-+-+-+-+-+-+-+-+-+-+-+-+-+-+-+-+-+-+-+-+-+-+-+-+-+-+-+
>>>>> VIRTUAL USER 5 : ELAPSED TIME : 598682ms
>>>>> PROC: NEWORD
CALLS: 159749	MIN: 0.442ms	AVG: 1.812ms	MAX: 31.705ms	TOTAL: 289474.216ms
P99: 5.862ms	P95: 3.330ms	P50: 1.601ms	SD: 1092.319	RATIO: 48.352%
>>>>> PROC: PAYMENT
CALLS: 160565	MIN: 0.254ms	AVG: 1.221ms	MAX: 20.652ms	TOTAL: 196108.067ms
P99: 3.320ms	P95: 2.302ms	P50: 1.123ms	SD: 654.059	RATIO: 32.757%
>>>>> PROC: DELIVERY
CALLS: 15905	MIN: 1.618ms	AVG: 3.688ms	MAX: 36.412ms	TOTAL: 58653.703ms
P99: 13.124ms	P95: 6.803ms	P50: 3.105ms	SD: 2154.068	RATIO: 9.797%
>>>>> PROC: SLEV
CALLS: 16232	MIN: 0.333ms	AVG: 1.247ms	MAX: 14.122ms	TOTAL: 20240.022ms
P99: 3.109ms	P95: 2.203ms	P50: 1.126ms	SD: 566.233	RATIO: 3.381%
>>>>> PROC: OSTAT
CALLS: 16189	MIN: 0.188ms	AVG: 1.184ms	MAX: 14.740ms	TOTAL: 19164.258ms
P99: 3.389ms	P95: 2.258ms	P50: 1.072ms	SD: 674.221	RATIO: 3.201%
+-+-+-+-+-+-+-+-+-+-+-+-+-+-+-+-+-+-+-+-+-+-+-+-+-+-+-+-+-+-+-+-+-+-+-+-+-+
>>>>> VIRTUAL USER 6 : ELAPSED TIME : 599482ms
>>>>> PROC: NEWORD
CALLS: 161250	MIN: 0.450ms	AVG: 1.803ms	MAX: 28.096ms	TOTAL: 290672.384ms
P99: 5.949ms	P95: 3.292ms	P50: 1.593ms	SD: 1093.878	RATIO: 48.487%
>>>>> PROC: PAYMENT
CALLS: 161389	MIN: 0.252ms	AVG: 1.216ms	MAX: 24.478ms	TOTAL: 196286.058ms
P99: 3.336ms	P95: 2.292ms	P50: 1.117ms	SD: 673.978	RATIO: 32.743%
>>>>> PROC: DELIVERY
CALLS: 16041	MIN: 1.645ms	AVG: 3.678ms	MAX: 34.241ms	TOTAL: 59003.297ms
P99: 13.548ms	P95: 6.890ms	P50: 3.085ms	SD: 2135.421	RATIO: 9.842%
>>>>> PROC: SLEV
CALLS: 15834	MIN: 0.340ms	AVG: 1.234ms	MAX: 14.654ms	TOTAL: 19535.154ms
P99: 3.118ms	P95: 2.214ms	P50: 1.113ms	SD: 559.467	RATIO: 3.259%
>>>>> PROC: OSTAT
CALLS: 16174	MIN: 0.200ms	AVG: 1.179ms	MAX: 15.205ms	TOTAL: 19061.360ms
P99: 3.430ms	P95: 2.255ms	P50: 1.071ms	SD: 674.798	RATIO: 3.180%
+-+-+-+-+-+-+-+-+-+-+-+-+-+-+-+-+-+-+-+-+-+-+-+-+-+-+-+-+-+-+-+-+-+-+-+-+-+
>>>>> VIRTUAL USER 7 : ELAPSED TIME : 597647ms
>>>>> PROC: NEWORD
CALLS: 160763	MIN: 0.449ms	AVG: 1.801ms	MAX: 30.184ms	TOTAL: 289595.225ms
P99: 5.818ms	P95: 3.303ms	P50: 1.595ms	SD: 1074.851	RATIO: 48.456%
>>>>> PROC: PAYMENT
CALLS: 160136	MIN: 0.257ms	AVG: 1.219ms	MAX: 24.695ms	TOTAL: 195221.418ms
P99: 3.317ms	P95: 2.283ms	P50: 1.123ms	SD: 658.277	RATIO: 32.665%
>>>>> PROC: DELIVERY
CALLS: 15811	MIN: 1.668ms	AVG: 3.753ms	MAX: 37.434ms	TOTAL: 59345.263ms
P99: 14.303ms	P95: 7.124ms	P50: 3.114ms	SD: 2281.210	RATIO: 9.930%
>>>>> PROC: SLEV
CALLS: 16012	MIN: 0.313ms	AVG: 1.233ms	MAX: 10.148ms	TOTAL: 19745.209ms
P99: 3.149ms	P95: 2.185ms	P50: 1.117ms	SD: 548.954	RATIO: 3.304%
>>>>> PROC: OSTAT
CALLS: 15918	MIN: 0.188ms	AVG: 1.188ms	MAX: 10.736ms	TOTAL: 18903.647ms
P99: 3.510ms	P95: 2.288ms	P50: 1.074ms	SD: 671.425	RATIO: 3.163%
+-+-+-+-+-+-+-+-+-+-+-+-+-+-+-+-+-+-+-+-+-+-+-+-+-+-+-+-+-+-+-+-+-+-+-+-+-+
>>>>> VIRTUAL USER 8 : ELAPSED TIME : 598270ms
>>>>> PROC: NEWORD
CALLS: 160338	MIN: 0.459ms	AVG: 1.807ms	MAX: 25.091ms	TOTAL: 289709.074ms
P99: 5.903ms	P95: 3.307ms	P50: 1.598ms	SD: 1086.304	RATIO: 48.424%
>>>>> PROC: PAYMENT
CALLS: 160543	MIN: 0.259ms	AVG: 1.221ms	MAX: 19.225ms	TOTAL: 196006.718ms
P99: 3.321ms	P95: 2.295ms	P50: 1.126ms	SD: 655.010	RATIO: 32.762%
>>>>> PROC: DELIVERY
CALLS: 15977	MIN: 1.728ms	AVG: 3.679ms	MAX: 37.842ms	TOTAL: 58783.845ms
P99: 12.643ms	P95: 6.886ms	P50: 3.094ms	SD: 2090.666	RATIO: 9.826%
>>>>> PROC: SLEV
CALLS: 15761	MIN: 0.331ms	AVG: 1.228ms	MAX: 15.399ms	TOTAL: 19352.830ms
P99: 3.079ms	P95: 2.183ms	P50: 1.107ms	SD: 585.133	RATIO: 3.235%
>>>>> PROC: OSTAT
CALLS: 16021	MIN: 0.189ms	AVG: 1.191ms	MAX: 20.787ms	TOTAL: 19080.575ms
P99: 3.579ms	P95: 2.301ms	P50: 1.076ms	SD: 723.434	RATIO: 3.189%
+-+-+-+-+-+-+-+-+-+-+-+-+-+-+-+-+-+-+-+-+-+-+-+-+-+-+-+-+-+-+-+-+-+-+-+-+-+
>>>>> VIRTUAL USER 9 : ELAPSED TIME : 598163ms
>>>>> PROC: NEWORD
CALLS: 160612	MIN: 0.459ms	AVG: 1.811ms	MAX: 29.974ms	TOTAL: 290843.624ms
P99: 6.057ms	P95: 3.329ms	P50: 1.596ms	SD: 1105.467	RATIO: 48.623%
>>>>> PROC: PAYMENT
CALLS: 159767	MIN: 0.257ms	AVG: 1.217ms	MAX: 21.528ms	TOTAL: 194367.075ms
P99: 3.308ms	P95: 2.288ms	P50: 1.120ms	SD: 656.909	RATIO: 32.494%
>>>>> PROC: DELIVERY
CALLS: 16093	MIN: 1.716ms	AVG: 3.666ms	MAX: 34.704ms	TOTAL: 59000.237ms
P99: 12.543ms	P95: 6.808ms	P50: 3.087ms	SD: 2066.024	RATIO: 9.864%
>>>>> PROC: SLEV
CALLS: 16076	MIN: 0.318ms	AVG: 1.232ms	MAX: 13.122ms	TOTAL: 19806.462ms
P99: 3.229ms	P95: 2.196ms	P50: 1.107ms	SD: 587.297	RATIO: 3.311%
>>>>> PROC: OSTAT
CALLS: 16092	MIN: 0.187ms	AVG: 1.180ms	MAX: 12.379ms	TOTAL: 18985.640ms
P99: 3.495ms	P95: 2.271ms	P50: 1.064ms	SD: 684.375	RATIO: 3.174%
+-+-+-+-+-+-+-+-+-+-+-+-+-+-+-+-+-+-+-+-+-+-+-+-+-+-+-+-+-+-+-+-+-+-+-+-+-+
>>>>> SUMMARY OF 8 ACTIVE VIRTUAL USERS : MEDIAN ELAPSED TIME : 598804ms
>>>>> PROC: NEWORD
CALLS: 2574664	MIN: 0.430ms	AVG: 1.803ms	MAX: 35.293ms	TOTAL: 4644693.170ms
P99: 5.889ms	P95: 3.308ms	P50: 1.595ms	SD: 1089.791	RATIO: 96.958%
>>>>> PROC: PAYMENT
CALLS: 2574932	MIN: 0.250ms	AVG: 1.217ms	MAX: 24.695ms	TOTAL: 3135732.525ms
P99: 3.330ms	P95: 2.293ms	P50: 1.120ms	SD: 659.719	RATIO: 65.458%
>>>>> PROC: DELIVERY
CALLS: 256398	MIN: 1.535ms	AVG: 3.675ms	MAX: 37.842ms	TOTAL: 942309.315ms
P99: 13.073ms	P95: 6.837ms	P50: 3.091ms	SD: 2104.498	RATIO: 19.671%
>>>>> PROC: SLEV
CALLS: 257010	MIN: 0.313ms	AVG: 1.229ms	MAX: 15.399ms	TOTAL: 315966.335ms
P99: 3.131ms	P95: 2.191ms	P50: 1.110ms	SD: 566.070	RATIO: 6.596%
>>>>> PROC: OSTAT
CALLS: 257764	MIN: 0.187ms	AVG: 1.181ms	MAX: 20.787ms	TOTAL: 304586.890ms
P99: 3.479ms	P95: 2.270ms	P50: 1.068ms	SD: 686.495	RATIO: 6.358%
+-+-+-+-+-+-+-+-+-+-+-+-+-+-+-+-+-+-+-+-+-+-+-+-+-+-+-+-+-+-+-+-+-+-+-+-+-+
MariaDB Hammerdb Time Profile Report @ Fri Jun 06 17:18:04 UTC 2025
+-+-+-+-+-+-+-+-+-+-+-+-+-+-+-+-+-+-+-+-+-+-+-+-+-+-+-+-+-+-+-+-+-+-+-+-+-+
>>>>> VIRTUAL USER 2 : ELAPSED TIME : 601761ms
>>>>> PROC: NEWORD
CALLS: 110440	MIN: 0.473ms	AVG: 2.724ms	MAX: 64.472ms	TOTAL: 300877.365ms
P99: 9.524ms	P95: 5.672ms	P50: 2.369ms	SD: 1845.639	RATIO: 49.999%
>>>>> PROC: PAYMENT
CALLS: 110072	MIN: 0.261ms	AVG: 1.654ms	MAX: 124.225ms	TOTAL: 182024.742ms
P99: 5.031ms	P95: 3.543ms	P50: 1.486ms	SD: 1161.422	RATIO: 30.249%
>>>>> PROC: DELIVERY
CALLS: 10815	MIN: 1.535ms	AVG: 6.328ms	MAX: 78.683ms	TOTAL: 68435.521ms
P99: 20.801ms	P95: 13.199ms	P50: 5.424ms	SD: 3828.337	RATIO: 11.373%
>>>>> PROC: SLEV
CALLS: 10829	MIN: 0.341ms	AVG: 1.752ms	MAX: 15.487ms	TOTAL: 18969.256ms
P99: 5.065ms	P95: 3.551ms	P50: 1.571ms	SD: 1003.839	RATIO: 3.152%
>>>>> PROC: OSTAT
CALLS: 10772	MIN: 0.181ms	AVG: 1.654ms	MAX: 26.984ms	TOTAL: 17814.476ms
P99: 5.531ms	P95: 3.622ms	P50: 1.459ms	SD: 1149.985	RATIO: 2.960%
+-+-+-+-+-+-+-+-+-+-+-+-+-+-+-+-+-+-+-+-+-+-+-+-+-+-+-+-+-+-+-+-+-+-+-+-+-+
>>>>> VIRTUAL USER 3 : ELAPSED TIME : 600671ms
>>>>> PROC: NEWORD
CALLS: 109623	MIN: 0.468ms	AVG: 2.721ms	MAX: 106.086ms	TOTAL: 298245.787ms
P99: 9.363ms	P95: 5.669ms	P50: 2.376ms	SD: 1856.109	RATIO: 49.652%
>>>>> PROC: PAYMENT
CALLS: 109452	MIN: 0.262ms	AVG: 1.665ms	MAX: 104.295ms	TOTAL: 182223.936ms
P99: 5.048ms	P95: 3.559ms	P50: 1.496ms	SD: 1150.972	RATIO: 30.337%
>>>>> PROC: DELIVERY
CALLS: 10859	MIN: 1.652ms	AVG: 6.338ms	MAX: 38.036ms	TOTAL: 68826.016ms
P99: 20.585ms	P95: 13.174ms	P50: 5.469ms	SD: 3693.995	RATIO: 11.458%
>>>>> PROC: SLEV
CALLS: 11016	MIN: 0.351ms	AVG: 1.798ms	MAX: 18.075ms	TOTAL: 19802.224ms
P99: 5.347ms	P95: 3.578ms	P50: 1.612ms	SD: 1064.629	RATIO: 3.297%
>>>>> PROC: OSTAT
CALLS: 10954	MIN: 0.203ms	AVG: 1.652ms	MAX: 65.038ms	TOTAL: 18096.763ms
P99: 5.314ms	P95: 3.618ms	P50: 1.453ms	SD: 1290.118	RATIO: 3.013%
+-+-+-+-+-+-+-+-+-+-+-+-+-+-+-+-+-+-+-+-+-+-+-+-+-+-+-+-+-+-+-+-+-+-+-+-+-+
>>>>> VIRTUAL USER 4 : ELAPSED TIME : 600073ms
>>>>> PROC: NEWORD
CALLS: 107686	MIN: 0.470ms	AVG: 2.778ms	MAX: 63.599ms	TOTAL: 299112.327ms
P99: 9.504ms	P95: 5.725ms	P50: 2.423ms	SD: 1846.465	RATIO: 49.846%
>>>>> PROC: PAYMENT
CALLS: 107784	MIN: 0.259ms	AVG: 1.689ms	MAX: 58.896ms	TOTAL: 182087.838ms
P99: 5.100ms	P95: 3.580ms	P50: 1.521ms	SD: 1115.711	RATIO: 30.344%
>>>>> PROC: DELIVERY
CALLS: 10711	MIN: 1.666ms	AVG: 6.327ms	MAX: 92.444ms	TOTAL: 67764.290ms
P99: 20.318ms	P95: 12.820ms	P50: 5.453ms	SD: 3707.514	RATIO: 11.293%
>>>>> PROC: SLEV
CALLS: 10748	MIN: 0.355ms	AVG: 1.804ms	MAX: 30.016ms	TOTAL: 19391.140ms
P99: 5.398ms	P95: 3.625ms	P50: 1.621ms	SD: 1066.449	RATIO: 3.231%
>>>>> PROC: OSTAT
CALLS: 10879	MIN: 0.200ms	AVG: 1.710ms	MAX: 13.182ms	TOTAL: 18608.399ms
P99: 5.682ms	P95: 3.706ms	P50: 1.515ms	SD: 1157.277	RATIO: 3.101%
+-+-+-+-+-+-+-+-+-+-+-+-+-+-+-+-+-+-+-+-+-+-+-+-+-+-+-+-+-+-+-+-+-+-+-+-+-+
>>>>> VIRTUAL USER 5 : ELAPSED TIME : 598861ms
>>>>> PROC: NEWORD
CALLS: 109518	MIN: 0.453ms	AVG: 2.723ms	MAX: 84.451ms	TOTAL: 298166.441ms
P99: 9.340ms	P95: 5.704ms	P50: 2.371ms	SD: 1827.129	RATIO: 49.789%
>>>>> PROC: PAYMENT
CALLS: 109656	MIN: 0.259ms	AVG: 1.660ms	MAX: 64.681ms	TOTAL: 182052.486ms
P99: 5.033ms	P95: 3.532ms	P50: 1.495ms	SD: 1134.804	RATIO: 30.400%
>>>>> PROC: DELIVERY
CALLS: 10931	MIN: 1.582ms	AVG: 6.232ms	MAX: 41.273ms	TOTAL: 68118.104ms
P99: 19.544ms	P95: 12.846ms	P50: 5.408ms	SD: 3588.741	RATIO: 11.375%
>>>>> PROC: SLEV
CALLS: 10986	MIN: 0.338ms	AVG: 1.770ms	MAX: 18.835ms	TOTAL: 19447.802ms
P99: 5.035ms	P95: 3.576ms	P50: 1.581ms	SD: 1019.143	RATIO: 3.247%
>>>>> PROC: OSTAT
CALLS: 10813	MIN: 0.195ms	AVG: 1.648ms	MAX: 58.578ms	TOTAL: 17818.020ms
P99: 5.362ms	P95: 3.584ms	P50: 1.467ms	SD: 1253.558	RATIO: 2.975%
+-+-+-+-+-+-+-+-+-+-+-+-+-+-+-+-+-+-+-+-+-+-+-+-+-+-+-+-+-+-+-+-+-+-+-+-+-+
>>>>> VIRTUAL USER 6 : ELAPSED TIME : 598425ms
>>>>> PROC: NEWORD
CALLS: 108749	MIN: 0.458ms	AVG: 2.736ms	MAX: 63.796ms	TOTAL: 297556.910ms
P99: 9.444ms	P95: 5.688ms	P50: 2.385ms	SD: 1833.335	RATIO: 49.723%
>>>>> PROC: PAYMENT
CALLS: 108325	MIN: 0.261ms	AVG: 1.669ms	MAX: 61.337ms	TOTAL: 180828.799ms
P99: 5.020ms	P95: 3.562ms	P50: 1.502ms	SD: 1106.628	RATIO: 30.217%
>>>>> PROC: DELIVERY
CALLS: 10924	MIN: 1.821ms	AVG: 6.290ms	MAX: 48.745ms	TOTAL: 68712.869ms
P99: 20.632ms	P95: 12.894ms	P50: 5.438ms	SD: 3674.548	RATIO: 11.482%
>>>>> PROC: SLEV
CALLS: 10977	MIN: 0.325ms	AVG: 1.796ms	MAX: 27.565ms	TOTAL: 19713.630ms
P99: 4.995ms	P95: 3.593ms	P50: 1.616ms	SD: 1023.726	RATIO: 3.294%
>>>>> PROC: OSTAT
CALLS: 10881	MIN: 0.201ms	AVG: 1.658ms	MAX: 58.710ms	TOTAL: 18041.031ms
P99: 5.562ms	P95: 3.659ms	P50: 1.439ms	SD: 1319.659	RATIO: 3.015%
+-+-+-+-+-+-+-+-+-+-+-+-+-+-+-+-+-+-+-+-+-+-+-+-+-+-+-+-+-+-+-+-+-+-+-+-+-+
>>>>> VIRTUAL USER 7 : ELAPSED TIME : 598722ms
>>>>> PROC: NEWORD
CALLS: 108657	MIN: 0.469ms	AVG: 2.748ms	MAX: 109.996ms	TOTAL: 298622.719ms
P99: 9.562ms	P95: 5.698ms	P50: 2.391ms	SD: 1868.589	RATIO: 49.877%
>>>>> PROC: PAYMENT
CALLS: 108829	MIN: 0.258ms	AVG: 1.672ms	MAX: 109.927ms	TOTAL: 182010.333ms
P99: 5.113ms	P95: 3.568ms	P50: 1.501ms	SD: 1187.051	RATIO: 30.400%
>>>>> PROC: DELIVERY
CALLS: 10744	MIN: 1.842ms	AVG: 6.260ms	MAX: 39.071ms	TOTAL: 67261.260ms
P99: 20.578ms	P95: 12.819ms	P50: 5.403ms	SD: 3626.664	RATIO: 11.234%
>>>>> PROC: SLEV
CALLS: 10818	MIN: 0.345ms	AVG: 1.787ms	MAX: 24.946ms	TOTAL: 19326.787ms
P99: 4.958ms	P95: 3.652ms	P50: 1.600ms	SD: 1018.494	RATIO: 3.228%
>>>>> PROC: OSTAT
CALLS: 10808	MIN: 0.189ms	AVG: 1.677ms	MAX: 22.391ms	TOTAL: 18123.241ms
P99: 5.796ms	P95: 3.669ms	P50: 1.468ms	SD: 1202.910	RATIO: 3.027%
+-+-+-+-+-+-+-+-+-+-+-+-+-+-+-+-+-+-+-+-+-+-+-+-+-+-+-+-+-+-+-+-+-+-+-+-+-+
>>>>> VIRTUAL USER 8 : ELAPSED TIME : 599222ms
>>>>> PROC: NEWORD
CALLS: 106808	MIN: 0.461ms	AVG: 2.800ms	MAX: 113.231ms	TOTAL: 299089.313ms
P99: 9.695ms	P95: 5.828ms	P50: 2.438ms	SD: 1887.811	RATIO: 49.913%
>>>>> PROC: PAYMENT
CALLS: 106684	MIN: 0.264ms	AVG: 1.700ms	MAX: 120.003ms	TOTAL: 181337.280ms
P99: 5.104ms	P95: 3.594ms	P50: 1.529ms	SD: 1174.084	RATIO: 30.262%
>>>>> PROC: DELIVERY
CALLS: 10776	MIN: 1.819ms	AVG: 6.283ms	MAX: 42.291ms	TOTAL: 67700.761ms
P99: 19.554ms	P95: 12.723ms	P50: 5.450ms	SD: 3589.610	RATIO: 11.298%
>>>>> PROC: SLEV
CALLS: 10640	MIN: 0.346ms	AVG: 1.788ms	MAX: 74.507ms	TOTAL: 19028.718ms
P99: 5.195ms	P95: 3.592ms	P50: 1.590ms	SD: 1363.335	RATIO: 3.176%
>>>>> PROC: OSTAT
CALLS: 10852	MIN: 0.184ms	AVG: 1.697ms	MAX: 20.379ms	TOTAL: 18417.644ms
P99: 5.630ms	P95: 3.738ms	P50: 1.493ms	SD: 1176.397	RATIO: 3.074%
+-+-+-+-+-+-+-+-+-+-+-+-+-+-+-+-+-+-+-+-+-+-+-+-+-+-+-+-+-+-+-+-+-+-+-+-+-+
>>>>> VIRTUAL USER 9 : ELAPSED TIME : 596520ms
>>>>> PROC: NEWORD
CALLS: 108348	MIN: 0.468ms	AVG: 2.751ms	MAX: 80.781ms	TOTAL: 298064.209ms
P99: 9.476ms	P95: 5.737ms	P50: 2.393ms	SD: 1833.488	RATIO: 49.967%
>>>>> PROC: PAYMENT
CALLS: 107838	MIN: 0.255ms	AVG: 1.662ms	MAX: 59.625ms	TOTAL: 179265.161ms
P99: 4.989ms	P95: 3.541ms	P50: 1.498ms	SD: 1105.894	RATIO: 30.052%
>>>>> PROC: DELIVERY
CALLS: 10752	MIN: 1.827ms	AVG: 6.337ms	MAX: 49.502ms	TOTAL: 68132.483ms
P99: 20.343ms	P95: 13.015ms	P50: 5.499ms	SD: 3645.672	RATIO: 11.422%
>>>>> PROC: SLEV
CALLS: 10719	MIN: 0.353ms	AVG: 1.802ms	MAX: 68.423ms	TOTAL: 19314.844ms
P99: 5.348ms	P95: 3.658ms	P50: 1.595ms	SD: 1237.099	RATIO: 3.238%
>>>>> PROC: OSTAT
CALLS: 10919	MIN: 0.192ms	AVG: 1.680ms	MAX: 96.140ms	TOTAL: 18347.109ms
P99: 5.408ms	P95: 3.719ms	P50: 1.467ms	SD: 1467.127	RATIO: 3.076%
+-+-+-+-+-+-+-+-+-+-+-+-+-+-+-+-+-+-+-+-+-+-+-+-+-+-+-+-+-+-+-+-+-+-+-+-+-+
>>>>> VIRTUAL USER 10 : ELAPSED TIME : 596764ms
>>>>> PROC: NEWORD
CALLS: 107213	MIN: 0.465ms	AVG: 2.777ms	MAX: 65.937ms	TOTAL: 297754.419ms
P99: 9.688ms	P95: 5.771ms	P50: 2.408ms	SD: 1869.542	RATIO: 49.895%
>>>>> PROC: PAYMENT
CALLS: 107283	MIN: 0.258ms	AVG: 1.678ms	MAX: 68.357ms	TOTAL: 180056.226ms
P99: 5.087ms	P95: 3.569ms	P50: 1.505ms	SD: 1143.051	RATIO: 30.172%
>>>>> PROC: DELIVERY
CALLS: 10753	MIN: 1.811ms	AVG: 6.336ms	MAX: 41.081ms	TOTAL: 68132.188ms
P99: 20.592ms	P95: 12.827ms	P50: 5.468ms	SD: 3684.868	RATIO: 11.417%
>>>>> PROC: SLEV
CALLS: 10822	MIN: 0.351ms	AVG: 1.789ms	MAX: 47.609ms	TOTAL: 19364.449ms
P99: 5.162ms	P95: 3.619ms	P50: 1.598ms	SD: 1191.025	RATIO: 3.245%
>>>>> PROC: OSTAT
CALLS: 10713	MIN: 0.181ms	AVG: 1.680ms	MAX: 12.808ms	TOTAL: 17994.459ms
P99: 5.564ms	P95: 3.695ms	P50: 1.486ms	SD: 1119.716	RATIO: 3.015%
+-+-+-+-+-+-+-+-+-+-+-+-+-+-+-+-+-+-+-+-+-+-+-+-+-+-+-+-+-+-+-+-+-+-+-+-+-+
>>>>> VIRTUAL USER 11 : ELAPSED TIME : 595390ms
>>>>> PROC: NEWORD
CALLS: 107403	MIN: 0.467ms	AVG: 2.767ms	MAX: 111.873ms	TOTAL: 297188.918ms
P99: 9.584ms	P95: 5.775ms	P50: 2.401ms	SD: 1889.749	RATIO: 49.915%
>>>>> PROC: PAYMENT
CALLS: 107157	MIN: 0.259ms	AVG: 1.675ms	MAX: 86.542ms	TOTAL: 179463.316ms
P99: 5.079ms	P95: 3.576ms	P50: 1.504ms	SD: 1184.352	RATIO: 30.142%
>>>>> PROC: DELIVERY
CALLS: 10684	MIN: 1.833ms	AVG: 6.356ms	MAX: 47.128ms	TOTAL: 67910.682ms
P99: 20.682ms	P95: 12.955ms	P50: 5.501ms	SD: 3694.345	RATIO: 11.406%
>>>>> PROC: SLEV
CALLS: 10708	MIN: 0.334ms	AVG: 1.808ms	MAX: 95.922ms	TOTAL: 19362.811ms
P99: 5.267ms	P95: 3.674ms	P50: 1.613ms	SD: 1402.614	RATIO: 3.252%
>>>>> PROC: OSTAT
CALLS: 10832	MIN: 0.202ms	AVG: 1.675ms	MAX: 35.537ms	TOTAL: 18138.989ms
P99: 5.437ms	P95: 3.676ms	P50: 1.491ms	SD: 1185.207	RATIO: 3.047%
+-+-+-+-+-+-+-+-+-+-+-+-+-+-+-+-+-+-+-+-+-+-+-+-+-+-+-+-+-+-+-+-+-+-+-+-+-+
>>>>> VIRTUAL USER 12 : ELAPSED TIME : 596413ms
>>>>> PROC: NEWORD
CALLS: 106958	MIN: 0.450ms	AVG: 2.772ms	MAX: 65.891ms	TOTAL: 296477.867ms
P99: 9.535ms	P95: 5.726ms	P50: 2.419ms	SD: 1848.374	RATIO: 49.710%
>>>>> PROC: PAYMENT
CALLS: 107403	MIN: 0.258ms	AVG: 1.678ms	MAX: 27.244ms	TOTAL: 180255.661ms
P99: 5.041ms	P95: 3.549ms	P50: 1.516ms	SD: 1075.063	RATIO: 30.223%
>>>>> PROC: DELIVERY
CALLS: 10901	MIN: 1.791ms	AVG: 6.296ms	MAX: 38.429ms	TOTAL: 68638.045ms
P99: 19.544ms	P95: 12.976ms	P50: 5.461ms	SD: 3594.146	RATIO: 11.508%
>>>>> PROC: SLEV
CALLS: 10774	MIN: 0.313ms	AVG: 1.808ms	MAX: 40.101ms	TOTAL: 19483.619ms
P99: 5.119ms	P95: 3.590ms	P50: 1.617ms	SD: 1168.569	RATIO: 3.267%
>>>>> PROC: OSTAT
CALLS: 10748	MIN: 0.193ms	AVG: 1.678ms	MAX: 60.932ms	TOTAL: 18039.372ms
P99: 5.293ms	P95: 3.631ms	P50: 1.493ms	SD: 1242.728	RATIO: 3.025%
+-+-+-+-+-+-+-+-+-+-+-+-+-+-+-+-+-+-+-+-+-+-+-+-+-+-+-+-+-+-+-+-+-+-+-+-+-+
>>>>> VIRTUAL USER 13 : ELAPSED TIME : 596456ms
>>>>> PROC: NEWORD
CALLS: 107028	MIN: 0.456ms	AVG: 2.781ms	MAX: 158.975ms	TOTAL: 297632.038ms
P99: 9.518ms	P95: 5.745ms	P50: 2.420ms	SD: 1910.229	RATIO: 49.900%
>>>>> PROC: PAYMENT
CALLS: 106687	MIN: 0.255ms	AVG: 1.696ms	MAX: 63.779ms	TOTAL: 180915.800ms
P99: 5.108ms	P95: 3.592ms	P50: 1.521ms	SD: 1148.484	RATIO: 30.332%
>>>>> PROC: DELIVERY
CALLS: 10719	MIN: 1.779ms	AVG: 6.250ms	MAX: 45.742ms	TOTAL: 66998.969ms
P99: 20.964ms	P95: 12.780ms	P50: 5.347ms	SD: 3691.236	RATIO: 11.233%
>>>>> PROC: SLEV
CALLS: 10608	MIN: 0.336ms	AVG: 1.806ms	MAX: 83.708ms	TOTAL: 19153.373ms
P99: 5.177ms	P95: 3.639ms	P50: 1.612ms	SD: 1296.223	RATIO: 3.211%
>>>>> PROC: OSTAT
CALLS: 10718	MIN: 0.052ms	AVG: 1.674ms	MAX: 12.869ms	TOTAL: 17937.070ms
P99: 5.628ms	P95: 3.674ms	P50: 1.486ms	SD: 1123.019	RATIO: 3.007%
+-+-+-+-+-+-+-+-+-+-+-+-+-+-+-+-+-+-+-+-+-+-+-+-+-+-+-+-+-+-+-+-+-+-+-+-+-+
>>>>> SUMMARY OF 12 ACTIVE VIRTUAL USERS : MEDIAN ELAPSED TIME : 598574ms
>>>>> PROC: NEWORD
CALLS: 2596862	MIN: -1.101ms	AVG: 2.756ms	MAX: 158.975ms	TOTAL: 7157577.330ms
P99: 9.521ms	P95: 5.729ms	P50: 2.399ms	SD: 1859.877	RATIO: 99.648%
>>>>> PROC: PAYMENT
CALLS: 2594340	MIN: -1.079ms	AVG: 1.674ms	MAX: 124.225ms	TOTAL: 4345043.590ms
P99: 5.062ms	P95: 3.564ms	P50: 1.506ms	SD: 1141.206	RATIO: 60.492%
>>>>> PROC: DELIVERY
CALLS: 259138	MIN: 1.535ms	AVG: 6.302ms	MAX: 92.444ms	TOTAL: 1633262.539ms
P99: 20.374ms	P95: 12.923ms	P50: 5.442ms	SD: 3668.779	RATIO: 22.738%
>>>>> PROC: SLEV
CALLS: 259290	MIN: -0.894ms	AVG: 1.792ms	MAX: 95.922ms	TOTAL: 464717.353ms
P99: 5.168ms	P95: 3.612ms	P50: 1.602ms	SD: 1161.533	RATIO: 6.470%
>>>>> PROC: OSTAT
CALLS: 259778	MIN: 0.052ms	AVG: 1.673ms	MAX: 96.140ms	TOTAL: 434753.186ms
P99: 5.511ms	P95: 3.668ms	P50: 1.477ms	SD: 1228.205	RATIO: 6.053%
+-+-+-+-+-+-+-+-+-+-+-+-+-+-+-+-+-+-+-+-+-+-+-+-+-+-+-+-+-+-+-+-+-+-+-+-+-+
