Hammerdb Log @ Fri Jun 06 15:50:49 BST 2025
+-+-+-+-+-+-+-+-+-+-+-+-+-+-+-+-+-+-+-+-+-+-
Timestamp 1 @ Fri Jun 06 15:50:49 BST 2025
Vuser 1:Initializing xtprof time profiler
Timestamp 1 @ Fri Jun 06 15:50:50 BST 2025
Vuser 1:DBVersion:16.9
Timestamp 1 @ Fri Jun 06 15:50:50 BST 2025
Vuser 1:Beginning rampup time of 2 minutes
Timestamp 2 @ Fri Jun 06 15:50:50 BST 2025
Vuser 2:Initializing xtprof time profiler
Timestamp 2 @ Fri Jun 06 15:50:50 BST 2025
Vuser 2:Processing 1000000 transactions with output suppressed...
Timestamp 3 @ Fri Jun 06 15:50:50 BST 2025
Vuser 3:Initializing xtprof time profiler
Timestamp 3 @ Fri Jun 06 15:50:51 BST 2025
Vuser 3:Processing 1000000 transactions with output suppressed...
Timestamp 4 @ Fri Jun 06 15:50:51 BST 2025
Vuser 4:Initializing xtprof time profiler
Timestamp 4 @ Fri Jun 06 15:50:51 BST 2025
Vuser 4:Processing 1000000 transactions with output suppressed...
Timestamp 5 @ Fri Jun 06 15:50:51 BST 2025
Vuser 5:Initializing xtprof time profiler
Timestamp 5 @ Fri Jun 06 15:50:52 BST 2025
Vuser 5:Processing 1000000 transactions with output suppressed...
Timestamp 6 @ Fri Jun 06 15:50:52 BST 2025
Vuser 6:Initializing xtprof time profiler
Timestamp 6 @ Fri Jun 06 15:50:52 BST 2025
Vuser 6:Processing 1000000 transactions with output suppressed...
Timestamp 7 @ Fri Jun 06 15:50:53 BST 2025
Vuser 7:Initializing xtprof time profiler
Timestamp 7 @ Fri Jun 06 15:50:53 BST 2025
Vuser 7:Processing 1000000 transactions with output suppressed...
Timestamp 8 @ Fri Jun 06 15:50:53 BST 2025
Vuser 8:Initializing xtprof time profiler
Timestamp 8 @ Fri Jun 06 15:50:53 BST 2025
Vuser 8:Processing 1000000 transactions with output suppressed...
Timestamp 9 @ Fri Jun 06 15:50:54 BST 2025
Vuser 9:Initializing xtprof time profiler
Timestamp 9 @ Fri Jun 06 15:50:54 BST 2025
Vuser 9:Processing 1000000 transactions with output suppressed...
Timestamp 10 @ Fri Jun 06 15:50:54 BST 2025
Vuser 10:Initializing xtprof time profiler
Timestamp 10 @ Fri Jun 06 15:50:54 BST 2025
Vuser 10:Processing 1000000 transactions with output suppressed...
Timestamp 11 @ Fri Jun 06 15:50:55 BST 2025
Vuser 11:Initializing xtprof time profiler
Timestamp 11 @ Fri Jun 06 15:50:55 BST 2025
Vuser 11:Processing 1000000 transactions with output suppressed...
Timestamp 12 @ Fri Jun 06 15:50:55 BST 2025
Vuser 12:Initializing xtprof time profiler
Timestamp 12 @ Fri Jun 06 15:50:55 BST 2025
Vuser 12:Processing 1000000 transactions with output suppressed...
Timestamp 13 @ Fri Jun 06 15:50:56 BST 2025
Vuser 13:Initializing xtprof time profiler
Timestamp 13 @ Fri Jun 06 15:50:56 BST 2025
Vuser 13:Processing 1000000 transactions with output suppressed...
Timestamp 5 @ Fri Jun 06 15:51:19 BST 2025
Vuser 5:Delivery Procedure Error set RAISEERROR for Details
Timestamp 1 @ Fri Jun 06 15:51:50 BST 2025
Vuser 1:Rampup 1 minutes complete ...
Timestamp 7 @ Fri Jun 06 15:52:34 BST 2025
Vuser 7:New Order Procedure Error set RAISEERROR for Details
Timestamp 1 @ Fri Jun 06 15:52:50 BST 2025
Vuser 1:Rampup 2 minutes complete ...
Timestamp 1 @ Fri Jun 06 15:52:50 BST 2025
Vuser 1:Rampup complete, Taking start Transaction Count.
Timestamp 1 @ Fri Jun 06 15:52:50 BST 2025
Vuser 1:Timing test period of 8 in minutes
Timestamp 1 @ Fri Jun 06 15:53:50 BST 2025
Vuser 1:1 ...,
Timestamp 1 @ Fri Jun 06 15:54:52 BST 2025
Vuser 1:2 ...,
Timestamp 1 @ Fri Jun 06 15:55:52 BST 2025
Vuser 1:3 ...,
Timestamp 1 @ Fri Jun 06 15:56:52 BST 2025
Vuser 1:4 ...,
Timestamp 7 @ Fri Jun 06 15:57:15 BST 2025
Vuser 7:Payment Procedure Error set RAISEERROR for Details
Timestamp 1 @ Fri Jun 06 15:57:52 BST 2025
Vuser 1:5 ...,
Timestamp 1 @ Fri Jun 06 15:58:53 BST 2025
Vuser 1:6 ...,
Timestamp 1 @ Fri Jun 06 15:59:53 BST 2025
Vuser 1:7 ...,
Timestamp 1 @ Fri Jun 06 16:00:53 BST 2025
Vuser 1:8 ...,
Timestamp 1 @ Fri Jun 06 16:00:53 BST 2025
Vuser 1:Test complete, Taking end Transaction Count.
Timestamp 1 @ Fri Jun 06 16:00:53 BST 2025
Vuser 1:12 Active Virtual Users configured
Timestamp 1 @ Fri Jun 06 16:00:53 BST 2025
Vuser 1:TEST RESULT : System achieved 135847 NOPM from 312537 PostgreSQL TPM
Timestamp 1 @ Fri Jun 06 16:00:54 BST 2025
Vuser 1:Gathering timing data from Active Virtual Users...
Timestamp 1 @ Fri Jun 06 16:00:57 BST 2025
Vuser 1:Calculating timings...
Timestamp 1 @ Fri Jun 06 16:00:57 BST 2025
Vuser 1:Writing timing data to C:/Users/rodri/AppData/Local/Temp/hdbxtprofile.log
