Hammerdb Log @ Fri Jun 06 16:19:08 BST 2025
+-+-+-+-+-+-+-+-+-+-+-+-+-+-+-+-+-+-+-+-+-+-
Timestamp 1 @ Fri Jun 06 16:19:08 BST 2025
Vuser 1:Initializing xtprof time profiler
Timestamp 1 @ Fri Jun 06 16:19:08 BST 2025
Vuser 1:DBVersion:16.9
Timestamp 1 @ Fri Jun 06 16:19:08 BST 2025
Vuser 1:Beginning rampup time of 2 minutes
Timestamp 2 @ Fri Jun 06 16:19:09 BST 2025
Vuser 2:Initializing xtprof time profiler
Timestamp 2 @ Fri Jun 06 16:19:09 BST 2025
Vuser 2:Processing 1000000 transactions with output suppressed...
Timestamp 3 @ Fri Jun 06 16:19:09 BST 2025
Vuser 3:Initializing xtprof time profiler
Timestamp 3 @ Fri Jun 06 16:19:09 BST 2025
Vuser 3:Processing 1000000 transactions with output suppressed...
Timestamp 1 @ Fri Jun 06 16:20:08 BST 2025
Vuser 1:Rampup 1 minutes complete ...
Timestamp 1 @ Fri Jun 06 16:21:08 BST 2025
Vuser 1:Rampup 2 minutes complete ...
Timestamp 1 @ Fri Jun 06 16:21:08 BST 2025
Vuser 1:Rampup complete, Taking start Transaction Count.
Timestamp 1 @ Fri Jun 06 16:21:08 BST 2025
Vuser 1:Timing test period of 8 in minutes
Timestamp 1 @ Fri Jun 06 16:22:09 BST 2025
Vuser 1:1 ...,
Timestamp 1 @ Fri Jun 06 16:23:09 BST 2025
Vuser 1:2 ...,
Timestamp 1 @ Fri Jun 06 16:24:09 BST 2025
Vuser 1:3 ...,
Timestamp 1 @ Fri Jun 06 16:25:09 BST 2025
Vuser 1:4 ...,
Timestamp 1 @ Fri Jun 06 16:26:09 BST 2025
Vuser 1:5 ...,
Timestamp 1 @ Fri Jun 06 16:27:09 BST 2025
Vuser 1:6 ...,
Timestamp 3 @ Fri Jun 06 16:28:04 BST 2025
Vuser 3:New Order Procedure Error set RAISEERROR for Details
Timestamp 1 @ Fri Jun 06 16:28:09 BST 2025
Vuser 1:7 ...,
Timestamp 1 @ Fri Jun 06 16:29:10 BST 2025
Vuser 1:8 ...,
Timestamp 1 @ Fri Jun 06 16:29:10 BST 2025
Vuser 1:Test complete, Taking end Transaction Count.
Timestamp 1 @ Fri Jun 06 16:29:10 BST 2025
Vuser 1:2 Active Virtual Users configured
Timestamp 1 @ Fri Jun 06 16:29:10 BST 2025
Vuser 1:TEST RESULT : System achieved 55189 NOPM from 127131 PostgreSQL TPM
Timestamp 1 @ Fri Jun 06 16:29:10 BST 2025
Vuser 1:Gathering timing data from Active Virtual Users...
Timestamp 1 @ Fri Jun 06 16:29:12 BST 2025
Vuser 1:Calculating timings...
Timestamp 1 @ Fri Jun 06 16:29:12 BST 2025
Vuser 1:Writing timing data to C:/Users/rodri/AppData/Local/Temp/hdbxtprofile.log
