Hammerdb Log @ Sun Jun 08 14:35:34 BST 2025
+-+-+-+-+-+-+-+-+-+-+-+-+-+-+-+-+-+-+-+-+-+-
Timestamp 1 @ Sun Jun 08 14:35:34 BST 2025
Vuser 1:Initializing xtprof time profiler
Timestamp 1 @ Sun Jun 08 14:35:34 BST 2025
Vuser 1:Ssl_cipher 
Timestamp 1 @ Sun Jun 08 14:35:35 BST 2025
Vuser 1:DBVersion:8.4.5
Timestamp 1 @ Sun Jun 08 14:35:35 BST 2025
Vuser 1:Beginning rampup time of 2 minutes
Timestamp 2 @ Sun Jun 08 14:35:35 BST 2025
Vuser 2:Initializing xtprof time profiler
Timestamp 2 @ Sun Jun 08 14:35:35 BST 2025
Vuser 2:Ssl_cipher 
Timestamp 2 @ Sun Jun 08 14:35:35 BST 2025
Vuser 2:Assigned 5 WIDs = 1 13 25 37 49 based on VU count 12, Warehouses = 5 out of 60
Timestamp 2 @ Sun Jun 08 14:35:35 BST 2025
Vuser 2:Processing 1000000 transactions with output suppressed...
Timestamp 3 @ Sun Jun 08 14:35:35 BST 2025
Vuser 3:Initializing xtprof time profiler
Timestamp 3 @ Sun Jun 08 14:35:35 BST 2025
Vuser 3:Ssl_cipher 
Timestamp 3 @ Sun Jun 08 14:35:36 BST 2025
Vuser 3:Assigned 5 WIDs = 2 14 26 38 50 based on VU count 12, Warehouses = 5 out of 60
Timestamp 3 @ Sun Jun 08 14:35:36 BST 2025
Vuser 3:Processing 1000000 transactions with output suppressed...
Timestamp 4 @ Sun Jun 08 14:35:36 BST 2025
Vuser 4:Initializing xtprof time profiler
Timestamp 4 @ Sun Jun 08 14:35:36 BST 2025
Vuser 4:Ssl_cipher 
Timestamp 4 @ Sun Jun 08 14:35:36 BST 2025
Vuser 4:Assigned 5 WIDs = 3 15 27 39 51 based on VU count 12, Warehouses = 5 out of 60
Timestamp 4 @ Sun Jun 08 14:35:36 BST 2025
Vuser 4:Processing 1000000 transactions with output suppressed...
Timestamp 5 @ Sun Jun 08 14:35:36 BST 2025
Vuser 5:Initializing xtprof time profiler
Timestamp 5 @ Sun Jun 08 14:35:36 BST 2025
Vuser 5:Ssl_cipher 
Timestamp 5 @ Sun Jun 08 14:35:37 BST 2025
Vuser 5:Assigned 5 WIDs = 4 16 28 40 52 based on VU count 12, Warehouses = 5 out of 60
Timestamp 5 @ Sun Jun 08 14:35:37 BST 2025
Vuser 5:Processing 1000000 transactions with output suppressed...
Timestamp 6 @ Sun Jun 08 14:35:37 BST 2025
Vuser 6:Initializing xtprof time profiler
Timestamp 6 @ Sun Jun 08 14:35:37 BST 2025
Vuser 6:Ssl_cipher 
Timestamp 6 @ Sun Jun 08 14:35:37 BST 2025
Vuser 6:Assigned 5 WIDs = 5 17 29 41 53 based on VU count 12, Warehouses = 5 out of 60
Timestamp 6 @ Sun Jun 08 14:35:37 BST 2025
Vuser 6:Processing 1000000 transactions with output suppressed...
Timestamp 7 @ Sun Jun 08 14:35:37 BST 2025
Vuser 7:Initializing xtprof time profiler
Timestamp 7 @ Sun Jun 08 14:35:38 BST 2025
Vuser 7:Ssl_cipher 
Timestamp 7 @ Sun Jun 08 14:35:38 BST 2025
Vuser 7:Assigned 5 WIDs = 6 18 30 42 54 based on VU count 12, Warehouses = 5 out of 60
Timestamp 7 @ Sun Jun 08 14:35:38 BST 2025
Vuser 7:Processing 1000000 transactions with output suppressed...
Timestamp 8 @ Sun Jun 08 14:35:38 BST 2025
Vuser 8:Initializing xtprof time profiler
Timestamp 8 @ Sun Jun 08 14:35:38 BST 2025
Vuser 8:Ssl_cipher 
Timestamp 8 @ Sun Jun 08 14:35:38 BST 2025
Vuser 8:Assigned 5 WIDs = 7 19 31 43 55 based on VU count 12, Warehouses = 5 out of 60
Timestamp 8 @ Sun Jun 08 14:35:38 BST 2025
Vuser 8:Processing 1000000 transactions with output suppressed...
Timestamp 9 @ Sun Jun 08 14:35:39 BST 2025
Vuser 9:Initializing xtprof time profiler
Timestamp 9 @ Sun Jun 08 14:35:39 BST 2025
Vuser 9:Ssl_cipher 
Timestamp 9 @ Sun Jun 08 14:35:39 BST 2025
Vuser 9:Assigned 5 WIDs = 8 20 32 44 56 based on VU count 12, Warehouses = 5 out of 60
Timestamp 9 @ Sun Jun 08 14:35:39 BST 2025
Vuser 9:Processing 1000000 transactions with output suppressed...
Timestamp 10 @ Sun Jun 08 14:35:39 BST 2025
Vuser 10:Initializing xtprof time profiler
Timestamp 10 @ Sun Jun 08 14:35:39 BST 2025
Vuser 10:Ssl_cipher 
Timestamp 10 @ Sun Jun 08 14:35:39 BST 2025
Vuser 10:Assigned 5 WIDs = 9 21 33 45 57 based on VU count 12, Warehouses = 5 out of 60
Timestamp 10 @ Sun Jun 08 14:35:39 BST 2025
Vuser 10:Processing 1000000 transactions with output suppressed...
Timestamp 11 @ Sun Jun 08 14:35:40 BST 2025
Vuser 11:Initializing xtprof time profiler
Timestamp 11 @ Sun Jun 08 14:35:40 BST 2025
Vuser 11:Ssl_cipher 
Timestamp 11 @ Sun Jun 08 14:35:40 BST 2025
Vuser 11:Assigned 5 WIDs = 10 22 34 46 58 based on VU count 12, Warehouses = 5 out of 60
Timestamp 11 @ Sun Jun 08 14:35:40 BST 2025
Vuser 11:Processing 1000000 transactions with output suppressed...
Timestamp 12 @ Sun Jun 08 14:35:40 BST 2025
Vuser 12:Initializing xtprof time profiler
Timestamp 12 @ Sun Jun 08 14:35:40 BST 2025
Vuser 12:Ssl_cipher 
Timestamp 12 @ Sun Jun 08 14:35:40 BST 2025
Vuser 12:Assigned 5 WIDs = 11 23 35 47 59 based on VU count 12, Warehouses = 5 out of 60
Timestamp 12 @ Sun Jun 08 14:35:40 BST 2025
Vuser 12:Processing 1000000 transactions with output suppressed...
Timestamp 13 @ Sun Jun 08 14:35:41 BST 2025
Vuser 13:Initializing xtprof time profiler
Timestamp 13 @ Sun Jun 08 14:35:41 BST 2025
Vuser 13:Ssl_cipher 
Timestamp 13 @ Sun Jun 08 14:35:41 BST 2025
Vuser 13:Assigned 5 WIDs = 12 24 36 48 60 based on VU count 12, Warehouses = 5 out of 60
Timestamp 13 @ Sun Jun 08 14:35:41 BST 2025
Vuser 13:Processing 1000000 transactions with output suppressed...
Timestamp 1 @ Sun Jun 08 14:36:35 BST 2025
Vuser 1:Rampup 1 minutes complete ...
Timestamp 1 @ Sun Jun 08 14:37:35 BST 2025
Vuser 1:Rampup 2 minutes complete ...
Timestamp 1 @ Sun Jun 08 14:37:35 BST 2025
Vuser 1:Rampup complete, Taking start Transaction Count.
Timestamp 1 @ Sun Jun 08 14:37:35 BST 2025
Vuser 1:Timing test period of 8 in minutes
Timestamp 1 @ Sun Jun 08 14:38:35 BST 2025
Vuser 1:1 ...,
Timestamp 1 @ Sun Jun 08 14:39:35 BST 2025
Vuser 1:2 ...,
Timestamp 1 @ Sun Jun 08 14:40:35 BST 2025
Vuser 1:3 ...,
Timestamp 1 @ Sun Jun 08 14:41:35 BST 2025
Vuser 1:4 ...,
Timestamp 1 @ Sun Jun 08 14:42:36 BST 2025
Vuser 1:5 ...,
Timestamp 1 @ Sun Jun 08 14:43:36 BST 2025
Vuser 1:6 ...,
Timestamp 1 @ Sun Jun 08 14:44:36 BST 2025
Vuser 1:7 ...,
Timestamp 1 @ Sun Jun 08 14:45:36 BST 2025
Vuser 1:8 ...,
Timestamp 1 @ Sun Jun 08 14:45:36 BST 2025
Vuser 1:Test complete, Taking end Transaction Count.
Timestamp 1 @ Sun Jun 08 14:45:36 BST 2025
Vuser 1:12 Active Virtual Users configured
Timestamp 1 @ Sun Jun 08 14:45:36 BST 2025
Vuser 1:TEST RESULT : System achieved 59849 NOPM from 138972 MySQL TPM
Timestamp 1 @ Sun Jun 08 14:45:36 BST 2025
Vuser 1:Gathering timing data from Active Virtual Users...
Timestamp 1 @ Sun Jun 08 14:45:38 BST 2025
Vuser 1:Calculating timings...
Timestamp 1 @ Sun Jun 08 14:45:38 BST 2025
Vuser 1:Writing timing data to C:/Users/rodri/AppData/Local/Temp/hdbxtprofile.log
