Hammerdb Log @ Fri Jun 06 15:20:51 BST 2025
+-+-+-+-+-+-+-+-+-+-+-+-+-+-+-+-+-+-+-+-+-+-
Timestamp 1 @ Fri Jun 06 15:20:51 BST 2025
Vuser 1:Initializing xtprof time profiler
Timestamp 1 @ Fri Jun 06 15:20:52 BST 2025
Vuser 1:DBVersion:16.9
Timestamp 1 @ Fri Jun 06 15:20:52 BST 2025
Vuser 1:Beginning rampup time of 2 minutes
Timestamp 2 @ Fri Jun 06 15:20:52 BST 2025
Vuser 2:Initializing xtprof time profiler
Timestamp 2 @ Fri Jun 06 15:20:52 BST 2025
Vuser 2:Processing 1000000 transactions with output suppressed...
Timestamp 3 @ Fri Jun 06 15:20:52 BST 2025
Vuser 3:Initializing xtprof time profiler
Timestamp 3 @ Fri Jun 06 15:20:53 BST 2025
Vuser 3:Processing 1000000 transactions with output suppressed...
Timestamp 4 @ Fri Jun 06 15:20:53 BST 2025
Vuser 4:Initializing xtprof time profiler
Timestamp 4 @ Fri Jun 06 15:20:53 BST 2025
Vuser 4:Processing 1000000 transactions with output suppressed...
Timestamp 5 @ Fri Jun 06 15:20:54 BST 2025
Vuser 5:Initializing xtprof time profiler
Timestamp 5 @ Fri Jun 06 15:20:54 BST 2025
Vuser 5:Processing 1000000 transactions with output suppressed...
Timestamp 2 @ Fri Jun 06 15:21:23 BST 2025
Vuser 2:New Order Procedure Error set RAISEERROR for Details
Timestamp 1 @ Fri Jun 06 15:21:52 BST 2025
Vuser 1:Rampup 1 minutes complete ...
Timestamp 1 @ Fri Jun 06 15:22:52 BST 2025
Vuser 1:Rampup 2 minutes complete ...
Timestamp 1 @ Fri Jun 06 15:22:52 BST 2025
Vuser 1:Rampup complete, Taking start Transaction Count.
Timestamp 1 @ Fri Jun 06 15:22:52 BST 2025
Vuser 1:Timing test period of 8 in minutes
Timestamp 1 @ Fri Jun 06 15:23:52 BST 2025
Vuser 1:1 ...,
Timestamp 1 @ Fri Jun 06 15:24:52 BST 2025
Vuser 1:2 ...,
Timestamp 1 @ Fri Jun 06 15:25:52 BST 2025
Vuser 1:3 ...,
Timestamp 3 @ Fri Jun 06 15:26:46 BST 2025
Vuser 3:New Order Procedure Error set RAISEERROR for Details
Timestamp 1 @ Fri Jun 06 15:26:52 BST 2025
Vuser 1:4 ...,
Timestamp 1 @ Fri Jun 06 15:27:52 BST 2025
Vuser 1:5 ...,
Timestamp 1 @ Fri Jun 06 15:28:53 BST 2025
Vuser 1:6 ...,
Timestamp 1 @ Fri Jun 06 15:29:53 BST 2025
Vuser 1:7 ...,
Timestamp 3 @ Fri Jun 06 15:30:26 BST 2025
Vuser 3:Delivery Procedure Error set RAISEERROR for Details
Timestamp 1 @ Fri Jun 06 15:30:53 BST 2025
Vuser 1:8 ...,
Timestamp 1 @ Fri Jun 06 15:30:53 BST 2025
Vuser 1:Test complete, Taking end Transaction Count.
Timestamp 1 @ Fri Jun 06 15:30:53 BST 2025
Vuser 1:4 Active Virtual Users configured
Timestamp 1 @ Fri Jun 06 15:30:53 BST 2025
Vuser 1:TEST RESULT : System achieved 80882 NOPM from 186318 PostgreSQL TPM
Timestamp 1 @ Fri Jun 06 15:30:53 BST 2025
Vuser 1:Gathering timing data from Active Virtual Users...
Timestamp 1 @ Fri Jun 06 15:30:55 BST 2025
Vuser 1:Calculating timings...
Timestamp 1 @ Fri Jun 06 15:30:55 BST 2025
Vuser 1:Writing timing data to C:/Users/rodri/AppData/Local/Temp/hdbxtprofile.log
