Hammerdb Log @ Sat Jun 07 14:37:10 UTC 2025
+-+-+-+-+-+-+-+-+-+-+-+-+-+-+-+-+-+-+-+-+-+-
Timestamp 1 @ Sat Jun 07 14:37:11 UTC 2025
Vuser 1:Initializing xtprof time profiler
Timestamp 1 @ Sat Jun 07 14:37:11 UTC 2025
Vuser 1:Beginning rampup time of 2 minutes
Timestamp 2 @ Sat Jun 07 14:37:11 UTC 2025
Vuser 2:Initializing xtprof time profiler
Timestamp 2 @ Sat Jun 07 14:37:11 UTC 2025
Vuser 2:Processing 1000000 transactions with output suppressed...
Timestamp 3 @ Sat Jun 07 14:37:12 UTC 2025
Vuser 3:Initializing xtprof time profiler
Timestamp 3 @ Sat Jun 07 14:37:12 UTC 2025
Vuser 3:Processing 1000000 transactions with output suppressed...
Timestamp 4 @ Sat Jun 07 14:37:12 UTC 2025
Vuser 4:Initializing xtprof time profiler
Timestamp 4 @ Sat Jun 07 14:37:12 UTC 2025
Vuser 4:Processing 1000000 transactions with output suppressed...
Timestamp 5 @ Sat Jun 07 14:37:13 UTC 2025
Vuser 5:Initializing xtprof time profiler
Timestamp 5 @ Sat Jun 07 14:37:13 UTC 2025
Vuser 5:Processing 1000000 transactions with output suppressed...
Timestamp 1 @ Sat Jun 07 14:38:11 UTC 2025
Vuser 1:Rampup 1 minutes complete ...
Timestamp 1 @ Sat Jun 07 14:39:11 UTC 2025
Vuser 1:Rampup 2 minutes complete ...
Timestamp 1 @ Sat Jun 07 14:39:11 UTC 2025
Vuser 1:Rampup complete, Taking start Transaction Count.
Timestamp 1 @ Sat Jun 07 14:39:11 UTC 2025
Vuser 1:Timing test period of 8 in minutes
Timestamp 1 @ Sat Jun 07 14:40:11 UTC 2025
Vuser 1:1 ...,
Timestamp 1 @ Sat Jun 07 14:41:11 UTC 2025
Vuser 1:2 ...,
Timestamp 1 @ Sat Jun 07 14:42:11 UTC 2025
Vuser 1:3 ...,
Timestamp 1 @ Sat Jun 07 14:43:11 UTC 2025
Vuser 1:4 ...,
Timestamp 1 @ Sat Jun 07 14:44:11 UTC 2025
Vuser 1:5 ...,
Timestamp 1 @ Sat Jun 07 14:45:11 UTC 2025
Vuser 1:6 ...,
Timestamp 1 @ Sat Jun 07 14:46:11 UTC 2025
Vuser 1:7 ...,
Timestamp 1 @ Sat Jun 07 14:47:11 UTC 2025
Vuser 1:8 ...,
Timestamp 1 @ Sat Jun 07 14:47:11 UTC 2025
Vuser 1:Test complete, Taking end Transaction Count.
Timestamp 1 @ Sat Jun 07 14:47:11 UTC 2025
Vuser 1:4 Active Virtual Users configured
Timestamp 1 @ Sat Jun 07 14:47:11 UTC 2025
Vuser 1:TEST RESULT : System achieved 136086 NOPM from 312726 PostgreSQL TPM
Timestamp 1 @ Sat Jun 07 14:47:11 UTC 2025
Vuser 1:Gathering timing data from Active Virtual Users...
Timestamp 1 @ Sat Jun 07 14:47:21 UTC 2025
Vuser 1:Calculating timings...
Timestamp 1 @ Sat Jun 07 14:47:21 UTC 2025
Vuser 1:Writing timing data to /tmp/hdbxtprofile.log
