Hammerdb Log @ Sat Jun 07 14:25:04 UTC 2025
+-+-+-+-+-+-+-+-+-+-+-+-+-+-+-+-+-+-+-+-+-+-
Timestamp 1 @ Sat Jun 07 14:25:04 UTC 2025
Vuser 1:Initializing xtprof time profiler
Timestamp 1 @ Sat Jun 07 14:25:04 UTC 2025
Vuser 1:Beginning rampup time of 2 minutes
Timestamp 2 @ Sat Jun 07 14:25:05 UTC 2025
Vuser 2:Initializing xtprof time profiler
Timestamp 2 @ Sat Jun 07 14:25:05 UTC 2025
Vuser 2:Processing 1000000 transactions with output suppressed...
Timestamp 3 @ Sat Jun 07 14:25:05 UTC 2025
Vuser 3:Initializing xtprof time profiler
Timestamp 3 @ Sat Jun 07 14:25:05 UTC 2025
Vuser 3:Processing 1000000 transactions with output suppressed...
Timestamp 1 @ Sat Jun 07 14:26:04 UTC 2025
Vuser 1:Rampup 1 minutes complete ...
Timestamp 1 @ Sat Jun 07 14:27:04 UTC 2025
Vuser 1:Rampup 2 minutes complete ...
Timestamp 1 @ Sat Jun 07 14:27:04 UTC 2025
Vuser 1:Rampup complete, Taking start Transaction Count.
Timestamp 1 @ Sat Jun 07 14:27:04 UTC 2025
Vuser 1:Timing test period of 8 in minutes
Timestamp 1 @ Sat Jun 07 14:28:04 UTC 2025
Vuser 1:1 ...,
Timestamp 1 @ Sat Jun 07 14:29:05 UTC 2025
Vuser 1:2 ...,
Timestamp 1 @ Sat Jun 07 14:30:05 UTC 2025
Vuser 1:3 ...,
Timestamp 1 @ Sat Jun 07 14:31:05 UTC 2025
Vuser 1:4 ...,
Timestamp 1 @ Sat Jun 07 14:32:05 UTC 2025
Vuser 1:5 ...,
Timestamp 1 @ Sat Jun 07 14:33:05 UTC 2025
Vuser 1:6 ...,
Timestamp 1 @ Sat Jun 07 14:34:05 UTC 2025
Vuser 1:7 ...,
Timestamp 1 @ Sat Jun 07 14:35:05 UTC 2025
Vuser 1:8 ...,
Timestamp 1 @ Sat Jun 07 14:35:05 UTC 2025
Vuser 1:Test complete, Taking end Transaction Count.
Timestamp 1 @ Sat Jun 07 14:35:05 UTC 2025
Vuser 1:2 Active Virtual Users configured
Timestamp 1 @ Sat Jun 07 14:35:05 UTC 2025
Vuser 1:TEST RESULT : System achieved 81606 NOPM from 187755 PostgreSQL TPM
Timestamp 1 @ Sat Jun 07 14:35:05 UTC 2025
Vuser 1:Gathering timing data from Active Virtual Users...
Timestamp 1 @ Sat Jun 07 14:35:05 UTC 2025
Vuser 1:Calculating timings...
Timestamp 1 @ Sat Jun 07 14:35:05 UTC 2025
Vuser 1:Writing timing data to /tmp/hdbxtprofile.log
