Hammerdb Log @ Sat Jun 07 01:25:00 UTC 2025
+-+-+-+-+-+-+-+-+-+-+-+-+-+-+-+-+-+-+-+-+-+-
Timestamp 1 @ Sat Jun 07 01:25:00 UTC 2025
Vuser 1:Initializing xtprof time profiler
Timestamp 1 @ Sat Jun 07 01:25:00 UTC 2025
Vuser 1:Ssl_cipher 
Timestamp 1 @ Sat Jun 07 01:25:00 UTC 2025
Vuser 1:Beginning rampup time of 2 minutes
Timestamp 2 @ Sat Jun 07 01:25:00 UTC 2025
Vuser 2:Initializing xtprof time profiler
Timestamp 2 @ Sat Jun 07 01:25:00 UTC 2025
Vuser 2:Ssl_cipher 
Timestamp 2 @ Sat Jun 07 01:25:00 UTC 2025
Vuser 2:Processing 1000000 transactions with output suppressed...
Timestamp 3 @ Sat Jun 07 01:25:01 UTC 2025
Vuser 3:Initializing xtprof time profiler
Timestamp 3 @ Sat Jun 07 01:25:01 UTC 2025
Vuser 3:Ssl_cipher 
Timestamp 3 @ Sat Jun 07 01:25:01 UTC 2025
Vuser 3:Processing 1000000 transactions with output suppressed...
Timestamp 4 @ Sat Jun 07 01:25:01 UTC 2025
Vuser 4:Initializing xtprof time profiler
Timestamp 4 @ Sat Jun 07 01:25:01 UTC 2025
Vuser 4:Ssl_cipher 
Timestamp 4 @ Sat Jun 07 01:25:01 UTC 2025
Vuser 4:Processing 1000000 transactions with output suppressed...
Timestamp 5 @ Sat Jun 07 01:25:02 UTC 2025
Vuser 5:Initializing xtprof time profiler
Timestamp 5 @ Sat Jun 07 01:25:02 UTC 2025
Vuser 5:Ssl_cipher 
Timestamp 5 @ Sat Jun 07 01:25:02 UTC 2025
Vuser 5:Processing 1000000 transactions with output suppressed...
Timestamp 6 @ Sat Jun 07 01:25:02 UTC 2025
Vuser 6:Initializing xtprof time profiler
Timestamp 6 @ Sat Jun 07 01:25:02 UTC 2025
Vuser 6:Ssl_cipher 
Timestamp 6 @ Sat Jun 07 01:25:02 UTC 2025
Vuser 6:Processing 1000000 transactions with output suppressed...
Timestamp 7 @ Sat Jun 07 01:25:03 UTC 2025
Vuser 7:Initializing xtprof time profiler
Timestamp 7 @ Sat Jun 07 01:25:03 UTC 2025
Vuser 7:Ssl_cipher 
Timestamp 7 @ Sat Jun 07 01:25:03 UTC 2025
Vuser 7:Processing 1000000 transactions with output suppressed...
Timestamp 8 @ Sat Jun 07 01:25:03 UTC 2025
Vuser 8:Initializing xtprof time profiler
Timestamp 8 @ Sat Jun 07 01:25:03 UTC 2025
Vuser 8:Ssl_cipher 
Timestamp 8 @ Sat Jun 07 01:25:03 UTC 2025
Vuser 8:Processing 1000000 transactions with output suppressed...
Timestamp 9 @ Sat Jun 07 01:25:04 UTC 2025
Vuser 9:Initializing xtprof time profiler
Timestamp 9 @ Sat Jun 07 01:25:04 UTC 2025
Vuser 9:Ssl_cipher 
Timestamp 9 @ Sat Jun 07 01:25:04 UTC 2025
Vuser 9:Processing 1000000 transactions with output suppressed...
Timestamp 10 @ Sat Jun 07 01:25:04 UTC 2025
Vuser 10:Initializing xtprof time profiler
Timestamp 10 @ Sat Jun 07 01:25:04 UTC 2025
Vuser 10:Ssl_cipher 
Timestamp 10 @ Sat Jun 07 01:25:04 UTC 2025
Vuser 10:Processing 1000000 transactions with output suppressed...
Timestamp 11 @ Sat Jun 07 01:25:05 UTC 2025
Vuser 11:Initializing xtprof time profiler
Timestamp 11 @ Sat Jun 07 01:25:05 UTC 2025
Vuser 11:Ssl_cipher 
Timestamp 11 @ Sat Jun 07 01:25:05 UTC 2025
Vuser 11:Processing 1000000 transactions with output suppressed...
Timestamp 12 @ Sat Jun 07 01:25:05 UTC 2025
Vuser 12:Initializing xtprof time profiler
Timestamp 12 @ Sat Jun 07 01:25:05 UTC 2025
Vuser 12:Ssl_cipher 
Timestamp 12 @ Sat Jun 07 01:25:05 UTC 2025
Vuser 12:Processing 1000000 transactions with output suppressed...
Timestamp 13 @ Sat Jun 07 01:25:06 UTC 2025
Vuser 13:Initializing xtprof time profiler
Timestamp 13 @ Sat Jun 07 01:25:06 UTC 2025
Vuser 13:Ssl_cipher 
Timestamp 13 @ Sat Jun 07 01:25:06 UTC 2025
Vuser 13:Processing 1000000 transactions with output suppressed...
Timestamp 1 @ Sat Jun 07 01:26:00 UTC 2025
Vuser 1:Rampup 1 minutes complete ...
Timestamp 1 @ Sat Jun 07 01:27:00 UTC 2025
Vuser 1:Rampup 2 minutes complete ...
Timestamp 1 @ Sat Jun 07 01:27:00 UTC 2025
Vuser 1:Rampup complete, Taking start Transaction Count.
Timestamp 1 @ Sat Jun 07 01:27:00 UTC 2025
Vuser 1:Timing test period of 8 in minutes
Timestamp 1 @ Sat Jun 07 01:28:00 UTC 2025
Vuser 1:1 ...,
Timestamp 1 @ Sat Jun 07 01:29:00 UTC 2025
Vuser 1:2 ...,
Timestamp 1 @ Sat Jun 07 01:30:00 UTC 2025
Vuser 1:3 ...,
Timestamp 1 @ Sat Jun 07 01:31:00 UTC 2025
Vuser 1:4 ...,
Timestamp 1 @ Sat Jun 07 01:32:00 UTC 2025
Vuser 1:5 ...,
Timestamp 1 @ Sat Jun 07 01:33:00 UTC 2025
Vuser 1:6 ...,
Timestamp 1 @ Sat Jun 07 01:34:00 UTC 2025
Vuser 1:7 ...,
Timestamp 1 @ Sat Jun 07 01:35:00 UTC 2025
Vuser 1:8 ...,
Timestamp 1 @ Sat Jun 07 01:35:00 UTC 2025
Vuser 1:Test complete, Taking end Transaction Count.
Timestamp 1 @ Sat Jun 07 01:35:00 UTC 2025
Vuser 1:12 Active Virtual Users configured
Timestamp 1 @ Sat Jun 07 01:35:00 UTC 2025
Vuser 1:TEST RESULT : System achieved 129802 NOPM from 301527 MySQL TPM
Timestamp 1 @ Sat Jun 07 01:35:00 UTC 2025
Vuser 1:Gathering timing data from Active Virtual Users...
Timestamp 1 @ Sat Jun 07 01:35:04 UTC 2025
Vuser 1:Calculating timings...
Timestamp 1 @ Sat Jun 07 01:35:04 UTC 2025
Vuser 1:Writing timing data to /tmp/hdbxtprofile.log
