Hammerdb Log @ Sat Jun 07 23:46:05 UTC 2025
+-+-+-+-+-+-+-+-+-+-+-+-+-+-+-+-+-+-+-+-+-+-
Timestamp 1 @ Sat Jun 07 23:46:05 UTC 2025
Vuser 1:Initializing xtprof time profiler
Timestamp 1 @ Sat Jun 07 23:46:05 UTC 2025
Vuser 1:Ssl_cipher 
Timestamp 1 @ Sat Jun 07 23:46:05 UTC 2025
Vuser 1:Beginning rampup time of 2 minutes
Timestamp 2 @ Sat Jun 07 23:46:06 UTC 2025
Vuser 2:Initializing xtprof time profiler
Timestamp 2 @ Sat Jun 07 23:46:06 UTC 2025
Vuser 2:Ssl_cipher 
Timestamp 2 @ Sat Jun 07 23:46:06 UTC 2025
Vuser 2:Processing 1000000 transactions with output suppressed...
Timestamp 3 @ Sat Jun 07 23:46:06 UTC 2025
Vuser 3:Initializing xtprof time profiler
Timestamp 3 @ Sat Jun 07 23:46:06 UTC 2025
Vuser 3:Ssl_cipher 
Timestamp 3 @ Sat Jun 07 23:46:06 UTC 2025
Vuser 3:Processing 1000000 transactions with output suppressed...
Timestamp 1 @ Sat Jun 07 23:47:05 UTC 2025
Vuser 1:Rampup 1 minutes complete ...
Timestamp 1 @ Sat Jun 07 23:48:05 UTC 2025
Vuser 1:Rampup 2 minutes complete ...
Timestamp 1 @ Sat Jun 07 23:48:05 UTC 2025
Vuser 1:Rampup complete, Taking start Transaction Count.
Timestamp 1 @ Sat Jun 07 23:48:05 UTC 2025
Vuser 1:Timing test period of 8 in minutes
Timestamp 1 @ Sat Jun 07 23:49:05 UTC 2025
Vuser 1:1 ...,
Timestamp 1 @ Sat Jun 07 23:50:05 UTC 2025
Vuser 1:2 ...,
Timestamp 1 @ Sat Jun 07 23:51:05 UTC 2025
Vuser 1:3 ...,
Timestamp 1 @ Sat Jun 07 23:52:05 UTC 2025
Vuser 1:4 ...,
Timestamp 1 @ Sat Jun 07 23:53:05 UTC 2025
Vuser 1:5 ...,
Timestamp 1 @ Sat Jun 07 23:54:05 UTC 2025
Vuser 1:6 ...,
Timestamp 1 @ Sat Jun 07 23:55:05 UTC 2025
Vuser 1:7 ...,
Timestamp 1 @ Sat Jun 07 23:56:05 UTC 2025
Vuser 1:8 ...,
Timestamp 1 @ Sat Jun 07 23:56:05 UTC 2025
Vuser 1:Test complete, Taking end Transaction Count.
Timestamp 1 @ Sat Jun 07 23:56:05 UTC 2025
Vuser 1:2 Active Virtual Users configured
Timestamp 1 @ Sat Jun 07 23:56:05 UTC 2025
Vuser 1:TEST RESULT : System achieved 59907 NOPM from 139049 MariaDB TPM
Timestamp 1 @ Sat Jun 07 23:56:05 UTC 2025
Vuser 1:Gathering timing data from Active Virtual Users...
Timestamp 1 @ Sat Jun 07 23:56:07 UTC 2025
Vuser 1:Calculating timings...
Timestamp 1 @ Sat Jun 07 23:56:07 UTC 2025
Vuser 1:Writing timing data to /tmp/hdbxtprofile.log
