Hammerdb Log @ Mon Jun 09 00:54:10 UTC 2025
+-+-+-+-+-+-+-+-+-+-+-+-+-+-+-+-+-+-+-+-+-+-
Timestamp 1 @ Mon Jun 09 00:54:11 UTC 2025
Vuser 1:Initializing xtprof time profiler
Timestamp 1 @ Mon Jun 09 00:54:11 UTC 2025
Vuser 1:Ssl_cipher 
Timestamp 1 @ Mon Jun 09 00:54:11 UTC 2025
Vuser 1:Beginning rampup time of 2 minutes
Timestamp 2 @ Mon Jun 09 00:54:11 UTC 2025
Vuser 2:Initializing xtprof time profiler
Timestamp 2 @ Mon Jun 09 00:54:11 UTC 2025
Vuser 2:Ssl_cipher 
Timestamp 2 @ Mon Jun 09 00:54:11 UTC 2025
Vuser 2:Processing 1000000 transactions with output suppressed...
Timestamp 3 @ Mon Jun 09 00:54:12 UTC 2025
Vuser 3:Initializing xtprof time profiler
Timestamp 3 @ Mon Jun 09 00:54:12 UTC 2025
Vuser 3:Ssl_cipher 
Timestamp 3 @ Mon Jun 09 00:54:12 UTC 2025
Vuser 3:Processing 1000000 transactions with output suppressed...
Timestamp 4 @ Mon Jun 09 00:54:12 UTC 2025
Vuser 4:Initializing xtprof time profiler
Timestamp 4 @ Mon Jun 09 00:54:12 UTC 2025
Vuser 4:Ssl_cipher 
Timestamp 5 @ Mon Jun 09 00:54:13 UTC 2025
Vuser 5:Initializing xtprof time profiler
Timestamp 4 @ Mon Jun 09 00:54:13 UTC 2025
Vuser 4:Processing 1000000 transactions with output suppressed...
Timestamp 5 @ Mon Jun 09 00:54:13 UTC 2025
Vuser 5:Ssl_cipher 
Timestamp 5 @ Mon Jun 09 00:54:13 UTC 2025
Vuser 5:Processing 1000000 transactions with output suppressed...
Timestamp 1 @ Mon Jun 09 00:55:11 UTC 2025
Vuser 1:Rampup 1 minutes complete ...
Timestamp 1 @ Mon Jun 09 00:56:11 UTC 2025
Vuser 1:Rampup 2 minutes complete ...
Timestamp 1 @ Mon Jun 09 00:56:11 UTC 2025
Vuser 1:Rampup complete, Taking start Transaction Count.
Timestamp 1 @ Mon Jun 09 00:56:11 UTC 2025
Vuser 1:Timing test period of 8 in minutes
Timestamp 1 @ Mon Jun 09 00:57:11 UTC 2025
Vuser 1:1 ...,
Timestamp 1 @ Mon Jun 09 00:58:11 UTC 2025
Vuser 1:2 ...,
Timestamp 1 @ Mon Jun 09 00:59:11 UTC 2025
Vuser 1:3 ...,
Timestamp 1 @ Mon Jun 09 01:00:12 UTC 2025
Vuser 1:4 ...,
Timestamp 1 @ Mon Jun 09 01:01:12 UTC 2025
Vuser 1:5 ...,
Timestamp 1 @ Mon Jun 09 01:02:12 UTC 2025
Vuser 1:6 ...,
Timestamp 1 @ Mon Jun 09 01:03:12 UTC 2025
Vuser 1:7 ...,
Timestamp 1 @ Mon Jun 09 01:04:12 UTC 2025
Vuser 1:8 ...,
Timestamp 1 @ Mon Jun 09 01:04:12 UTC 2025
Vuser 1:Test complete, Taking end Transaction Count.
Timestamp 1 @ Mon Jun 09 01:04:12 UTC 2025
Vuser 1:4 Active Virtual Users configured
Timestamp 1 @ Mon Jun 09 01:04:12 UTC 2025
Vuser 1:TEST RESULT : System achieved 46999 NOPM from 109391 MySQL TPM
Timestamp 1 @ Mon Jun 09 01:04:12 UTC 2025
Vuser 1:Gathering timing data from Active Virtual Users...
Timestamp 1 @ Mon Jun 09 01:04:14 UTC 2025
Vuser 1:Calculating timings...
Timestamp 1 @ Mon Jun 09 01:04:14 UTC 2025
Vuser 1:Writing timing data to /tmp/hdbxtprofile.log
