Hammerdb Log @ Mon Jun 09 01:33:07 UTC 2025
+-+-+-+-+-+-+-+-+-+-+-+-+-+-+-+-+-+-+-+-+-+-
Timestamp 1 @ Mon Jun 09 01:33:08 UTC 2025
Vuser 1:Initializing xtprof time profiler
Timestamp 1 @ Mon Jun 09 01:33:08 UTC 2025
Vuser 1:Ssl_cipher 
Timestamp 1 @ Mon Jun 09 01:33:08 UTC 2025
Vuser 1:Beginning rampup time of 2 minutes
Timestamp 2 @ Mon Jun 09 01:33:08 UTC 2025
Vuser 2:Initializing xtprof time profiler
Timestamp 2 @ Mon Jun 09 01:33:08 UTC 2025
Vuser 2:Ssl_cipher 
Timestamp 2 @ Mon Jun 09 01:33:08 UTC 2025
Vuser 2:Processing 1000000 transactions with output suppressed...
Timestamp 3 @ Mon Jun 09 01:33:09 UTC 2025
Vuser 3:Initializing xtprof time profiler
Timestamp 3 @ Mon Jun 09 01:33:09 UTC 2025
Vuser 3:Ssl_cipher 
Timestamp 3 @ Mon Jun 09 01:33:09 UTC 2025
Vuser 3:Processing 1000000 transactions with output suppressed...
Timestamp 4 @ Mon Jun 09 01:33:09 UTC 2025
Vuser 4:Initializing xtprof time profiler
Timestamp 4 @ Mon Jun 09 01:33:10 UTC 2025
Vuser 4:Ssl_cipher 
Timestamp 4 @ Mon Jun 09 01:33:10 UTC 2025
Vuser 4:Processing 1000000 transactions with output suppressed...
Timestamp 5 @ Mon Jun 09 01:33:10 UTC 2025
Vuser 5:Initializing xtprof time profiler
Timestamp 5 @ Mon Jun 09 01:33:10 UTC 2025
Vuser 5:Ssl_cipher 
Timestamp 5 @ Mon Jun 09 01:33:11 UTC 2025
Vuser 5:Processing 1000000 transactions with output suppressed...
Timestamp 6 @ Mon Jun 09 01:33:11 UTC 2025
Vuser 6:Initializing xtprof time profiler
Timestamp 6 @ Mon Jun 09 01:33:11 UTC 2025
Vuser 6:Ssl_cipher 
Timestamp 6 @ Mon Jun 09 01:33:11 UTC 2025
Vuser 6:Processing 1000000 transactions with output suppressed...
Timestamp 7 @ Mon Jun 09 01:33:11 UTC 2025
Vuser 7:Initializing xtprof time profiler
Timestamp 7 @ Mon Jun 09 01:33:11 UTC 2025
Vuser 7:Ssl_cipher 
Timestamp 7 @ Mon Jun 09 01:33:11 UTC 2025
Vuser 7:Processing 1000000 transactions with output suppressed...
Timestamp 8 @ Mon Jun 09 01:33:12 UTC 2025
Vuser 8:Initializing xtprof time profiler
Timestamp 8 @ Mon Jun 09 01:33:12 UTC 2025
Vuser 8:Ssl_cipher 
Timestamp 8 @ Mon Jun 09 01:33:12 UTC 2025
Vuser 8:Processing 1000000 transactions with output suppressed...
Timestamp 9 @ Mon Jun 09 01:33:12 UTC 2025
Vuser 9:Initializing xtprof time profiler
Timestamp 9 @ Mon Jun 09 01:33:12 UTC 2025
Vuser 9:Ssl_cipher 
Timestamp 9 @ Mon Jun 09 01:33:12 UTC 2025
Vuser 9:Processing 1000000 transactions with output suppressed...
Timestamp 10 @ Mon Jun 09 01:33:13 UTC 2025
Vuser 10:Initializing xtprof time profiler
Timestamp 10 @ Mon Jun 09 01:33:13 UTC 2025
Vuser 10:Ssl_cipher 
Timestamp 10 @ Mon Jun 09 01:33:13 UTC 2025
Vuser 10:Processing 1000000 transactions with output suppressed...
Timestamp 11 @ Mon Jun 09 01:33:13 UTC 2025
Vuser 11:Initializing xtprof time profiler
Timestamp 11 @ Mon Jun 09 01:33:13 UTC 2025
Vuser 11:Ssl_cipher 
Timestamp 11 @ Mon Jun 09 01:33:14 UTC 2025
Vuser 11:Processing 1000000 transactions with output suppressed...
Timestamp 12 @ Mon Jun 09 01:33:14 UTC 2025
Vuser 12:Initializing xtprof time profiler
Timestamp 12 @ Mon Jun 09 01:33:14 UTC 2025
Vuser 12:Ssl_cipher 
Timestamp 12 @ Mon Jun 09 01:33:14 UTC 2025
Vuser 12:Processing 1000000 transactions with output suppressed...
Timestamp 13 @ Mon Jun 09 01:33:14 UTC 2025
Vuser 13:Initializing xtprof time profiler
Timestamp 13 @ Mon Jun 09 01:33:14 UTC 2025
Vuser 13:Ssl_cipher 
Timestamp 13 @ Mon Jun 09 01:33:14 UTC 2025
Vuser 13:Processing 1000000 transactions with output suppressed...
Timestamp 1 @ Mon Jun 09 01:34:08 UTC 2025
Vuser 1:Rampup 1 minutes complete ...
Timestamp 1 @ Mon Jun 09 01:35:08 UTC 2025
Vuser 1:Rampup 2 minutes complete ...
Timestamp 1 @ Mon Jun 09 01:35:08 UTC 2025
Vuser 1:Rampup complete, Taking start Transaction Count.
Timestamp 1 @ Mon Jun 09 01:35:08 UTC 2025
Vuser 1:Timing test period of 8 in minutes
Timestamp 1 @ Mon Jun 09 01:36:08 UTC 2025
Vuser 1:1 ...,
Timestamp 1 @ Mon Jun 09 01:37:09 UTC 2025
Vuser 1:2 ...,
Timestamp 1 @ Mon Jun 09 01:38:09 UTC 2025
Vuser 1:3 ...,
Timestamp 1 @ Mon Jun 09 01:39:09 UTC 2025
Vuser 1:4 ...,
Timestamp 1 @ Mon Jun 09 01:40:09 UTC 2025
Vuser 1:5 ...,
Timestamp 1 @ Mon Jun 09 01:41:09 UTC 2025
Vuser 1:6 ...,
Timestamp 1 @ Mon Jun 09 01:42:09 UTC 2025
Vuser 1:7 ...,
Timestamp 1 @ Mon Jun 09 01:43:09 UTC 2025
Vuser 1:8 ...,
Timestamp 1 @ Mon Jun 09 01:43:09 UTC 2025
Vuser 1:Test complete, Taking end Transaction Count.
Timestamp 1 @ Mon Jun 09 01:43:09 UTC 2025
Vuser 1:12 Active Virtual Users configured
Timestamp 1 @ Mon Jun 09 01:43:09 UTC 2025
Vuser 1:TEST RESULT : System achieved 45986 NOPM from 106631 MySQL TPM
Timestamp 1 @ Mon Jun 09 01:43:09 UTC 2025
Vuser 1:Gathering timing data from Active Virtual Users...
Timestamp 1 @ Mon Jun 09 01:43:15 UTC 2025
Vuser 1:Calculating timings...
Timestamp 1 @ Mon Jun 09 01:43:15 UTC 2025
Vuser 1:Writing timing data to /tmp/hdbxtprofile.log
