Hammerdb Log @ Sun Jun 08 14:40:45 UTC 2025
+-+-+-+-+-+-+-+-+-+-+-+-+-+-+-+-+-+-+-+-+-+-
Timestamp 1 @ Sun Jun 08 14:40:45 UTC 2025
Vuser 1:Initializing xtprof time profiler
Timestamp 1 @ Sun Jun 08 14:40:45 UTC 2025
Vuser 1:Beginning rampup time of 2 minutes
Timestamp 2 @ Sun Jun 08 14:40:46 UTC 2025
Vuser 2:Initializing xtprof time profiler
Timestamp 2 @ Sun Jun 08 14:40:46 UTC 2025
Vuser 2:Processing 1000000 transactions with output suppressed...
Timestamp 3 @ Sun Jun 08 14:40:46 UTC 2025
Vuser 3:Initializing xtprof time profiler
Timestamp 3 @ Sun Jun 08 14:40:46 UTC 2025
Vuser 3:Processing 1000000 transactions with output suppressed...
Timestamp 4 @ Sun Jun 08 14:40:47 UTC 2025
Vuser 4:Initializing xtprof time profiler
Timestamp 4 @ Sun Jun 08 14:40:47 UTC 2025
Vuser 4:Processing 1000000 transactions with output suppressed...
Timestamp 5 @ Sun Jun 08 14:40:47 UTC 2025
Vuser 5:Initializing xtprof time profiler
Timestamp 5 @ Sun Jun 08 14:40:47 UTC 2025
Vuser 5:Processing 1000000 transactions with output suppressed...
Timestamp 6 @ Sun Jun 08 14:40:48 UTC 2025
Vuser 6:Initializing xtprof time profiler
Timestamp 6 @ Sun Jun 08 14:40:48 UTC 2025
Vuser 6:Processing 1000000 transactions with output suppressed...
Timestamp 7 @ Sun Jun 08 14:40:48 UTC 2025
Vuser 7:Initializing xtprof time profiler
Timestamp 7 @ Sun Jun 08 14:40:48 UTC 2025
Vuser 7:Processing 1000000 transactions with output suppressed...
Timestamp 8 @ Sun Jun 08 14:40:49 UTC 2025
Vuser 8:Initializing xtprof time profiler
Timestamp 8 @ Sun Jun 08 14:40:49 UTC 2025
Vuser 8:Processing 1000000 transactions with output suppressed...
Timestamp 9 @ Sun Jun 08 14:40:49 UTC 2025
Vuser 9:Initializing xtprof time profiler
Timestamp 9 @ Sun Jun 08 14:40:50 UTC 2025
Vuser 9:Processing 1000000 transactions with output suppressed...
Timestamp 10 @ Sun Jun 08 14:40:50 UTC 2025
Vuser 10:Initializing xtprof time profiler
Timestamp 10 @ Sun Jun 08 14:40:50 UTC 2025
Vuser 10:Processing 1000000 transactions with output suppressed...
Timestamp 11 @ Sun Jun 08 14:40:50 UTC 2025
Vuser 11:Initializing xtprof time profiler
Timestamp 11 @ Sun Jun 08 14:40:50 UTC 2025
Vuser 11:Processing 1000000 transactions with output suppressed...
Timestamp 12 @ Sun Jun 08 14:40:51 UTC 2025
Vuser 12:Initializing xtprof time profiler
Timestamp 12 @ Sun Jun 08 14:40:51 UTC 2025
Vuser 12:Processing 1000000 transactions with output suppressed...
Timestamp 13 @ Sun Jun 08 14:40:51 UTC 2025
Vuser 13:Initializing xtprof time profiler
Timestamp 13 @ Sun Jun 08 14:40:52 UTC 2025
Vuser 13:Processing 1000000 transactions with output suppressed...
Timestamp 1 @ Sun Jun 08 14:41:46 UTC 2025
Vuser 1:Rampup 1 minutes complete ...
Timestamp 1 @ Sun Jun 08 14:42:47 UTC 2025
Vuser 1:Rampup 2 minutes complete ...
Timestamp 1 @ Sun Jun 08 14:42:47 UTC 2025
Vuser 1:Rampup complete, Taking start Transaction Count.
Timestamp 1 @ Sun Jun 08 14:42:48 UTC 2025
Vuser 1:Timing test period of 8 in minutes
Timestamp 1 @ Sun Jun 08 14:43:49 UTC 2025
Vuser 1:1 ...,
Timestamp 1 @ Sun Jun 08 14:44:49 UTC 2025
Vuser 1:2 ...,
Timestamp 1 @ Sun Jun 08 14:45:50 UTC 2025
Vuser 1:3 ...,
Timestamp 1 @ Sun Jun 08 14:46:51 UTC 2025
Vuser 1:4 ...,
Timestamp 1 @ Sun Jun 08 14:47:52 UTC 2025
Vuser 1:5 ...,
Timestamp 1 @ Sun Jun 08 14:48:52 UTC 2025
Vuser 1:6 ...,
Timestamp 1 @ Sun Jun 08 14:49:53 UTC 2025
Vuser 1:7 ...,
Timestamp 1 @ Sun Jun 08 14:50:54 UTC 2025
Vuser 1:8 ...,
Timestamp 1 @ Sun Jun 08 14:50:54 UTC 2025
Vuser 1:Test complete, Taking end Transaction Count.
Timestamp 1 @ Sun Jun 08 14:50:55 UTC 2025
Vuser 1:12 Active Virtual Users configured
Timestamp 1 @ Sun Jun 08 14:50:56 UTC 2025
Vuser 1:TEST RESULT : System achieved 25285 NOPM from 58157 PostgreSQL TPM
Timestamp 1 @ Sun Jun 08 14:50:59 UTC 2025
Vuser 1:Gathering timing data from Active Virtual Users...
Timestamp 1 @ Sun Jun 08 14:51:01 UTC 2025
Vuser 1:Calculating timings...
Timestamp 1 @ Sun Jun 08 14:51:01 UTC 2025
Vuser 1:Writing timing data to /tmp/hdbxtprofile.log
