Hammerdb Log @ Sun Jun 08 14:22:24 UTC 2025
+-+-+-+-+-+-+-+-+-+-+-+-+-+-+-+-+-+-+-+-+-+-
Timestamp 1 @ Sun Jun 08 14:22:24 UTC 2025
Vuser 1:Initializing xtprof time profiler
Timestamp 1 @ Sun Jun 08 14:22:25 UTC 2025
Vuser 1:Beginning rampup time of 2 minutes
Timestamp 2 @ Sun Jun 08 14:22:25 UTC 2025
Vuser 2:Initializing xtprof time profiler
Timestamp 2 @ Sun Jun 08 14:22:25 UTC 2025
Vuser 2:Processing 1000000 transactions with output suppressed...
Timestamp 3 @ Sun Jun 08 14:22:26 UTC 2025
Vuser 3:Initializing xtprof time profiler
Timestamp 3 @ Sun Jun 08 14:22:26 UTC 2025
Vuser 3:Processing 1000000 transactions with output suppressed...
Timestamp 4 @ Sun Jun 08 14:22:26 UTC 2025
Vuser 4:Initializing xtprof time profiler
Timestamp 4 @ Sun Jun 08 14:22:27 UTC 2025
Vuser 4:Processing 1000000 transactions with output suppressed...
Timestamp 5 @ Sun Jun 08 14:22:27 UTC 2025
Vuser 5:Initializing xtprof time profiler
Timestamp 5 @ Sun Jun 08 14:22:27 UTC 2025
Vuser 5:Processing 1000000 transactions with output suppressed...
Timestamp 6 @ Sun Jun 08 14:22:27 UTC 2025
Vuser 6:Initializing xtprof time profiler
Timestamp 6 @ Sun Jun 08 14:22:28 UTC 2025
Vuser 6:Processing 1000000 transactions with output suppressed...
Timestamp 7 @ Sun Jun 08 14:22:28 UTC 2025
Vuser 7:Initializing xtprof time profiler
Timestamp 7 @ Sun Jun 08 14:22:28 UTC 2025
Vuser 7:Processing 1000000 transactions with output suppressed...
Timestamp 8 @ Sun Jun 08 14:22:28 UTC 2025
Vuser 8:Initializing xtprof time profiler
Timestamp 8 @ Sun Jun 08 14:22:29 UTC 2025
Vuser 8:Processing 1000000 transactions with output suppressed...
Timestamp 9 @ Sun Jun 08 14:22:29 UTC 2025
Vuser 9:Initializing xtprof time profiler
Timestamp 9 @ Sun Jun 08 14:22:29 UTC 2025
Vuser 9:Processing 1000000 transactions with output suppressed...
Timestamp 1 @ Sun Jun 08 14:23:25 UTC 2025
Vuser 1:Rampup 1 minutes complete ...
Timestamp 1 @ Sun Jun 08 14:24:26 UTC 2025
Vuser 1:Rampup 2 minutes complete ...
Timestamp 1 @ Sun Jun 08 14:24:26 UTC 2025
Vuser 1:Rampup complete, Taking start Transaction Count.
Timestamp 1 @ Sun Jun 08 14:24:27 UTC 2025
Vuser 1:Timing test period of 8 in minutes
Timestamp 1 @ Sun Jun 08 14:25:27 UTC 2025
Vuser 1:1 ...,
Timestamp 1 @ Sun Jun 08 14:26:28 UTC 2025
Vuser 1:2 ...,
Timestamp 1 @ Sun Jun 08 14:27:29 UTC 2025
Vuser 1:3 ...,
Timestamp 1 @ Sun Jun 08 14:28:29 UTC 2025
Vuser 1:4 ...,
Timestamp 1 @ Sun Jun 08 14:29:30 UTC 2025
Vuser 1:5 ...,
Timestamp 1 @ Sun Jun 08 14:30:31 UTC 2025
Vuser 1:6 ...,
Timestamp 1 @ Sun Jun 08 14:31:31 UTC 2025
Vuser 1:7 ...,
Timestamp 1 @ Sun Jun 08 14:32:32 UTC 2025
Vuser 1:8 ...,
Timestamp 1 @ Sun Jun 08 14:32:33 UTC 2025
Vuser 1:Test complete, Taking end Transaction Count.
Timestamp 1 @ Sun Jun 08 14:32:34 UTC 2025
Vuser 1:8 Active Virtual Users configured
Timestamp 1 @ Sun Jun 08 14:32:34 UTC 2025
Vuser 1:TEST RESULT : System achieved 41093 NOPM from 94612 PostgreSQL TPM
Timestamp 1 @ Sun Jun 08 14:32:35 UTC 2025
Vuser 1:Gathering timing data from Active Virtual Users...
Timestamp 1 @ Sun Jun 08 14:32:38 UTC 2025
Vuser 1:Calculating timings...
Timestamp 1 @ Sun Jun 08 14:32:38 UTC 2025
Vuser 1:Writing timing data to /tmp/hdbxtprofile.log
