Hammerdb Log @ Mon Jun 09 00:39:43 UTC 2025
+-+-+-+-+-+-+-+-+-+-+-+-+-+-+-+-+-+-+-+-+-+-
Timestamp 1 @ Mon Jun 09 00:39:43 UTC 2025
Vuser 1:Initializing xtprof time profiler
Timestamp 1 @ Mon Jun 09 00:39:43 UTC 2025
Vuser 1:Ssl_cipher 
Timestamp 1 @ Mon Jun 09 00:39:43 UTC 2025
Vuser 1:Beginning rampup time of 2 minutes
Timestamp 2 @ Mon Jun 09 00:39:44 UTC 2025
Vuser 2:Initializing xtprof time profiler
Timestamp 2 @ Mon Jun 09 00:39:44 UTC 2025
Vuser 2:Ssl_cipher 
Timestamp 2 @ Mon Jun 09 00:39:44 UTC 2025
Vuser 2:Processing 1000000 transactions with output suppressed...
Timestamp 3 @ Mon Jun 09 00:39:44 UTC 2025
Vuser 3:Initializing xtprof time profiler
Timestamp 3 @ Mon Jun 09 00:39:44 UTC 2025
Vuser 3:Ssl_cipher 
Timestamp 3 @ Mon Jun 09 00:39:44 UTC 2025
Vuser 3:Processing 1000000 transactions with output suppressed...
Timestamp 1 @ Mon Jun 09 00:40:43 UTC 2025
Vuser 1:Rampup 1 minutes complete ...
Timestamp 1 @ Mon Jun 09 00:41:43 UTC 2025
Vuser 1:Rampup 2 minutes complete ...
Timestamp 1 @ Mon Jun 09 00:41:43 UTC 2025
Vuser 1:Rampup complete, Taking start Transaction Count.
Timestamp 1 @ Mon Jun 09 00:41:44 UTC 2025
Vuser 1:Timing test period of 8 in minutes
Timestamp 1 @ Mon Jun 09 00:42:44 UTC 2025
Vuser 1:1 ...,
Timestamp 1 @ Mon Jun 09 00:43:44 UTC 2025
Vuser 1:2 ...,
Timestamp 1 @ Mon Jun 09 00:44:44 UTC 2025
Vuser 1:3 ...,
Timestamp 1 @ Mon Jun 09 00:45:44 UTC 2025
Vuser 1:4 ...,
Timestamp 1 @ Mon Jun 09 00:46:44 UTC 2025
Vuser 1:5 ...,
Timestamp 1 @ Mon Jun 09 00:47:44 UTC 2025
Vuser 1:6 ...,
Timestamp 1 @ Mon Jun 09 00:48:44 UTC 2025
Vuser 1:7 ...,
Timestamp 1 @ Mon Jun 09 00:49:44 UTC 2025
Vuser 1:8 ...,
Timestamp 1 @ Mon Jun 09 00:49:44 UTC 2025
Vuser 1:Test complete, Taking end Transaction Count.
Timestamp 1 @ Mon Jun 09 00:49:44 UTC 2025
Vuser 1:2 Active Virtual Users configured
Timestamp 1 @ Mon Jun 09 00:49:44 UTC 2025
Vuser 1:TEST RESULT : System achieved 31289 NOPM from 72644 MySQL TPM
Timestamp 1 @ Mon Jun 09 00:49:45 UTC 2025
Vuser 1:Gathering timing data from Active Virtual Users...
Timestamp 1 @ Mon Jun 09 00:49:47 UTC 2025
Vuser 1:Calculating timings...
Timestamp 1 @ Mon Jun 09 00:49:47 UTC 2025
Vuser 1:Writing timing data to /tmp/hdbxtprofile.log
