Hammerdb Log @ Sun Jun 08 15:28:48 UTC 2025
+-+-+-+-+-+-+-+-+-+-+-+-+-+-+-+-+-+-+-+-+-+-
Timestamp 1 @ Sun Jun 08 15:28:49 UTC 2025
Vuser 1:Initializing xtprof time profiler
Timestamp 1 @ Sun Jun 08 15:28:49 UTC 2025
Vuser 1:Ssl_cipher 
Timestamp 1 @ Sun Jun 08 15:28:49 UTC 2025
Vuser 1:Beginning rampup time of 2 minutes
Timestamp 2 @ Sun Jun 08 15:28:49 UTC 2025
Vuser 2:Initializing xtprof time profiler
Timestamp 2 @ Sun Jun 08 15:28:49 UTC 2025
Vuser 2:Ssl_cipher 
Timestamp 2 @ Sun Jun 08 15:28:49 UTC 2025
Vuser 2:Processing 1000000 transactions with output suppressed...
Timestamp 3 @ Sun Jun 08 15:28:50 UTC 2025
Vuser 3:Initializing xtprof time profiler
Timestamp 3 @ Sun Jun 08 15:28:50 UTC 2025
Vuser 3:Ssl_cipher 
Timestamp 3 @ Sun Jun 08 15:28:50 UTC 2025
Vuser 3:Processing 1000000 transactions with output suppressed...
Timestamp 4 @ Sun Jun 08 15:28:50 UTC 2025
Vuser 4:Initializing xtprof time profiler
Timestamp 4 @ Sun Jun 08 15:28:50 UTC 2025
Vuser 4:Ssl_cipher 
Timestamp 4 @ Sun Jun 08 15:28:50 UTC 2025
Vuser 4:Processing 1000000 transactions with output suppressed...
Timestamp 5 @ Sun Jun 08 15:28:51 UTC 2025
Vuser 5:Initializing xtprof time profiler
Timestamp 5 @ Sun Jun 08 15:28:51 UTC 2025
Vuser 5:Ssl_cipher 
Timestamp 5 @ Sun Jun 08 15:28:51 UTC 2025
Vuser 5:Processing 1000000 transactions with output suppressed...
Timestamp 1 @ Sun Jun 08 15:29:49 UTC 2025
Vuser 1:Rampup 1 minutes complete ...
Timestamp 1 @ Sun Jun 08 15:30:49 UTC 2025
Vuser 1:Rampup 2 minutes complete ...
Timestamp 1 @ Sun Jun 08 15:30:49 UTC 2025
Vuser 1:Rampup complete, Taking start Transaction Count.
Timestamp 1 @ Sun Jun 08 15:30:49 UTC 2025
Vuser 1:Timing test period of 8 in minutes
Timestamp 1 @ Sun Jun 08 15:31:49 UTC 2025
Vuser 1:1 ...,
Timestamp 1 @ Sun Jun 08 15:32:50 UTC 2025
Vuser 1:2 ...,
Timestamp 1 @ Sun Jun 08 15:33:50 UTC 2025
Vuser 1:3 ...,
Timestamp 1 @ Sun Jun 08 15:34:50 UTC 2025
Vuser 1:4 ...,
Timestamp 1 @ Sun Jun 08 15:35:50 UTC 2025
Vuser 1:5 ...,
Timestamp 1 @ Sun Jun 08 15:36:50 UTC 2025
Vuser 1:6 ...,
Timestamp 1 @ Sun Jun 08 15:37:50 UTC 2025
Vuser 1:7 ...,
Timestamp 1 @ Sun Jun 08 15:38:51 UTC 2025
Vuser 1:8 ...,
Timestamp 1 @ Sun Jun 08 15:38:51 UTC 2025
Vuser 1:Test complete, Taking end Transaction Count.
Timestamp 1 @ Sun Jun 08 15:38:51 UTC 2025
Vuser 1:4 Active Virtual Users configured
Timestamp 1 @ Sun Jun 08 15:38:51 UTC 2025
Vuser 1:TEST RESULT : System achieved 21589 NOPM from 50216 MariaDB TPM
Timestamp 1 @ Sun Jun 08 15:38:51 UTC 2025
Vuser 1:Gathering timing data from Active Virtual Users...
Timestamp 1 @ Sun Jun 08 15:38:56 UTC 2025
Vuser 1:Calculating timings...
Timestamp 1 @ Sun Jun 08 15:38:56 UTC 2025
Vuser 1:Writing timing data to /tmp/hdbxtprofile.log
