Hammerdb Log @ Sun Jun 08 14:04:10 UTC 2025
+-+-+-+-+-+-+-+-+-+-+-+-+-+-+-+-+-+-+-+-+-+-
Timestamp 1 @ Sun Jun 08 14:04:10 UTC 2025
Vuser 1:Initializing xtprof time profiler
Timestamp 1 @ Sun Jun 08 14:04:10 UTC 2025
Vuser 1:Beginning rampup time of 2 minutes
Timestamp 2 @ Sun Jun 08 14:04:10 UTC 2025
Vuser 2:Initializing xtprof time profiler
Timestamp 2 @ Sun Jun 08 14:04:10 UTC 2025
Vuser 2:Processing 1000000 transactions with output suppressed...
Timestamp 3 @ Sun Jun 08 14:04:11 UTC 2025
Vuser 3:Initializing xtprof time profiler
Timestamp 3 @ Sun Jun 08 14:04:11 UTC 2025
Vuser 3:Processing 1000000 transactions with output suppressed...
Timestamp 4 @ Sun Jun 08 14:04:12 UTC 2025
Vuser 4:Initializing xtprof time profiler
Timestamp 4 @ Sun Jun 08 14:04:12 UTC 2025
Vuser 4:Processing 1000000 transactions with output suppressed...
Timestamp 5 @ Sun Jun 08 14:04:12 UTC 2025
Vuser 5:Initializing xtprof time profiler
Timestamp 5 @ Sun Jun 08 14:04:12 UTC 2025
Vuser 5:Processing 1000000 transactions with output suppressed...
Timestamp 1 @ Sun Jun 08 14:05:10 UTC 2025
Vuser 1:Rampup 1 minutes complete ...
Timestamp 1 @ Sun Jun 08 14:06:10 UTC 2025
Vuser 1:Rampup 2 minutes complete ...
Timestamp 1 @ Sun Jun 08 14:06:10 UTC 2025
Vuser 1:Rampup complete, Taking start Transaction Count.
Timestamp 1 @ Sun Jun 08 14:06:10 UTC 2025
Vuser 1:Timing test period of 8 in minutes
Timestamp 1 @ Sun Jun 08 14:07:11 UTC 2025
Vuser 1:1 ...,
Timestamp 1 @ Sun Jun 08 14:08:11 UTC 2025
Vuser 1:2 ...,
Timestamp 1 @ Sun Jun 08 14:09:11 UTC 2025
Vuser 1:3 ...,
Timestamp 1 @ Sun Jun 08 14:10:11 UTC 2025
Vuser 1:4 ...,
Timestamp 1 @ Sun Jun 08 14:11:11 UTC 2025
Vuser 1:5 ...,
Timestamp 1 @ Sun Jun 08 14:12:12 UTC 2025
Vuser 1:6 ...,
Timestamp 1 @ Sun Jun 08 14:13:12 UTC 2025
Vuser 1:7 ...,
Timestamp 1 @ Sun Jun 08 14:14:13 UTC 2025
Vuser 1:8 ...,
Timestamp 1 @ Sun Jun 08 14:14:13 UTC 2025
Vuser 1:Test complete, Taking end Transaction Count.
Timestamp 1 @ Sun Jun 08 14:14:13 UTC 2025
Vuser 1:4 Active Virtual Users configured
Timestamp 1 @ Sun Jun 08 14:14:14 UTC 2025
Vuser 1:TEST RESULT : System achieved 116515 NOPM from 268261 PostgreSQL TPM
Timestamp 1 @ Sun Jun 08 14:14:14 UTC 2025
Vuser 1:Gathering timing data from Active Virtual Users...
Timestamp 1 @ Sun Jun 08 14:14:27 UTC 2025
Vuser 1:Calculating timings...
Timestamp 1 @ Sun Jun 08 14:14:27 UTC 2025
Vuser 1:Writing timing data to /tmp/hdbxtprofile.log
