Hammerdb Log @ Fri Jun 06 16:06:28 BST 2025
+-+-+-+-+-+-+-+-+-+-+-+-+-+-+-+-+-+-+-+-+-+-
Timestamp 1 @ Fri Jun 06 16:06:28 BST 2025
Vuser 1:Initializing xtprof time profiler
Timestamp 1 @ Fri Jun 06 16:06:28 BST 2025
Vuser 1:DBVersion:16.9
Timestamp 1 @ Fri Jun 06 16:06:28 BST 2025
Vuser 1:Beginning rampup time of 2 minutes
Timestamp 2 @ Fri Jun 06 16:06:29 BST 2025
Vuser 2:Initializing xtprof time profiler
Timestamp 2 @ Fri Jun 06 16:06:29 BST 2025
Vuser 2:Assigned 5 WIDs = 1 13 25 37 49 based on VU count 12, Warehouses = 5 out of 60
Timestamp 2 @ Fri Jun 06 16:06:29 BST 2025
Vuser 2:Processing 1000000 transactions with output suppressed...
Timestamp 3 @ Fri Jun 06 16:06:29 BST 2025
Vuser 3:Initializing xtprof time profiler
Timestamp 3 @ Fri Jun 06 16:06:29 BST 2025
Vuser 3:Assigned 5 WIDs = 2 14 26 38 50 based on VU count 12, Warehouses = 5 out of 60
Timestamp 3 @ Fri Jun 06 16:06:29 BST 2025
Vuser 3:Processing 1000000 transactions with output suppressed...
Timestamp 4 @ Fri Jun 06 16:06:30 BST 2025
Vuser 4:Initializing xtprof time profiler
Timestamp 4 @ Fri Jun 06 16:06:30 BST 2025
Vuser 4:Assigned 5 WIDs = 3 15 27 39 51 based on VU count 12, Warehouses = 5 out of 60
Timestamp 4 @ Fri Jun 06 16:06:30 BST 2025
Vuser 4:Processing 1000000 transactions with output suppressed...
Timestamp 5 @ Fri Jun 06 16:06:30 BST 2025
Vuser 5:Initializing xtprof time profiler
Timestamp 5 @ Fri Jun 06 16:06:30 BST 2025
Vuser 5:Assigned 5 WIDs = 4 16 28 40 52 based on VU count 12, Warehouses = 5 out of 60
Timestamp 5 @ Fri Jun 06 16:06:30 BST 2025
Vuser 5:Processing 1000000 transactions with output suppressed...
Timestamp 6 @ Fri Jun 06 16:06:31 BST 2025
Vuser 6:Initializing xtprof time profiler
Timestamp 6 @ Fri Jun 06 16:06:31 BST 2025
Vuser 6:Assigned 5 WIDs = 5 17 29 41 53 based on VU count 12, Warehouses = 5 out of 60
Timestamp 6 @ Fri Jun 06 16:06:31 BST 2025
Vuser 6:Processing 1000000 transactions with output suppressed...
Timestamp 7 @ Fri Jun 06 16:06:31 BST 2025
Vuser 7:Initializing xtprof time profiler
Timestamp 7 @ Fri Jun 06 16:06:31 BST 2025
Vuser 7:Assigned 5 WIDs = 6 18 30 42 54 based on VU count 12, Warehouses = 5 out of 60
Timestamp 7 @ Fri Jun 06 16:06:31 BST 2025
Vuser 7:Processing 1000000 transactions with output suppressed...
Timestamp 8 @ Fri Jun 06 16:06:32 BST 2025
Vuser 8:Initializing xtprof time profiler
Timestamp 8 @ Fri Jun 06 16:06:32 BST 2025
Vuser 8:Assigned 5 WIDs = 7 19 31 43 55 based on VU count 12, Warehouses = 5 out of 60
Timestamp 8 @ Fri Jun 06 16:06:32 BST 2025
Vuser 8:Processing 1000000 transactions with output suppressed...
Timestamp 9 @ Fri Jun 06 16:06:32 BST 2025
Vuser 9:Initializing xtprof time profiler
Timestamp 9 @ Fri Jun 06 16:06:32 BST 2025
Vuser 9:Assigned 5 WIDs = 8 20 32 44 56 based on VU count 12, Warehouses = 5 out of 60
Timestamp 9 @ Fri Jun 06 16:06:33 BST 2025
Vuser 9:Processing 1000000 transactions with output suppressed...
Timestamp 10 @ Fri Jun 06 16:06:33 BST 2025
Vuser 10:Initializing xtprof time profiler
Timestamp 10 @ Fri Jun 06 16:06:33 BST 2025
Vuser 10:Assigned 5 WIDs = 9 21 33 45 57 based on VU count 12, Warehouses = 5 out of 60
Timestamp 10 @ Fri Jun 06 16:06:33 BST 2025
Vuser 10:Processing 1000000 transactions with output suppressed...
Timestamp 11 @ Fri Jun 06 16:06:33 BST 2025
Vuser 11:Initializing xtprof time profiler
Timestamp 11 @ Fri Jun 06 16:06:34 BST 2025
Vuser 11:Assigned 5 WIDs = 10 22 34 46 58 based on VU count 12, Warehouses = 5 out of 60
Timestamp 11 @ Fri Jun 06 16:06:34 BST 2025
Vuser 11:Processing 1000000 transactions with output suppressed...
Timestamp 12 @ Fri Jun 06 16:06:34 BST 2025
Vuser 12:Initializing xtprof time profiler
Timestamp 12 @ Fri Jun 06 16:06:34 BST 2025
Vuser 12:Assigned 5 WIDs = 11 23 35 47 59 based on VU count 12, Warehouses = 5 out of 60
Timestamp 12 @ Fri Jun 06 16:06:34 BST 2025
Vuser 12:Processing 1000000 transactions with output suppressed...
Timestamp 13 @ Fri Jun 06 16:06:34 BST 2025
Vuser 13:Initializing xtprof time profiler
Timestamp 13 @ Fri Jun 06 16:06:35 BST 2025
Vuser 13:Assigned 5 WIDs = 12 24 36 48 60 based on VU count 12, Warehouses = 5 out of 60
Timestamp 13 @ Fri Jun 06 16:06:35 BST 2025
Vuser 13:Processing 1000000 transactions with output suppressed...
Timestamp 1 @ Fri Jun 06 16:07:31 BST 2025
Vuser 1:Rampup 1 minutes complete ...
Timestamp 1 @ Fri Jun 06 16:08:31 BST 2025
Vuser 1:Rampup 2 minutes complete ...
Timestamp 1 @ Fri Jun 06 16:08:31 BST 2025
Vuser 1:Rampup complete, Taking start Transaction Count.
Timestamp 1 @ Fri Jun 06 16:08:31 BST 2025
Vuser 1:Timing test period of 8 in minutes
Timestamp 1 @ Fri Jun 06 16:09:31 BST 2025
Vuser 1:1 ...,
Timestamp 1 @ Fri Jun 06 16:10:32 BST 2025
Vuser 1:2 ...,
Timestamp 1 @ Fri Jun 06 16:11:32 BST 2025
Vuser 1:3 ...,
Timestamp 1 @ Fri Jun 06 16:12:32 BST 2025
Vuser 1:4 ...,
Timestamp 1 @ Fri Jun 06 16:13:33 BST 2025
Vuser 1:5 ...,
Timestamp 1 @ Fri Jun 06 16:14:33 BST 2025
Vuser 1:6 ...,
Timestamp 1 @ Fri Jun 06 16:15:36 BST 2025
Vuser 1:7 ...,
Timestamp 1 @ Fri Jun 06 16:16:36 BST 2025
Vuser 1:8 ...,
Timestamp 1 @ Fri Jun 06 16:16:36 BST 2025
Vuser 1:Test complete, Taking end Transaction Count.
Timestamp 1 @ Fri Jun 06 16:16:37 BST 2025
Vuser 1:12 Active Virtual Users configured
Timestamp 1 @ Fri Jun 06 16:16:37 BST 2025
Vuser 1:TEST RESULT : System achieved 66493 NOPM from 152000 PostgreSQL TPM
Timestamp 1 @ Fri Jun 06 16:16:37 BST 2025
Vuser 1:Gathering timing data from Active Virtual Users...
Timestamp 1 @ Fri Jun 06 16:16:40 BST 2025
Vuser 1:Calculating timings...
Timestamp 1 @ Fri Jun 06 16:16:40 BST 2025
Vuser 1:Writing timing data to C:/Users/rodri/AppData/Local/Temp/hdbxtprofile.log
